TN:
SF:lib/utils.js
FN:16,updateObject
FN:32,isValidObject
FN:47,extractSubobjectByKeys
FN:49,anonymous_3
FN:34,anonymous_4
FNDA:4,updateObject
FNDA:3,isValidObject
FNDA:32,extractSubobjectByKeys
FNDA:37,anonymous_3
FNDA:5,anonymous_4
FNF:5
FNH:5
BRDA:1,0,0,2
BRDA:16,1,0,1
BRDA:17,2,0,4
BRDA:18,3,0,3
BRDA:32,4,0,3
BRDA:33,5,0,2
BRDA:33,6,0,2
BRDA:35,7,0,1
BRDA:47,8,0,32
BRDA:49,9,0,37
BRDA:34,10,0,5
BRF:11
BRH:11
DA:1,2
DA:2,2
DA:3,2
DA:4,2
DA:5,2
DA:6,2
DA:7,2
DA:8,2
DA:9,2
DA:10,2
DA:11,2
DA:12,2
DA:13,2
DA:14,2
DA:15,2
DA:16,2
DA:17,1
DA:18,4
DA:19,3
DA:20,3
DA:21,4
DA:22,1
DA:23,2
DA:24,2
DA:25,2
DA:26,2
DA:27,2
DA:28,2
DA:29,2
DA:30,2
DA:31,2
DA:32,2
DA:33,3
DA:34,2
DA:35,2
DA:36,1
DA:37,3
DA:38,2
DA:39,2
DA:40,2
DA:41,2
DA:42,2
DA:43,2
DA:44,2
DA:45,2
DA:46,2
DA:47,2
DA:48,32
DA:49,32
DA:50,37
DA:51,37
DA:52,37
DA:53,32
DA:54,32
DA:55,32
LH:55
LF:55
end_of_record
SF:lib/weather.js
FN:25,<instance_members_initializer>
FN:44,Weather
FN:63,filterItemByDatetimeVal
FN:66,anonymous_3
FN:87,setItemByDatetimeVal
FN:123,updateItemByDatetimeVal
FN:159,validateParamDate
FN:216,validateParamUnitGroup
FN:239,validateParamInclude
FN:274,validateParamElements
FN:337,fetchWeatherData
FN:373,anonymous_11
FN:375,anonymous_12
FN:380,anonymous_13
FN:381,anonymous_14
FN:407,clearWeatherData
FN:421,getWeatherData
FN:444,setWeatherData
FN:458,getWeatherDailyData
FN:461,anonymous_19
FN:481,setWeatherDailyData
FN:495,getWeatherHourlyData
FN:497,anonymous_22
FN:499,anonymous_23
FN:521,getDataOnDay
FN:526,anonymous_25
FN:559,setDataOnDay
FN:594,getHourlyDataOnDay
FN:598,anonymous_28
FN:609,anonymous_29
FN:611,anonymous_30
FN:635,setHourlyDataOnDay
FN:671,getDataAtDatetime
FN:700,setDataAtDatetime
FN:722,updateDataAtDatetime
FN:744,getDatetimeEpochAtDatetime
FN:766,setDatetimeEpochAtDatetime
FN:785,getDailyDatetimes
FN:786,anonymous_38
FN:798,getHourlyDatetimes
FN:799,anonymous_40
FN:800,anonymous_41
FN:813,getLatitude
FN:827,setLatitude
FN:843,getLongitude
FN:857,setLongitude
FN:873,getResolvedAddress
FN:886,setResolvedAddress
FN:899,getAddress
FN:912,setAddress
FN:925,getTimezone
FN:938,setTimezone
FN:951,getTzoffset
FN:964,setTzoffset
FN:977,getQueryCost
FN:990,setQueryCost
FN:1003,getStations
FN:1016,setStations
FN:1030,getTempOnDay
FN:1033,anonymous_59
FN:1061,setTempOnDay
FN:1064,anonymous_61
FN:1091,getTempmaxOnDay
FN:1094,anonymous_63
FN:1122,setTempmaxOnDay
FN:1156,getTempminOnDay
FN:1159,anonymous_66
FN:1187,setTempminOnDay
FN:1221,getFeelslikeOnDay
FN:1224,anonymous_69
FN:1252,setFeelslikeOnDay
FN:1286,getFeelslikemaxOnDay
FN:1289,anonymous_72
FN:1317,setFeelslikemaxOnDay
FN:1351,getFeelslikeminOnDay
FN:1354,anonymous_75
FN:1382,setFeelslikeminOnDay
FN:1416,getDewOnDay
FN:1419,anonymous_78
FN:1447,setDewOnDay
FN:1481,getHumidityOnDay
FN:1484,anonymous_81
FN:1512,setHumidityOnDay
FN:1546,getPrecipOnDay
FN:1549,anonymous_84
FN:1577,setPrecipOnDay
FN:1611,getPrecipprobOnDay
FN:1614,anonymous_87
FN:1642,setPrecipprobOnDay
FN:1676,getPrecipcoverOnDay
FN:1679,anonymous_90
FN:1707,setPrecipcoverOnDay
FN:1741,getPreciptypeOnDay
FN:1744,anonymous_93
FN:1772,setPreciptypeOnDay
FN:1806,getSnowOnDay
FN:1809,anonymous_96
FN:1837,setSnowOnDay
FN:1871,getSnowdepthOnDay
FN:1874,anonymous_99
FN:1902,setSnowdepthOnDay
FN:1936,getWindgustOnDay
FN:1939,anonymous_102
FN:1967,setWindgustOnDay
FN:2001,getWindspeedOnDay
FN:2004,anonymous_105
FN:2032,setWindspeedOnDay
FN:2066,getWinddirOnDay
FN:2069,anonymous_108
FN:2097,setWinddirOnDay
FN:2131,getPressureOnDay
FN:2134,anonymous_111
FN:2162,setPressureOnDay
FN:2196,getCloudcoverOnDay
FN:2199,anonymous_114
FN:2227,setCloudcoverOnDay
FN:2261,getVisibilityOnDay
FN:2264,anonymous_117
FN:2292,setVisibilityOnDay
FN:2326,getSolarradiationOnDay
FN:2329,anonymous_120
FN:2357,setSolarradiationOnDay
FN:2391,getSolarenergyOnDay
FN:2394,anonymous_123
FN:2422,setSolarenergyOnDay
FN:2456,getUvindexOnDay
FN:2459,anonymous_126
FN:2487,setUvindexOnDay
FN:2521,getSevereriskOnDay
FN:2524,anonymous_129
FN:2552,setSevereriskOnDay
FN:2586,getStationsOnDay
FN:2589,anonymous_132
FN:2615,setStationsOnDay
FN:2649,getSunriseOnDay
FN:2652,anonymous_135
FN:2678,setSunriseOnDay
FN:2712,getSunriseEpochOnDay
FN:2715,anonymous_138
FN:2743,setSunriseEpochOnDay
FN:2777,getSunsetOnDay
FN:2780,anonymous_141
FN:2806,setSunsetOnDay
FN:2840,getSunsetEpochOnDay
FN:2843,anonymous_144
FN:2871,setSunsetEpochOnDay
FN:2905,getMoonphaseOnDay
FN:2908,anonymous_147
FN:2936,setMoonphaseOnDay
FN:2970,getConditionsOnDay
FN:2973,anonymous_150
FN:2999,setConditionsOnDay
FN:3033,getDescriptionOnDay
FN:3036,anonymous_153
FN:3062,setDescriptionOnDay
FN:3096,getIconOnDay
FN:3099,anonymous_156
FN:3125,setIconOnDay
FN:3160,getTempAtDatetime
FN:3186,setTempAtDatetime
FN:3207,getFeelsLikeAtDatetime
FN:3233,setFeelsLikeAtDatetime
FN:3254,getDewAtDatetime
FN:3280,setDewAtDatetime
FN:3301,getHumidityAtDatetime
FN:3327,setHumidityAtDatetime
FN:3348,getPrecipAtDatetime
FN:3374,setPrecipAtDatetime
FN:3395,getPrecipProbAtDatetime
FN:3421,setPrecipProbAtDatetime
FN:3442,getPreciptypeAtDatetime
FN:3468,setPreciptypeAtDatetime
FN:3489,getSnowAtDatetime
FN:3515,setSnowAtDatetime
FN:3536,getSnowDepthAtDatetime
FN:3562,setSnowDepthAtDatetime
FN:3583,getWindgustAtDatetime
FN:3609,setWindgustAtDatetime
FN:3630,getWindspeedAtDatetime
FN:3656,setWindspeedAtDatetime
FN:3677,getWinddirAtDatetime
FN:3703,setWinddirAtDatetime
FN:3724,getPressureAtDatetime
FN:3750,setPressureAtDatetime
FN:3771,getCloudcoverAtDatetime
FN:3797,setCloudcoverAtDatetime
FN:3818,getVisibilityAtDatetime
FN:3844,setVisibilityAtDatetime
FN:3865,getSolarradiationAtDatetime
FN:3891,setSolarradiationAtDatetime
FN:3912,getSolarenergyAtDatetime
FN:3938,setSolarenergyAtDatetime
FN:3959,getUvindexAtDatetime
FN:3985,setUvindexAtDatetime
FN:4006,getSevereriskAtDatetime
FN:4032,setSevereriskAtDatetime
FN:4053,getStationsAtDatetime
FN:4079,setStationsAtDatetime
FN:4102,getSourceAtDatetime
FN:4128,setSourceAtDatetime
FN:4149,getConditionsAtDatetime
FN:4175,setConditionsAtDatetime
FN:4196,getIconAtDatetime
FN:4222,setIconAtDatetime
FNDA:83,<instance_members_initializer>
FNDA:83,Weather
FNDA:416,filterItemByDatetimeVal
FNDA:685,anonymous_3
FNDA:5,setItemByDatetimeVal
FNDA:5,updateItemByDatetimeVal
FNDA:20,validateParamDate
FNDA:6,validateParamUnitGroup
FNDA:7,validateParamInclude
FNDA:7,validateParamElements
FNDA:7,fetchWeatherData
FNDA:3,anonymous_11
FNDA:3,anonymous_12
FNDA:4,anonymous_13
FNDA:3,anonymous_14
FNDA:1,clearWeatherData
FNDA:4,getWeatherData
FNDA:75,setWeatherData
FNDA:4,getWeatherDailyData
FNDA:2,anonymous_19
FNDA:1,setWeatherDailyData
FNDA:3,getWeatherHourlyData
FNDA:3,anonymous_22
FNDA:25,anonymous_23
FNDA:7,getDataOnDay
FNDA:3,anonymous_25
FNDA:3,setDataOnDay
FNDA:8,getHourlyDataOnDay
FNDA:4,anonymous_28
FNDA:24,anonymous_29
FNDA:24,anonymous_30
FNDA:3,setHourlyDataOnDay
FNDA:4,getDataAtDatetime
FNDA:2,setDataAtDatetime
FNDA:2,updateDataAtDatetime
FNDA:3,getDatetimeEpochAtDatetime
FNDA:3,setDatetimeEpochAtDatetime
FNDA:1,getDailyDatetimes
FNDA:1,anonymous_38
FNDA:1,getHourlyDatetimes
FNDA:1,anonymous_40
FNDA:24,anonymous_41
FNDA:1,getLatitude
FNDA:2,setLatitude
FNDA:1,getLongitude
FNDA:2,setLongitude
FNDA:1,getResolvedAddress
FNDA:1,setResolvedAddress
FNDA:1,getAddress
FNDA:1,setAddress
FNDA:1,getTimezone
FNDA:1,setTimezone
FNDA:1,getTzoffset
FNDA:1,setTzoffset
FNDA:2,getQueryCost
FNDA:2,setQueryCost
FNDA:2,getStations
FNDA:2,setStations
FNDA:4,getTempOnDay
FNDA:2,anonymous_59
FNDA:3,setTempOnDay
FNDA:1,anonymous_61
FNDA:4,getTempmaxOnDay
FNDA:2,anonymous_63
FNDA:3,setTempmaxOnDay
FNDA:4,getTempminOnDay
FNDA:2,anonymous_66
FNDA:3,setTempminOnDay
FNDA:4,getFeelslikeOnDay
FNDA:2,anonymous_69
FNDA:3,setFeelslikeOnDay
FNDA:4,getFeelslikemaxOnDay
FNDA:2,anonymous_72
FNDA:3,setFeelslikemaxOnDay
FNDA:4,getFeelslikeminOnDay
FNDA:2,anonymous_75
FNDA:3,setFeelslikeminOnDay
FNDA:4,getDewOnDay
FNDA:2,anonymous_78
FNDA:3,setDewOnDay
FNDA:4,getHumidityOnDay
FNDA:2,anonymous_81
FNDA:3,setHumidityOnDay
FNDA:4,getPrecipOnDay
FNDA:2,anonymous_84
FNDA:3,setPrecipOnDay
FNDA:4,getPrecipprobOnDay
FNDA:2,anonymous_87
FNDA:3,setPrecipprobOnDay
FNDA:4,getPrecipcoverOnDay
FNDA:2,anonymous_90
FNDA:3,setPrecipcoverOnDay
FNDA:4,getPreciptypeOnDay
FNDA:2,anonymous_93
FNDA:3,setPreciptypeOnDay
FNDA:4,getSnowOnDay
FNDA:2,anonymous_96
FNDA:3,setSnowOnDay
FNDA:4,getSnowdepthOnDay
FNDA:2,anonymous_99
FNDA:3,setSnowdepthOnDay
FNDA:4,getWindgustOnDay
FNDA:2,anonymous_102
FNDA:3,setWindgustOnDay
FNDA:4,getWindspeedOnDay
FNDA:2,anonymous_105
FNDA:3,setWindspeedOnDay
FNDA:4,getWinddirOnDay
FNDA:2,anonymous_108
FNDA:3,setWinddirOnDay
FNDA:4,getPressureOnDay
FNDA:2,anonymous_111
FNDA:3,setPressureOnDay
FNDA:4,getCloudcoverOnDay
FNDA:2,anonymous_114
FNDA:3,setCloudcoverOnDay
FNDA:4,getVisibilityOnDay
FNDA:2,anonymous_117
FNDA:3,setVisibilityOnDay
FNDA:4,getSolarradiationOnDay
FNDA:2,anonymous_120
FNDA:3,setSolarradiationOnDay
FNDA:4,getSolarenergyOnDay
FNDA:2,anonymous_123
FNDA:3,setSolarenergyOnDay
FNDA:4,getUvindexOnDay
FNDA:2,anonymous_126
FNDA:3,setUvindexOnDay
FNDA:4,getSevereriskOnDay
FNDA:2,anonymous_129
FNDA:3,setSevereriskOnDay
FNDA:4,getStationsOnDay
FNDA:2,anonymous_132
FNDA:3,setStationsOnDay
FNDA:4,getSunriseOnDay
FNDA:2,anonymous_135
FNDA:3,setSunriseOnDay
FNDA:4,getSunriseEpochOnDay
FNDA:2,anonymous_138
FNDA:3,setSunriseEpochOnDay
FNDA:4,getSunsetOnDay
FNDA:2,anonymous_141
FNDA:3,setSunsetOnDay
FNDA:4,getSunsetEpochOnDay
FNDA:2,anonymous_144
FNDA:3,setSunsetEpochOnDay
FNDA:4,getMoonphaseOnDay
FNDA:2,anonymous_147
FNDA:3,setMoonphaseOnDay
FNDA:4,getConditionsOnDay
FNDA:2,anonymous_150
FNDA:3,setConditionsOnDay
FNDA:4,getDescriptionOnDay
FNDA:2,anonymous_153
FNDA:3,setDescriptionOnDay
FNDA:4,getIconOnDay
FNDA:2,anonymous_156
FNDA:3,setIconOnDay
FNDA:6,getTempAtDatetime
FNDA:4,setTempAtDatetime
FNDA:6,getFeelsLikeAtDatetime
FNDA:4,setFeelsLikeAtDatetime
FNDA:6,getDewAtDatetime
FNDA:4,setDewAtDatetime
FNDA:6,getHumidityAtDatetime
FNDA:4,setHumidityAtDatetime
FNDA:6,getPrecipAtDatetime
FNDA:4,setPrecipAtDatetime
FNDA:6,getPrecipProbAtDatetime
FNDA:4,setPrecipProbAtDatetime
FNDA:6,getPreciptypeAtDatetime
FNDA:4,setPreciptypeAtDatetime
FNDA:6,getSnowAtDatetime
FNDA:4,setSnowAtDatetime
FNDA:6,getSnowDepthAtDatetime
FNDA:4,setSnowDepthAtDatetime
FNDA:6,getWindgustAtDatetime
FNDA:4,setWindgustAtDatetime
FNDA:6,getWindspeedAtDatetime
FNDA:4,setWindspeedAtDatetime
FNDA:6,getWinddirAtDatetime
FNDA:4,setWinddirAtDatetime
FNDA:6,getPressureAtDatetime
FNDA:4,setPressureAtDatetime
FNDA:6,getCloudcoverAtDatetime
FNDA:4,setCloudcoverAtDatetime
FNDA:6,getVisibilityAtDatetime
FNDA:4,setVisibilityAtDatetime
FNDA:6,getSolarradiationAtDatetime
FNDA:4,setSolarradiationAtDatetime
FNDA:6,getSolarenergyAtDatetime
FNDA:4,setSolarenergyAtDatetime
FNDA:6,getUvindexAtDatetime
FNDA:4,setUvindexAtDatetime
FNDA:6,getSevereriskAtDatetime
FNDA:4,setSevereriskAtDatetime
FNDA:6,getStationsAtDatetime
FNDA:4,setStationsAtDatetime
FNDA:6,getSourceAtDatetime
FNDA:4,setSourceAtDatetime
FNDA:6,getConditionsAtDatetime
FNDA:4,setConditionsAtDatetime
FNDA:6,getIconAtDatetime
FNDA:4,setIconAtDatetime
FNF:204
FNH:204
BRDA:1,0,0,1
BRDA:25,1,0,83
BRDA:44,2,0,83
BRDA:63,3,0,416
BRDA:65,4,0,156
BRDA:66,5,0,47
BRDA:67,6,0,260
BRDA:69,7,0,160
BRDA:70,8,0,0
BRDA:71,9,0,100
BRDA:66,10,0,685
BRDA:87,11,0,5
BRDA:89,12,0,4
BRDA:89,13,0,1
BRDA:91,14,0,4
BRDA:93,15,0,2
BRDA:102,16,0,1
BRDA:123,17,0,5
BRDA:125,18,0,4
BRDA:125,19,0,1
BRDA:127,20,0,4
BRDA:129,21,0,2
BRDA:139,22,0,1
BRDA:159,23,0,20
BRDA:160,24,0,18
BRDA:174,25,0,9
BRDA:176,26,0,8
BRDA:177,27,0,7
BRDA:179,28,0,6
BRDA:181,29,0,13
BRDA:183,30,0,5
BRDA:186,31,0,1
BRDA:188,32,0,4
BRDA:191,33,0,1
BRDA:193,34,0,3
BRDA:197,35,0,2
BRDA:199,36,0,1
BRDA:216,37,0,6
BRDA:217,38,0,5
BRDA:218,39,0,4
BRDA:220,40,0,1
BRDA:224,41,0,1
BRDA:239,42,0,3
BRDA:240,43,0,7
BRDA:241,44,0,6
BRDA:254,45,0,1
BRDA:257,46,0,1
BRDA:261,47,0,1
BRDA:274,48,0,3
BRDA:275,49,0,7
BRDA:276,50,0,6
BRDA:312,51,0,1
BRDA:315,52,0,1
BRDA:319,53,0,1
BRDA:337,54,0,7
BRDA:339,55,0,1
BRDA:341,56,0,6
BRDA:343,57,0,1
BRDA:345,58,0,5
BRDA:358,59,0,4
BRDA:358,60,0,1
BRDA:360,61,0,5
BRDA:362,62,0,2
BRDA:365,63,0,1
BRDA:371,64,0,3
BRDA:394,65,0,3
BRDA:373,66,0,3
BRDA:375,67,0,3
BRDA:380,68,0,4
BRDA:381,69,0,3
BRDA:382,70,0,2
BRDA:384,71,0,1
BRDA:407,72,0,1
BRDA:421,73,0,4
BRDA:423,74,0,2
BRDA:430,75,0,1
BRDA:444,76,0,75
BRDA:458,77,0,4
BRDA:460,78,0,2
BRDA:467,79,0,1
BRDA:461,80,0,2
BRDA:481,81,0,1
BRDA:495,82,0,3
BRDA:498,83,0,2
BRDA:500,84,0,1
BRDA:505,85,0,1
BRDA:497,86,0,3
BRDA:499,87,0,25
BRDA:521,88,0,7
BRDA:525,89,0,3
BRDA:527,90,0,4
BRDA:529,91,0,3
BRDA:531,92,0,1
BRDA:534,93,0,6
BRDA:536,94,0,1
BRDA:538,95,0,5
BRDA:543,96,0,1
BRDA:526,97,0,3
BRDA:559,98,0,3
BRDA:561,99,0,1
BRDA:568,100,0,2
BRDA:570,101,0,1
BRDA:577,102,0,1
BRDA:594,103,0,8
BRDA:597,104,0,4
BRDA:598,105,0,3
BRDA:598,106,0,1
BRDA:599,107,0,4
BRDA:601,108,0,3
BRDA:602,109,0,2
BRDA:602,110,0,1
BRDA:603,111,0,1
BRDA:606,112,0,7
BRDA:608,113,0,1
BRDA:616,114,0,6
BRDA:619,115,0,1
BRDA:598,116,0,4
BRDA:609,117,0,24
BRDA:611,118,0,24
BRDA:635,119,0,3
BRDA:637,120,0,1
BRDA:644,121,0,2
BRDA:646,122,0,1
BRDA:653,123,0,1
BRDA:671,124,0,4
BRDA:676,125,0,1
BRDA:678,126,0,2
BRDA:683,127,0,1
BRDA:700,128,0,2
BRDA:705,129,0,1
BRDA:722,130,0,2
BRDA:727,131,0,1
BRDA:744,132,0,3
BRDA:749,133,0,2
BRDA:766,134,0,3
BRDA:771,135,0,2
BRDA:785,136,0,1
BRDA:786,137,0,1
BRDA:798,138,0,1
BRDA:799,139,0,1
BRDA:800,140,0,24
BRDA:813,141,0,1
BRDA:814,142,0,0
BRDA:827,143,0,2
BRDA:828,144,0,1
BRDA:829,145,0,1
BRDA:843,146,0,1
BRDA:844,147,0,0
BRDA:857,148,0,2
BRDA:858,149,0,1
BRDA:859,150,0,1
BRDA:873,151,0,1
BRDA:874,152,0,0
BRDA:886,153,0,1
BRDA:899,154,0,1
BRDA:900,155,0,0
BRDA:912,156,0,1
BRDA:925,157,0,1
BRDA:926,158,0,0
BRDA:938,159,0,1
BRDA:951,160,0,1
BRDA:952,161,0,0
BRDA:964,162,0,1
BRDA:977,163,0,2
BRDA:978,164,0,1
BRDA:990,165,0,2
BRDA:1003,166,0,2
BRDA:1004,167,0,1
BRDA:1016,168,0,2
BRDA:1030,169,0,4
BRDA:1032,170,0,2
BRDA:1033,171,0,1
BRDA:1034,172,0,1
BRDA:1034,173,0,1
BRDA:1035,174,0,2
BRDA:1037,175,0,1
BRDA:1039,176,0,0
BRDA:1039,177,0,0
BRDA:1040,178,0,1
BRDA:1045,179,0,1
BRDA:1033,180,0,2
BRDA:1061,181,0,3
BRDA:1063,182,0,1
BRDA:1066,183,0,2
BRDA:1068,184,0,1
BRDA:1076,185,0,1
BRDA:1064,186,0,1
BRDA:1091,187,0,4
BRDA:1093,188,0,2
BRDA:1094,189,0,1
BRDA:1095,190,0,1
BRDA:1095,191,0,1
BRDA:1096,192,0,2
BRDA:1098,193,0,1
BRDA:1100,194,0,0
BRDA:1100,195,0,0
BRDA:1101,196,0,1
BRDA:1106,197,0,1
BRDA:1094,198,0,2
BRDA:1122,199,0,3
BRDA:1124,200,0,1
BRDA:1131,201,0,2
BRDA:1133,202,0,1
BRDA:1141,203,0,1
BRDA:1156,204,0,4
BRDA:1158,205,0,2
BRDA:1159,206,0,1
BRDA:1160,207,0,1
BRDA:1160,208,0,1
BRDA:1161,209,0,2
BRDA:1163,210,0,1
BRDA:1165,211,0,0
BRDA:1165,212,0,0
BRDA:1166,213,0,1
BRDA:1171,214,0,1
BRDA:1159,215,0,2
BRDA:1187,216,0,3
BRDA:1189,217,0,1
BRDA:1196,218,0,2
BRDA:1198,219,0,1
BRDA:1206,220,0,1
BRDA:1221,221,0,4
BRDA:1223,222,0,2
BRDA:1224,223,0,1
BRDA:1225,224,0,1
BRDA:1225,225,0,1
BRDA:1226,226,0,2
BRDA:1228,227,0,1
BRDA:1230,228,0,0
BRDA:1230,229,0,0
BRDA:1231,230,0,1
BRDA:1236,231,0,1
BRDA:1224,232,0,2
BRDA:1252,233,0,3
BRDA:1254,234,0,1
BRDA:1261,235,0,2
BRDA:1263,236,0,1
BRDA:1271,237,0,1
BRDA:1286,238,0,4
BRDA:1288,239,0,2
BRDA:1289,240,0,1
BRDA:1290,241,0,1
BRDA:1290,242,0,1
BRDA:1291,243,0,2
BRDA:1293,244,0,1
BRDA:1295,245,0,0
BRDA:1295,246,0,0
BRDA:1296,247,0,1
BRDA:1301,248,0,1
BRDA:1289,249,0,2
BRDA:1317,250,0,3
BRDA:1319,251,0,1
BRDA:1326,252,0,2
BRDA:1328,253,0,1
BRDA:1336,254,0,1
BRDA:1351,255,0,4
BRDA:1353,256,0,2
BRDA:1354,257,0,1
BRDA:1355,258,0,1
BRDA:1355,259,0,1
BRDA:1356,260,0,2
BRDA:1358,261,0,1
BRDA:1360,262,0,0
BRDA:1360,263,0,0
BRDA:1361,264,0,1
BRDA:1366,265,0,1
BRDA:1354,266,0,2
BRDA:1382,267,0,3
BRDA:1384,268,0,1
BRDA:1391,269,0,2
BRDA:1393,270,0,1
BRDA:1401,271,0,1
BRDA:1416,272,0,4
BRDA:1418,273,0,2
BRDA:1419,274,0,1
BRDA:1420,275,0,1
BRDA:1420,276,0,1
BRDA:1421,277,0,2
BRDA:1423,278,0,1
BRDA:1425,279,0,0
BRDA:1425,280,0,0
BRDA:1426,281,0,1
BRDA:1431,282,0,1
BRDA:1419,283,0,2
BRDA:1447,284,0,3
BRDA:1449,285,0,1
BRDA:1456,286,0,2
BRDA:1458,287,0,1
BRDA:1466,288,0,1
BRDA:1481,289,0,4
BRDA:1483,290,0,2
BRDA:1484,291,0,1
BRDA:1485,292,0,1
BRDA:1485,293,0,1
BRDA:1486,294,0,2
BRDA:1488,295,0,1
BRDA:1490,296,0,0
BRDA:1490,297,0,0
BRDA:1491,298,0,1
BRDA:1496,299,0,1
BRDA:1484,300,0,2
BRDA:1512,301,0,3
BRDA:1514,302,0,1
BRDA:1521,303,0,2
BRDA:1523,304,0,1
BRDA:1531,305,0,1
BRDA:1546,306,0,4
BRDA:1548,307,0,2
BRDA:1549,308,0,1
BRDA:1550,309,0,1
BRDA:1550,310,0,1
BRDA:1551,311,0,2
BRDA:1553,312,0,1
BRDA:1555,313,0,0
BRDA:1555,314,0,0
BRDA:1556,315,0,1
BRDA:1561,316,0,1
BRDA:1549,317,0,2
BRDA:1577,318,0,3
BRDA:1579,319,0,1
BRDA:1586,320,0,2
BRDA:1588,321,0,1
BRDA:1596,322,0,1
BRDA:1611,323,0,4
BRDA:1613,324,0,2
BRDA:1614,325,0,1
BRDA:1615,326,0,1
BRDA:1615,327,0,1
BRDA:1616,328,0,2
BRDA:1618,329,0,1
BRDA:1620,330,0,0
BRDA:1620,331,0,0
BRDA:1621,332,0,1
BRDA:1626,333,0,1
BRDA:1614,334,0,2
BRDA:1642,335,0,3
BRDA:1644,336,0,1
BRDA:1651,337,0,2
BRDA:1653,338,0,1
BRDA:1661,339,0,1
BRDA:1676,340,0,4
BRDA:1678,341,0,2
BRDA:1679,342,0,1
BRDA:1680,343,0,1
BRDA:1680,344,0,1
BRDA:1681,345,0,2
BRDA:1683,346,0,1
BRDA:1685,347,0,0
BRDA:1685,348,0,0
BRDA:1686,349,0,1
BRDA:1691,350,0,1
BRDA:1679,351,0,2
BRDA:1707,352,0,3
BRDA:1709,353,0,1
BRDA:1716,354,0,2
BRDA:1718,355,0,1
BRDA:1726,356,0,1
BRDA:1741,357,0,4
BRDA:1743,358,0,2
BRDA:1744,359,0,1
BRDA:1745,360,0,0
BRDA:1745,361,0,1
BRDA:1746,362,0,2
BRDA:1748,363,0,1
BRDA:1750,364,0,0
BRDA:1750,365,0,0
BRDA:1751,366,0,1
BRDA:1756,367,0,1
BRDA:1744,368,0,2
BRDA:1772,369,0,3
BRDA:1774,370,0,1
BRDA:1781,371,0,2
BRDA:1783,372,0,1
BRDA:1791,373,0,1
BRDA:1806,374,0,4
BRDA:1808,375,0,2
BRDA:1809,376,0,1
BRDA:1810,377,0,1
BRDA:1810,378,0,1
BRDA:1811,379,0,2
BRDA:1813,380,0,1
BRDA:1815,381,0,0
BRDA:1815,382,0,0
BRDA:1816,383,0,1
BRDA:1821,384,0,1
BRDA:1809,385,0,2
BRDA:1837,386,0,3
BRDA:1839,387,0,1
BRDA:1846,388,0,2
BRDA:1848,389,0,1
BRDA:1856,390,0,1
BRDA:1871,391,0,4
BRDA:1873,392,0,2
BRDA:1874,393,0,1
BRDA:1875,394,0,1
BRDA:1875,395,0,1
BRDA:1876,396,0,2
BRDA:1878,397,0,1
BRDA:1880,398,0,0
BRDA:1880,399,0,0
BRDA:1881,400,0,1
BRDA:1886,401,0,1
BRDA:1874,402,0,2
BRDA:1902,403,0,3
BRDA:1904,404,0,1
BRDA:1911,405,0,2
BRDA:1913,406,0,1
BRDA:1921,407,0,1
BRDA:1936,408,0,4
BRDA:1938,409,0,2
BRDA:1939,410,0,1
BRDA:1940,411,0,1
BRDA:1940,412,0,1
BRDA:1941,413,0,2
BRDA:1943,414,0,1
BRDA:1945,415,0,0
BRDA:1945,416,0,0
BRDA:1946,417,0,1
BRDA:1951,418,0,1
BRDA:1939,419,0,2
BRDA:1967,420,0,3
BRDA:1969,421,0,1
BRDA:1976,422,0,2
BRDA:1978,423,0,1
BRDA:1986,424,0,1
BRDA:2001,425,0,4
BRDA:2003,426,0,2
BRDA:2004,427,0,1
BRDA:2005,428,0,1
BRDA:2005,429,0,1
BRDA:2006,430,0,2
BRDA:2008,431,0,1
BRDA:2010,432,0,0
BRDA:2010,433,0,0
BRDA:2011,434,0,1
BRDA:2016,435,0,1
BRDA:2004,436,0,2
BRDA:2032,437,0,3
BRDA:2034,438,0,1
BRDA:2041,439,0,2
BRDA:2043,440,0,1
BRDA:2051,441,0,1
BRDA:2066,442,0,4
BRDA:2068,443,0,2
BRDA:2069,444,0,1
BRDA:2070,445,0,1
BRDA:2070,446,0,1
BRDA:2071,447,0,2
BRDA:2073,448,0,1
BRDA:2075,449,0,0
BRDA:2075,450,0,0
BRDA:2076,451,0,1
BRDA:2081,452,0,1
BRDA:2069,453,0,2
BRDA:2097,454,0,3
BRDA:2099,455,0,1
BRDA:2106,456,0,2
BRDA:2108,457,0,1
BRDA:2116,458,0,1
BRDA:2131,459,0,4
BRDA:2133,460,0,2
BRDA:2134,461,0,1
BRDA:2135,462,0,1
BRDA:2135,463,0,1
BRDA:2136,464,0,2
BRDA:2138,465,0,1
BRDA:2140,466,0,0
BRDA:2140,467,0,0
BRDA:2141,468,0,1
BRDA:2146,469,0,1
BRDA:2134,470,0,2
BRDA:2162,471,0,3
BRDA:2164,472,0,1
BRDA:2171,473,0,2
BRDA:2173,474,0,1
BRDA:2181,475,0,1
BRDA:2196,476,0,4
BRDA:2198,477,0,2
BRDA:2199,478,0,1
BRDA:2200,479,0,1
BRDA:2200,480,0,1
BRDA:2201,481,0,2
BRDA:2203,482,0,1
BRDA:2205,483,0,0
BRDA:2205,484,0,0
BRDA:2206,485,0,1
BRDA:2211,486,0,1
BRDA:2199,487,0,2
BRDA:2227,488,0,3
BRDA:2229,489,0,1
BRDA:2236,490,0,2
BRDA:2238,491,0,1
BRDA:2246,492,0,1
BRDA:2261,493,0,4
BRDA:2263,494,0,2
BRDA:2264,495,0,1
BRDA:2265,496,0,1
BRDA:2265,497,0,1
BRDA:2266,498,0,2
BRDA:2268,499,0,1
BRDA:2270,500,0,0
BRDA:2270,501,0,0
BRDA:2271,502,0,1
BRDA:2276,503,0,1
BRDA:2264,504,0,2
BRDA:2292,505,0,3
BRDA:2294,506,0,1
BRDA:2301,507,0,2
BRDA:2303,508,0,1
BRDA:2311,509,0,1
BRDA:2326,510,0,4
BRDA:2328,511,0,2
BRDA:2329,512,0,1
BRDA:2330,513,0,1
BRDA:2330,514,0,1
BRDA:2331,515,0,2
BRDA:2333,516,0,1
BRDA:2335,517,0,0
BRDA:2335,518,0,0
BRDA:2336,519,0,1
BRDA:2341,520,0,1
BRDA:2329,521,0,2
BRDA:2357,522,0,3
BRDA:2359,523,0,1
BRDA:2366,524,0,2
BRDA:2368,525,0,1
BRDA:2376,526,0,1
BRDA:2391,527,0,4
BRDA:2393,528,0,2
BRDA:2394,529,0,1
BRDA:2395,530,0,1
BRDA:2395,531,0,1
BRDA:2396,532,0,2
BRDA:2398,533,0,1
BRDA:2400,534,0,0
BRDA:2400,535,0,0
BRDA:2401,536,0,1
BRDA:2406,537,0,1
BRDA:2394,538,0,2
BRDA:2422,539,0,3
BRDA:2424,540,0,1
BRDA:2431,541,0,2
BRDA:2433,542,0,1
BRDA:2441,543,0,1
BRDA:2456,544,0,4
BRDA:2458,545,0,2
BRDA:2459,546,0,1
BRDA:2460,547,0,1
BRDA:2460,548,0,1
BRDA:2461,549,0,2
BRDA:2463,550,0,1
BRDA:2465,551,0,0
BRDA:2465,552,0,0
BRDA:2466,553,0,1
BRDA:2471,554,0,1
BRDA:2459,555,0,2
BRDA:2487,556,0,3
BRDA:2489,557,0,1
BRDA:2496,558,0,2
BRDA:2498,559,0,1
BRDA:2506,560,0,1
BRDA:2521,561,0,4
BRDA:2523,562,0,2
BRDA:2524,563,0,1
BRDA:2525,564,0,1
BRDA:2525,565,0,1
BRDA:2526,566,0,2
BRDA:2528,567,0,1
BRDA:2530,568,0,0
BRDA:2530,569,0,0
BRDA:2531,570,0,1
BRDA:2536,571,0,1
BRDA:2524,572,0,2
BRDA:2552,573,0,3
BRDA:2554,574,0,1
BRDA:2561,575,0,2
BRDA:2563,576,0,1
BRDA:2571,577,0,1
BRDA:2586,578,0,4
BRDA:2588,579,0,2
BRDA:2589,580,0,1
BRDA:2589,581,0,1
BRDA:2590,582,0,2
BRDA:2592,583,0,1
BRDA:2593,584,0,0
BRDA:2594,585,0,1
BRDA:2599,586,0,1
BRDA:2589,587,0,2
BRDA:2615,588,0,3
BRDA:2617,589,0,1
BRDA:2624,590,0,2
BRDA:2626,591,0,1
BRDA:2634,592,0,1
BRDA:2649,593,0,4
BRDA:2651,594,0,2
BRDA:2652,595,0,1
BRDA:2652,596,0,1
BRDA:2653,597,0,2
BRDA:2655,598,0,1
BRDA:2656,599,0,0
BRDA:2657,600,0,1
BRDA:2662,601,0,1
BRDA:2652,602,0,2
BRDA:2678,603,0,3
BRDA:2680,604,0,1
BRDA:2687,605,0,2
BRDA:2689,606,0,1
BRDA:2697,607,0,1
BRDA:2712,608,0,4
BRDA:2714,609,0,2
BRDA:2715,610,0,1
BRDA:2716,611,0,0
BRDA:2716,612,0,1
BRDA:2717,613,0,2
BRDA:2719,614,0,1
BRDA:2721,615,0,0
BRDA:2721,616,0,0
BRDA:2722,617,0,1
BRDA:2727,618,0,1
BRDA:2715,619,0,2
BRDA:2743,620,0,3
BRDA:2745,621,0,1
BRDA:2752,622,0,2
BRDA:2754,623,0,1
BRDA:2762,624,0,1
BRDA:2777,625,0,4
BRDA:2779,626,0,2
BRDA:2780,627,0,1
BRDA:2780,628,0,1
BRDA:2781,629,0,2
BRDA:2783,630,0,1
BRDA:2784,631,0,0
BRDA:2785,632,0,1
BRDA:2790,633,0,1
BRDA:2780,634,0,2
BRDA:2806,635,0,3
BRDA:2808,636,0,1
BRDA:2815,637,0,2
BRDA:2817,638,0,1
BRDA:2825,639,0,1
BRDA:2840,640,0,4
BRDA:2842,641,0,2
BRDA:2843,642,0,1
BRDA:2844,643,0,0
BRDA:2844,644,0,1
BRDA:2845,645,0,2
BRDA:2847,646,0,1
BRDA:2849,647,0,0
BRDA:2849,648,0,0
BRDA:2850,649,0,1
BRDA:2855,650,0,1
BRDA:2843,651,0,2
BRDA:2871,652,0,3
BRDA:2873,653,0,1
BRDA:2880,654,0,2
BRDA:2882,655,0,1
BRDA:2890,656,0,1
BRDA:2905,657,0,4
BRDA:2907,658,0,2
BRDA:2908,659,0,1
BRDA:2909,660,0,1
BRDA:2909,661,0,1
BRDA:2910,662,0,2
BRDA:2912,663,0,1
BRDA:2914,664,0,0
BRDA:2914,665,0,0
BRDA:2915,666,0,1
BRDA:2920,667,0,1
BRDA:2908,668,0,2
BRDA:2936,669,0,3
BRDA:2938,670,0,1
BRDA:2945,671,0,2
BRDA:2947,672,0,1
BRDA:2955,673,0,1
BRDA:2970,674,0,4
BRDA:2972,675,0,2
BRDA:2973,676,0,1
BRDA:2973,677,0,1
BRDA:2974,678,0,2
BRDA:2976,679,0,1
BRDA:2977,680,0,0
BRDA:2978,681,0,1
BRDA:2983,682,0,1
BRDA:2973,683,0,2
BRDA:2999,684,0,3
BRDA:3001,685,0,1
BRDA:3008,686,0,2
BRDA:3010,687,0,1
BRDA:3018,688,0,1
BRDA:3033,689,0,4
BRDA:3035,690,0,2
BRDA:3036,691,0,1
BRDA:3036,692,0,1
BRDA:3037,693,0,2
BRDA:3039,694,0,1
BRDA:3040,695,0,0
BRDA:3041,696,0,1
BRDA:3046,697,0,1
BRDA:3036,698,0,2
BRDA:3062,699,0,3
BRDA:3064,700,0,1
BRDA:3071,701,0,2
BRDA:3073,702,0,1
BRDA:3081,703,0,1
BRDA:3096,704,0,4
BRDA:3098,705,0,2
BRDA:3099,706,0,1
BRDA:3099,707,0,1
BRDA:3100,708,0,2
BRDA:3102,709,0,1
BRDA:3103,710,0,0
BRDA:3104,711,0,1
BRDA:3109,712,0,1
BRDA:3099,713,0,2
BRDA:3125,714,0,3
BRDA:3127,715,0,1
BRDA:3134,716,0,2
BRDA:3136,717,0,1
BRDA:3144,718,0,1
BRDA:3160,719,0,6
BRDA:3164,720,0,1
BRDA:3164,721,0,4
BRDA:3167,722,0,2
BRDA:3169,723,0,2
BRDA:3186,724,0,4
BRDA:3189,725,0,3
BRDA:3191,726,0,2
BRDA:3207,727,0,6
BRDA:3211,728,0,1
BRDA:3211,729,0,4
BRDA:3214,730,0,2
BRDA:3216,731,0,2
BRDA:3233,732,0,4
BRDA:3236,733,0,3
BRDA:3238,734,0,2
BRDA:3254,735,0,6
BRDA:3258,736,0,1
BRDA:3258,737,0,4
BRDA:3261,738,0,2
BRDA:3263,739,0,2
BRDA:3280,740,0,4
BRDA:3283,741,0,3
BRDA:3285,742,0,2
BRDA:3301,743,0,6
BRDA:3305,744,0,1
BRDA:3305,745,0,4
BRDA:3308,746,0,2
BRDA:3310,747,0,2
BRDA:3327,748,0,4
BRDA:3330,749,0,3
BRDA:3332,750,0,2
BRDA:3348,751,0,6
BRDA:3352,752,0,1
BRDA:3352,753,0,4
BRDA:3355,754,0,2
BRDA:3357,755,0,2
BRDA:3374,756,0,4
BRDA:3377,757,0,3
BRDA:3379,758,0,2
BRDA:3395,759,0,6
BRDA:3399,760,0,1
BRDA:3399,761,0,4
BRDA:3402,762,0,2
BRDA:3404,763,0,2
BRDA:3421,764,0,4
BRDA:3424,765,0,3
BRDA:3426,766,0,2
BRDA:3442,767,0,6
BRDA:3446,768,0,1
BRDA:3446,769,0,4
BRDA:3449,770,0,2
BRDA:3451,771,0,2
BRDA:3468,772,0,4
BRDA:3471,773,0,3
BRDA:3473,774,0,2
BRDA:3489,775,0,6
BRDA:3493,776,0,1
BRDA:3493,777,0,4
BRDA:3496,778,0,2
BRDA:3498,779,0,2
BRDA:3515,780,0,4
BRDA:3518,781,0,3
BRDA:3520,782,0,2
BRDA:3536,783,0,6
BRDA:3540,784,0,1
BRDA:3540,785,0,4
BRDA:3543,786,0,2
BRDA:3545,787,0,2
BRDA:3562,788,0,4
BRDA:3565,789,0,3
BRDA:3567,790,0,2
BRDA:3583,791,0,6
BRDA:3587,792,0,1
BRDA:3587,793,0,4
BRDA:3590,794,0,2
BRDA:3592,795,0,2
BRDA:3609,796,0,4
BRDA:3612,797,0,3
BRDA:3614,798,0,2
BRDA:3630,799,0,6
BRDA:3634,800,0,1
BRDA:3634,801,0,4
BRDA:3637,802,0,2
BRDA:3639,803,0,2
BRDA:3656,804,0,4
BRDA:3659,805,0,3
BRDA:3661,806,0,2
BRDA:3677,807,0,6
BRDA:3681,808,0,1
BRDA:3681,809,0,4
BRDA:3684,810,0,2
BRDA:3686,811,0,2
BRDA:3703,812,0,4
BRDA:3706,813,0,3
BRDA:3708,814,0,2
BRDA:3724,815,0,6
BRDA:3728,816,0,1
BRDA:3728,817,0,4
BRDA:3731,818,0,2
BRDA:3733,819,0,2
BRDA:3750,820,0,4
BRDA:3753,821,0,3
BRDA:3755,822,0,2
BRDA:3771,823,0,6
BRDA:3775,824,0,1
BRDA:3775,825,0,4
BRDA:3778,826,0,2
BRDA:3780,827,0,2
BRDA:3797,828,0,4
BRDA:3800,829,0,3
BRDA:3802,830,0,2
BRDA:3818,831,0,6
BRDA:3822,832,0,1
BRDA:3822,833,0,4
BRDA:3825,834,0,2
BRDA:3827,835,0,2
BRDA:3844,836,0,4
BRDA:3847,837,0,3
BRDA:3849,838,0,2
BRDA:3865,839,0,6
BRDA:3869,840,0,1
BRDA:3869,841,0,4
BRDA:3872,842,0,2
BRDA:3874,843,0,2
BRDA:3891,844,0,4
BRDA:3894,845,0,3
BRDA:3896,846,0,2
BRDA:3912,847,0,6
BRDA:3916,848,0,1
BRDA:3916,849,0,4
BRDA:3919,850,0,2
BRDA:3921,851,0,2
BRDA:3938,852,0,4
BRDA:3941,853,0,3
BRDA:3943,854,0,2
BRDA:3959,855,0,6
BRDA:3963,856,0,1
BRDA:3963,857,0,4
BRDA:3966,858,0,2
BRDA:3968,859,0,2
BRDA:3985,860,0,4
BRDA:3988,861,0,3
BRDA:3990,862,0,2
BRDA:4006,863,0,6
BRDA:4010,864,0,1
BRDA:4010,865,0,4
BRDA:4013,866,0,2
BRDA:4015,867,0,2
BRDA:4032,868,0,4
BRDA:4035,869,0,3
BRDA:4037,870,0,2
BRDA:4053,871,0,6
BRDA:4057,872,0,1
BRDA:4057,873,0,4
BRDA:4060,874,0,2
BRDA:4062,875,0,2
BRDA:4079,876,0,4
BRDA:4082,877,0,3
BRDA:4084,878,0,2
BRDA:4102,879,0,6
BRDA:4106,880,0,1
BRDA:4106,881,0,4
BRDA:4109,882,0,2
BRDA:4111,883,0,2
BRDA:4128,884,0,4
BRDA:4131,885,0,3
BRDA:4133,886,0,2
BRDA:4149,887,0,6
BRDA:4153,888,0,1
BRDA:4153,889,0,4
BRDA:4156,890,0,2
BRDA:4158,891,0,2
BRDA:4175,892,0,4
BRDA:4178,893,0,3
BRDA:4180,894,0,2
BRDA:4196,895,0,6
BRDA:4200,896,0,1
BRDA:4200,897,0,4
BRDA:4203,898,0,2
BRDA:4205,899,0,2
BRDA:4222,900,0,4
BRDA:4225,901,0,3
BRDA:4227,902,0,2
BRF:903
BRH:833
DA:1,1
DA:2,1
DA:3,1
DA:4,1
DA:5,1
DA:6,1
DA:7,1
DA:8,1
DA:9,1
DA:10,1
DA:11,1
DA:12,1
DA:13,1
DA:14,1
DA:15,1
DA:16,1
DA:17,1
DA:18,1
DA:19,1
DA:20,1
DA:21,1
DA:22,1
DA:23,1
DA:24,1
DA:25,1
DA:26,83
DA:27,83
DA:28,83
DA:29,83
DA:30,83
DA:31,83
DA:32,83
DA:33,83
DA:34,83
DA:35,83
DA:36,83
DA:37,83
DA:38,83
DA:39,83
DA:40,83
DA:41,83
DA:42,83
DA:43,83
DA:44,83
DA:45,83
DA:46,83
DA:47,83
DA:48,83
DA:49,83
DA:50,83
DA:51,83
DA:52,83
DA:53,83
DA:54,83
DA:55,83
DA:56,83
DA:57,83
DA:58,83
DA:59,83
DA:60,83
DA:61,83
DA:62,83
DA:63,83
DA:64,416
DA:65,416
DA:66,156
DA:67,156
DA:68,260
DA:69,260
DA:70,160
DA:71,160
DA:72,100
DA:73,100
DA:74,100
DA:75,416
DA:76,83
DA:77,83
DA:78,83
DA:79,83
DA:80,83
DA:81,83
DA:82,83
DA:83,83
DA:84,83
DA:85,83
DA:86,83
DA:87,83
DA:88,5
DA:89,5
DA:90,1
DA:91,1
DA:92,4
DA:93,5
DA:94,2
DA:95,2
DA:96,2
DA:97,2
DA:98,2
DA:99,2
DA:100,2
DA:101,2
DA:102,2
DA:103,1
DA:104,1
DA:105,1
DA:106,1
DA:107,1
DA:108,1
DA:109,1
DA:110,1
DA:111,5
DA:112,83
DA:113,83
DA:114,83
DA:115,83
DA:116,83
DA:117,83
DA:118,83
DA:119,83
DA:120,83
DA:121,83
DA:122,83
DA:123,83
DA:124,5
DA:125,5
DA:126,1
DA:127,1
DA:128,4
DA:129,5
DA:130,2
DA:131,2
DA:132,2
DA:133,2
DA:134,2
DA:135,2
DA:136,2
DA:137,2
DA:138,2
DA:139,2
DA:140,1
DA:141,1
DA:142,1
DA:143,1
DA:144,1
DA:145,1
DA:146,1
DA:147,1
DA:148,5
DA:149,83
DA:150,83
DA:151,83
DA:152,83
DA:153,83
DA:154,83
DA:155,83
DA:156,83
DA:157,83
DA:158,83
DA:159,83
DA:160,20
DA:161,18
DA:162,18
DA:163,18
DA:164,18
DA:165,18
DA:166,18
DA:167,18
DA:168,18
DA:169,18
DA:170,18
DA:171,18
DA:172,18
DA:173,18
DA:174,18
DA:175,9
DA:176,18
DA:177,18
DA:178,7
DA:179,18
DA:180,6
DA:181,18
DA:182,13
DA:183,13
DA:184,5
DA:185,5
DA:186,5
DA:187,1
DA:188,1
DA:189,4
DA:190,4
DA:191,4
DA:192,1
DA:193,1
DA:194,3
DA:195,3
DA:196,3
DA:197,18
DA:198,2
DA:199,2
DA:200,1
DA:201,1
DA:202,1
DA:203,1
DA:204,1
DA:205,20
DA:206,83
DA:207,83
DA:208,83
DA:209,83
DA:210,83
DA:211,83
DA:212,83
DA:213,83
DA:214,83
DA:215,83
DA:216,83
DA:217,6
DA:218,5
DA:219,4
DA:220,4
DA:221,1
DA:222,1
DA:223,1
DA:224,5
DA:225,1
DA:226,1
DA:227,1
DA:228,6
DA:229,83
DA:230,83
DA:231,83
DA:232,83
DA:233,83
DA:234,83
DA:235,83
DA:236,83
DA:237,83
DA:238,83
DA:239,83
DA:240,3
DA:241,7
DA:242,6
DA:243,6
DA:244,6
DA:245,6
DA:246,6
DA:247,6
DA:248,6
DA:249,6
DA:250,6
DA:251,6
DA:252,6
DA:253,6
DA:254,6
DA:255,1
DA:256,1
DA:257,6
DA:258,1
DA:259,1
DA:260,1
DA:261,7
DA:262,1
DA:263,3
DA:264,83
DA:265,83
DA:266,83
DA:267,83
DA:268,83
DA:269,83
DA:270,83
DA:271,83
DA:272,83
DA:273,83
DA:274,83
DA:275,3
DA:276,7
DA:277,6
DA:278,6
DA:279,6
DA:280,6
DA:281,6
DA:282,6
DA:283,6
DA:284,6
DA:285,6
DA:286,6
DA:287,6
DA:288,6
DA:289,6
DA:290,6
DA:291,6
DA:292,6
DA:293,6
DA:294,6
DA:295,6
DA:296,6
DA:297,6
DA:298,6
DA:299,6
DA:300,6
DA:301,6
DA:302,6
DA:303,6
DA:304,6
DA:305,6
DA:306,6
DA:307,6
DA:308,6
DA:309,6
DA:310,6
DA:311,6
DA:312,6
DA:313,1
DA:314,1
DA:315,6
DA:316,1
DA:317,1
DA:318,1
DA:319,7
DA:320,1
DA:321,3
DA:322,83
DA:323,83
DA:324,83
DA:325,83
DA:326,83
DA:327,83
DA:328,83
DA:329,83
DA:330,83
DA:331,83
DA:332,83
DA:333,83
DA:334,83
DA:335,83
DA:336,83
DA:337,83
DA:338,7
DA:339,7
DA:340,1
DA:341,1
DA:342,6
DA:343,7
DA:344,1
DA:345,1
DA:346,5
DA:347,5
DA:348,5
DA:349,5
DA:350,5
DA:351,5
DA:352,5
DA:353,5
DA:354,5
DA:355,5
DA:356,5
DA:357,5
DA:358,7
DA:359,1
DA:360,1
DA:361,5
DA:362,7
DA:363,2
DA:364,2
DA:365,2
DA:366,1
DA:367,1
DA:368,1
DA:369,1
DA:370,1
DA:371,1
DA:372,3
DA:373,3
DA:374,3
DA:375,3
DA:376,3
DA:377,3
DA:378,3
DA:379,3
DA:380,3
DA:381,3
DA:382,3
DA:383,2
DA:384,2
DA:385,1
DA:386,1
DA:387,1
DA:388,3
DA:389,3
DA:390,3
DA:391,3
DA:392,3
DA:393,7
DA:394,7
DA:395,3
DA:396,3
DA:397,7
DA:398,83
DA:399,83
DA:400,83
DA:401,83
DA:402,83
DA:403,83
DA:404,83
DA:405,83
DA:406,83
DA:407,83
DA:408,1
DA:409,1
DA:410,83
DA:411,83
DA:412,83
DA:413,83
DA:414,83
DA:415,83
DA:416,83
DA:417,83
DA:418,83
DA:419,83
DA:420,83
DA:421,83
DA:422,4
DA:423,4
DA:424,2
DA:425,2
DA:426,2
DA:427,2
DA:428,2
DA:429,4
DA:430,4
DA:431,1
DA:432,1
DA:433,4
DA:434,83
DA:435,83
DA:436,83
DA:437,83
DA:438,83
DA:439,83
DA:440,83
DA:441,83
DA:442,83
DA:443,83
DA:444,83
DA:445,75
DA:446,75
DA:447,83
DA:448,83
DA:449,83
DA:450,83
DA:451,83
DA:452,83
DA:453,83
DA:454,83
DA:455,83
DA:456,83
DA:457,83
DA:458,83
DA:459,4
DA:460,4
DA:461,2
DA:462,2
DA:463,2
DA:464,2
DA:465,2
DA:466,4
DA:467,4
DA:468,1
DA:469,1
DA:470,4
DA:471,83
DA:472,83
DA:473,83
DA:474,83
DA:475,83
DA:476,83
DA:477,83
DA:478,83
DA:479,83
DA:480,83
DA:481,83
DA:482,1
DA:483,1
DA:484,83
DA:485,83
DA:486,83
DA:487,83
DA:488,83
DA:489,83
DA:490,83
DA:491,83
DA:492,83
DA:493,83
DA:494,83
DA:495,83
DA:496,3
DA:497,3
DA:498,3
DA:499,2
DA:500,2
DA:501,1
DA:502,1
DA:503,1
DA:504,3
DA:505,3
DA:506,1
DA:507,1
DA:508,3
DA:509,83
DA:510,83
DA:511,83
DA:512,83
DA:513,83
DA:514,83
DA:515,83
DA:516,83
DA:517,83
DA:518,83
DA:519,83
DA:520,83
DA:521,83
DA:522,7
DA:523,7
DA:524,7
DA:525,7
DA:526,3
DA:527,3
DA:528,4
DA:529,4
DA:530,3
DA:531,3
DA:532,1
DA:533,1
DA:534,1
DA:535,6
DA:536,7
DA:537,1
DA:538,1
DA:539,5
DA:540,5
DA:541,5
DA:542,7
DA:543,7
DA:544,1
DA:545,1
DA:546,7
DA:547,83
DA:548,83
DA:549,83
DA:550,83
DA:551,83
DA:552,83
DA:553,83
DA:554,83
DA:555,83
DA:556,83
DA:557,83
DA:558,83
DA:559,83
DA:560,3
DA:561,3
DA:562,1
DA:563,1
DA:564,1
DA:565,1
DA:566,1
DA:567,1
DA:568,1
DA:569,2
DA:570,2
DA:571,1
DA:572,1
DA:573,1
DA:574,1
DA:575,1
DA:576,3
DA:577,3
DA:578,1
DA:579,1
DA:580,3
DA:581,83
DA:582,83
DA:583,83
DA:584,83
DA:585,83
DA:586,83
DA:587,83
DA:588,83
DA:589,83
DA:590,83
DA:591,83
DA:592,83
DA:593,83
DA:594,83
DA:595,8
DA:596,8
DA:597,8
DA:598,4
DA:599,4
DA:600,4
DA:601,4
DA:602,3
DA:603,3
DA:604,1
DA:605,1
DA:606,1
DA:607,7
DA:608,8
DA:609,1
DA:610,24
DA:611,24
DA:612,24
DA:613,24
DA:614,24
DA:615,1
DA:616,1
DA:617,6
DA:618,6
DA:619,8
DA:620,1
DA:621,1
DA:622,8
DA:623,83
DA:624,83
DA:625,83
DA:626,83
DA:627,83
DA:628,83
DA:629,83
DA:630,83
DA:631,83
DA:632,83
DA:633,83
DA:634,83
DA:635,83
DA:636,3
DA:637,3
DA:638,1
DA:639,1
DA:640,1
DA:641,1
DA:642,1
DA:643,1
DA:644,1
DA:645,2
DA:646,2
DA:647,1
DA:648,1
DA:649,1
DA:650,1
DA:651,1
DA:652,3
DA:653,3
DA:654,1
DA:655,1
DA:656,3
DA:657,83
DA:658,83
DA:659,83
DA:660,83
DA:661,83
DA:662,83
DA:663,83
DA:664,83
DA:665,83
DA:666,83
DA:667,83
DA:668,83
DA:669,83
DA:670,83
DA:671,83
DA:672,4
DA:673,4
DA:674,4
DA:675,4
DA:676,4
DA:677,1
DA:678,1
DA:679,2
DA:680,2
DA:681,2
DA:682,4
DA:683,4
DA:684,1
DA:685,1
DA:686,4
DA:687,83
DA:688,83
DA:689,83
DA:690,83
DA:691,83
DA:692,83
DA:693,83
DA:694,83
DA:695,83
DA:696,83
DA:697,83
DA:698,83
DA:699,83
DA:700,83
DA:701,2
DA:702,2
DA:703,2
DA:704,2
DA:705,2
DA:706,1
DA:707,1
DA:708,2
DA:709,83
DA:710,83
DA:711,83
DA:712,83
DA:713,83
DA:714,83
DA:715,83
DA:716,83
DA:717,83
DA:718,83
DA:719,83
DA:720,83
DA:721,83
DA:722,83
DA:723,2
DA:724,2
DA:725,2
DA:726,2
DA:727,2
DA:728,1
DA:729,1
DA:730,2
DA:731,83
DA:732,83
DA:733,83
DA:734,83
DA:735,83
DA:736,83
DA:737,83
DA:738,83
DA:739,83
DA:740,83
DA:741,83
DA:742,83
DA:743,83
DA:744,83
DA:745,3
DA:746,3
DA:747,3
DA:748,3
DA:749,3
DA:750,2
DA:751,2
DA:752,3
DA:753,83
DA:754,83
DA:755,83
DA:756,83
DA:757,83
DA:758,83
DA:759,83
DA:760,83
DA:761,83
DA:762,83
DA:763,83
DA:764,83
DA:765,83
DA:766,83
DA:767,3
DA:768,3
DA:769,3
DA:770,3
DA:771,3
DA:772,2
DA:773,2
DA:774,3
DA:775,83
DA:776,83
DA:777,83
DA:778,83
DA:779,83
DA:780,83
DA:781,83
DA:782,83
DA:783,83
DA:784,83
DA:785,83
DA:786,1
DA:787,1
DA:788,83
DA:789,83
DA:790,83
DA:791,83
DA:792,83
DA:793,83
DA:794,83
DA:795,83
DA:796,83
DA:797,83
DA:798,83
DA:799,1
DA:800,1
DA:801,1
DA:802,1
DA:803,83
DA:804,83
DA:805,83
DA:806,83
DA:807,83
DA:808,83
DA:809,83
DA:810,83
DA:811,83
DA:812,83
DA:813,83
DA:814,1
DA:815,1
DA:816,83
DA:817,83
DA:818,83
DA:819,83
DA:820,83
DA:821,83
DA:822,83
DA:823,83
DA:824,83
DA:825,83
DA:826,83
DA:827,83
DA:828,2
DA:829,2
DA:830,1
DA:831,1
DA:832,2
DA:833,83
DA:834,83
DA:835,83
DA:836,83
DA:837,83
DA:838,83
DA:839,83
DA:840,83
DA:841,83
DA:842,83
DA:843,83
DA:844,1
DA:845,1
DA:846,83
DA:847,83
DA:848,83
DA:849,83
DA:850,83
DA:851,83
DA:852,83
DA:853,83
DA:854,83
DA:855,83
DA:856,83
DA:857,83
DA:858,2
DA:859,2
DA:860,1
DA:861,1
DA:862,2
DA:863,83
DA:864,83
DA:865,83
DA:866,83
DA:867,83
DA:868,83
DA:869,83
DA:870,83
DA:871,83
DA:872,83
DA:873,83
DA:874,1
DA:875,1
DA:876,83
DA:877,83
DA:878,83
DA:879,83
DA:880,83
DA:881,83
DA:882,83
DA:883,83
DA:884,83
DA:885,83
DA:886,83
DA:887,1
DA:888,1
DA:889,83
DA:890,83
DA:891,83
DA:892,83
DA:893,83
DA:894,83
DA:895,83
DA:896,83
DA:897,83
DA:898,83
DA:899,83
DA:900,1
DA:901,1
DA:902,83
DA:903,83
DA:904,83
DA:905,83
DA:906,83
DA:907,83
DA:908,83
DA:909,83
DA:910,83
DA:911,83
DA:912,83
DA:913,1
DA:914,1
DA:915,83
DA:916,83
DA:917,83
DA:918,83
DA:919,83
DA:920,83
DA:921,83
DA:922,83
DA:923,83
DA:924,83
DA:925,83
DA:926,1
DA:927,1
DA:928,83
DA:929,83
DA:930,83
DA:931,83
DA:932,83
DA:933,83
DA:934,83
DA:935,83
DA:936,83
DA:937,83
DA:938,83
DA:939,1
DA:940,1
DA:941,83
DA:942,83
DA:943,83
DA:944,83
DA:945,83
DA:946,83
DA:947,83
DA:948,83
DA:949,83
DA:950,83
DA:951,83
DA:952,1
DA:953,1
DA:954,83
DA:955,83
DA:956,83
DA:957,83
DA:958,83
DA:959,83
DA:960,83
DA:961,83
DA:962,83
DA:963,83
DA:964,83
DA:965,1
DA:966,1
DA:967,83
DA:968,83
DA:969,83
DA:970,83
DA:971,83
DA:972,83
DA:973,83
DA:974,83
DA:975,83
DA:976,83
DA:977,83
DA:978,2
DA:979,2
DA:980,83
DA:981,83
DA:982,83
DA:983,83
DA:984,83
DA:985,83
DA:986,83
DA:987,83
DA:988,83
DA:989,83
DA:990,83
DA:991,2
DA:992,2
DA:993,83
DA:994,83
DA:995,83
DA:996,83
DA:997,83
DA:998,83
DA:999,83
DA:1000,83
DA:1001,83
DA:1002,83
DA:1003,83
DA:1004,2
DA:1005,2
DA:1006,83
DA:1007,83
DA:1008,83
DA:1009,83
DA:1010,83
DA:1011,83
DA:1012,83
DA:1013,83
DA:1014,83
DA:1015,83
DA:1016,83
DA:1017,2
DA:1018,2
DA:1019,83
DA:1020,83
DA:1021,83
DA:1022,83
DA:1023,83
DA:1024,83
DA:1025,83
DA:1026,83
DA:1027,83
DA:1028,83
DA:1029,83
DA:1030,83
DA:1031,4
DA:1032,4
DA:1033,2
DA:1034,2
DA:1035,2
DA:1036,2
DA:1037,2
DA:1038,1
DA:1039,1
DA:1040,1
DA:1041,1
DA:1042,1
DA:1043,1
DA:1044,4
DA:1045,4
DA:1046,1
DA:1047,1
DA:1048,4
DA:1049,83
DA:1050,83
DA:1051,83
DA:1052,83
DA:1053,83
DA:1054,83
DA:1055,83
DA:1056,83
DA:1057,83
DA:1058,83
DA:1059,83
DA:1060,83
DA:1061,83
DA:1062,3
DA:1063,3
DA:1064,1
DA:1065,1
DA:1066,1
DA:1067,2
DA:1068,2
DA:1069,1
DA:1070,1
DA:1071,1
DA:1072,1
DA:1073,1
DA:1074,1
DA:1075,3
DA:1076,3
DA:1077,1
DA:1078,1
DA:1079,3
DA:1080,83
DA:1081,83
DA:1082,83
DA:1083,83
DA:1084,83
DA:1085,83
DA:1086,83
DA:1087,83
DA:1088,83
DA:1089,83
DA:1090,83
DA:1091,83
DA:1092,4
DA:1093,4
DA:1094,2
DA:1095,2
DA:1096,2
DA:1097,2
DA:1098,2
DA:1099,1
DA:1100,1
DA:1101,1
DA:1102,1
DA:1103,1
DA:1104,1
DA:1105,4
DA:1106,4
DA:1107,1
DA:1108,1
DA:1109,4
DA:1110,83
DA:1111,83
DA:1112,83
DA:1113,83
DA:1114,83
DA:1115,83
DA:1116,83
DA:1117,83
DA:1118,83
DA:1119,83
DA:1120,83
DA:1121,83
DA:1122,83
DA:1123,3
DA:1124,3
DA:1125,1
DA:1126,1
DA:1127,1
DA:1128,1
DA:1129,1
DA:1130,1
DA:1131,1
DA:1132,2
DA:1133,2
DA:1134,1
DA:1135,1
DA:1136,1
DA:1137,1
DA:1138,1
DA:1139,1
DA:1140,3
DA:1141,3
DA:1142,1
DA:1143,1
DA:1144,3
DA:1145,83
DA:1146,83
DA:1147,83
DA:1148,83
DA:1149,83
DA:1150,83
DA:1151,83
DA:1152,83
DA:1153,83
DA:1154,83
DA:1155,83
DA:1156,83
DA:1157,4
DA:1158,4
DA:1159,2
DA:1160,2
DA:1161,2
DA:1162,2
DA:1163,2
DA:1164,1
DA:1165,1
DA:1166,1
DA:1167,1
DA:1168,1
DA:1169,1
DA:1170,4
DA:1171,4
DA:1172,1
DA:1173,1
DA:1174,4
DA:1175,83
DA:1176,83
DA:1177,83
DA:1178,83
DA:1179,83
DA:1180,83
DA:1181,83
DA:1182,83
DA:1183,83
DA:1184,83
DA:1185,83
DA:1186,83
DA:1187,83
DA:1188,3
DA:1189,3
DA:1190,1
DA:1191,1
DA:1192,1
DA:1193,1
DA:1194,1
DA:1195,1
DA:1196,1
DA:1197,2
DA:1198,2
DA:1199,1
DA:1200,1
DA:1201,1
DA:1202,1
DA:1203,1
DA:1204,1
DA:1205,3
DA:1206,3
DA:1207,1
DA:1208,1
DA:1209,3
DA:1210,83
DA:1211,83
DA:1212,83
DA:1213,83
DA:1214,83
DA:1215,83
DA:1216,83
DA:1217,83
DA:1218,83
DA:1219,83
DA:1220,83
DA:1221,83
DA:1222,4
DA:1223,4
DA:1224,2
DA:1225,2
DA:1226,2
DA:1227,2
DA:1228,2
DA:1229,1
DA:1230,1
DA:1231,1
DA:1232,1
DA:1233,1
DA:1234,1
DA:1235,4
DA:1236,4
DA:1237,1
DA:1238,1
DA:1239,4
DA:1240,83
DA:1241,83
DA:1242,83
DA:1243,83
DA:1244,83
DA:1245,83
DA:1246,83
DA:1247,83
DA:1248,83
DA:1249,83
DA:1250,83
DA:1251,83
DA:1252,83
DA:1253,3
DA:1254,3
DA:1255,1
DA:1256,1
DA:1257,1
DA:1258,1
DA:1259,1
DA:1260,1
DA:1261,1
DA:1262,2
DA:1263,2
DA:1264,1
DA:1265,1
DA:1266,1
DA:1267,1
DA:1268,1
DA:1269,1
DA:1270,3
DA:1271,3
DA:1272,1
DA:1273,1
DA:1274,3
DA:1275,83
DA:1276,83
DA:1277,83
DA:1278,83
DA:1279,83
DA:1280,83
DA:1281,83
DA:1282,83
DA:1283,83
DA:1284,83
DA:1285,83
DA:1286,83
DA:1287,4
DA:1288,4
DA:1289,2
DA:1290,2
DA:1291,2
DA:1292,2
DA:1293,2
DA:1294,1
DA:1295,1
DA:1296,1
DA:1297,1
DA:1298,1
DA:1299,1
DA:1300,4
DA:1301,4
DA:1302,1
DA:1303,1
DA:1304,4
DA:1305,83
DA:1306,83
DA:1307,83
DA:1308,83
DA:1309,83
DA:1310,83
DA:1311,83
DA:1312,83
DA:1313,83
DA:1314,83
DA:1315,83
DA:1316,83
DA:1317,83
DA:1318,3
DA:1319,3
DA:1320,1
DA:1321,1
DA:1322,1
DA:1323,1
DA:1324,1
DA:1325,1
DA:1326,1
DA:1327,2
DA:1328,2
DA:1329,1
DA:1330,1
DA:1331,1
DA:1332,1
DA:1333,1
DA:1334,1
DA:1335,3
DA:1336,3
DA:1337,1
DA:1338,1
DA:1339,3
DA:1340,83
DA:1341,83
DA:1342,83
DA:1343,83
DA:1344,83
DA:1345,83
DA:1346,83
DA:1347,83
DA:1348,83
DA:1349,83
DA:1350,83
DA:1351,83
DA:1352,4
DA:1353,4
DA:1354,2
DA:1355,2
DA:1356,2
DA:1357,2
DA:1358,2
DA:1359,1
DA:1360,1
DA:1361,1
DA:1362,1
DA:1363,1
DA:1364,1
DA:1365,4
DA:1366,4
DA:1367,1
DA:1368,1
DA:1369,4
DA:1370,83
DA:1371,83
DA:1372,83
DA:1373,83
DA:1374,83
DA:1375,83
DA:1376,83
DA:1377,83
DA:1378,83
DA:1379,83
DA:1380,83
DA:1381,83
DA:1382,83
DA:1383,3
DA:1384,3
DA:1385,1
DA:1386,1
DA:1387,1
DA:1388,1
DA:1389,1
DA:1390,1
DA:1391,1
DA:1392,2
DA:1393,2
DA:1394,1
DA:1395,1
DA:1396,1
DA:1397,1
DA:1398,1
DA:1399,1
DA:1400,3
DA:1401,3
DA:1402,1
DA:1403,1
DA:1404,3
DA:1405,83
DA:1406,83
DA:1407,83
DA:1408,83
DA:1409,83
DA:1410,83
DA:1411,83
DA:1412,83
DA:1413,83
DA:1414,83
DA:1415,83
DA:1416,83
DA:1417,4
DA:1418,4
DA:1419,2
DA:1420,2
DA:1421,2
DA:1422,2
DA:1423,2
DA:1424,1
DA:1425,1
DA:1426,1
DA:1427,1
DA:1428,1
DA:1429,1
DA:1430,4
DA:1431,4
DA:1432,1
DA:1433,1
DA:1434,4
DA:1435,83
DA:1436,83
DA:1437,83
DA:1438,83
DA:1439,83
DA:1440,83
DA:1441,83
DA:1442,83
DA:1443,83
DA:1444,83
DA:1445,83
DA:1446,83
DA:1447,83
DA:1448,3
DA:1449,3
DA:1450,1
DA:1451,1
DA:1452,1
DA:1453,1
DA:1454,1
DA:1455,1
DA:1456,1
DA:1457,2
DA:1458,2
DA:1459,1
DA:1460,1
DA:1461,1
DA:1462,1
DA:1463,1
DA:1464,1
DA:1465,3
DA:1466,3
DA:1467,1
DA:1468,1
DA:1469,3
DA:1470,83
DA:1471,83
DA:1472,83
DA:1473,83
DA:1474,83
DA:1475,83
DA:1476,83
DA:1477,83
DA:1478,83
DA:1479,83
DA:1480,83
DA:1481,83
DA:1482,4
DA:1483,4
DA:1484,2
DA:1485,2
DA:1486,2
DA:1487,2
DA:1488,2
DA:1489,1
DA:1490,1
DA:1491,1
DA:1492,1
DA:1493,1
DA:1494,1
DA:1495,4
DA:1496,4
DA:1497,1
DA:1498,1
DA:1499,4
DA:1500,83
DA:1501,83
DA:1502,83
DA:1503,83
DA:1504,83
DA:1505,83
DA:1506,83
DA:1507,83
DA:1508,83
DA:1509,83
DA:1510,83
DA:1511,83
DA:1512,83
DA:1513,3
DA:1514,3
DA:1515,1
DA:1516,1
DA:1517,1
DA:1518,1
DA:1519,1
DA:1520,1
DA:1521,1
DA:1522,2
DA:1523,2
DA:1524,1
DA:1525,1
DA:1526,1
DA:1527,1
DA:1528,1
DA:1529,1
DA:1530,3
DA:1531,3
DA:1532,1
DA:1533,1
DA:1534,3
DA:1535,83
DA:1536,83
DA:1537,83
DA:1538,83
DA:1539,83
DA:1540,83
DA:1541,83
DA:1542,83
DA:1543,83
DA:1544,83
DA:1545,83
DA:1546,83
DA:1547,4
DA:1548,4
DA:1549,2
DA:1550,2
DA:1551,2
DA:1552,2
DA:1553,2
DA:1554,1
DA:1555,1
DA:1556,1
DA:1557,1
DA:1558,1
DA:1559,1
DA:1560,4
DA:1561,4
DA:1562,1
DA:1563,1
DA:1564,4
DA:1565,83
DA:1566,83
DA:1567,83
DA:1568,83
DA:1569,83
DA:1570,83
DA:1571,83
DA:1572,83
DA:1573,83
DA:1574,83
DA:1575,83
DA:1576,83
DA:1577,83
DA:1578,3
DA:1579,3
DA:1580,1
DA:1581,1
DA:1582,1
DA:1583,1
DA:1584,1
DA:1585,1
DA:1586,1
DA:1587,2
DA:1588,2
DA:1589,1
DA:1590,1
DA:1591,1
DA:1592,1
DA:1593,1
DA:1594,1
DA:1595,3
DA:1596,3
DA:1597,1
DA:1598,1
DA:1599,3
DA:1600,83
DA:1601,83
DA:1602,83
DA:1603,83
DA:1604,83
DA:1605,83
DA:1606,83
DA:1607,83
DA:1608,83
DA:1609,83
DA:1610,83
DA:1611,83
DA:1612,4
DA:1613,4
DA:1614,2
DA:1615,2
DA:1616,2
DA:1617,2
DA:1618,2
DA:1619,1
DA:1620,1
DA:1621,1
DA:1622,1
DA:1623,1
DA:1624,1
DA:1625,4
DA:1626,4
DA:1627,1
DA:1628,1
DA:1629,4
DA:1630,83
DA:1631,83
DA:1632,83
DA:1633,83
DA:1634,83
DA:1635,83
DA:1636,83
DA:1637,83
DA:1638,83
DA:1639,83
DA:1640,83
DA:1641,83
DA:1642,83
DA:1643,3
DA:1644,3
DA:1645,1
DA:1646,1
DA:1647,1
DA:1648,1
DA:1649,1
DA:1650,1
DA:1651,1
DA:1652,2
DA:1653,2
DA:1654,1
DA:1655,1
DA:1656,1
DA:1657,1
DA:1658,1
DA:1659,1
DA:1660,3
DA:1661,3
DA:1662,1
DA:1663,1
DA:1664,3
DA:1665,83
DA:1666,83
DA:1667,83
DA:1668,83
DA:1669,83
DA:1670,83
DA:1671,83
DA:1672,83
DA:1673,83
DA:1674,83
DA:1675,83
DA:1676,83
DA:1677,4
DA:1678,4
DA:1679,2
DA:1680,2
DA:1681,2
DA:1682,2
DA:1683,2
DA:1684,1
DA:1685,1
DA:1686,1
DA:1687,1
DA:1688,1
DA:1689,1
DA:1690,4
DA:1691,4
DA:1692,1
DA:1693,1
DA:1694,4
DA:1695,83
DA:1696,83
DA:1697,83
DA:1698,83
DA:1699,83
DA:1700,83
DA:1701,83
DA:1702,83
DA:1703,83
DA:1704,83
DA:1705,83
DA:1706,83
DA:1707,83
DA:1708,3
DA:1709,3
DA:1710,1
DA:1711,1
DA:1712,1
DA:1713,1
DA:1714,1
DA:1715,1
DA:1716,1
DA:1717,2
DA:1718,2
DA:1719,1
DA:1720,1
DA:1721,1
DA:1722,1
DA:1723,1
DA:1724,1
DA:1725,3
DA:1726,3
DA:1727,1
DA:1728,1
DA:1729,3
DA:1730,83
DA:1731,83
DA:1732,83
DA:1733,83
DA:1734,83
DA:1735,83
DA:1736,83
DA:1737,83
DA:1738,83
DA:1739,83
DA:1740,83
DA:1741,83
DA:1742,4
DA:1743,4
DA:1744,2
DA:1745,2
DA:1746,2
DA:1747,2
DA:1748,2
DA:1749,1
DA:1750,1
DA:1751,1
DA:1752,1
DA:1753,1
DA:1754,1
DA:1755,4
DA:1756,4
DA:1757,1
DA:1758,1
DA:1759,4
DA:1760,83
DA:1761,83
DA:1762,83
DA:1763,83
DA:1764,83
DA:1765,83
DA:1766,83
DA:1767,83
DA:1768,83
DA:1769,83
DA:1770,83
DA:1771,83
DA:1772,83
DA:1773,3
DA:1774,3
DA:1775,1
DA:1776,1
DA:1777,1
DA:1778,1
DA:1779,1
DA:1780,1
DA:1781,1
DA:1782,2
DA:1783,2
DA:1784,1
DA:1785,1
DA:1786,1
DA:1787,1
DA:1788,1
DA:1789,1
DA:1790,3
DA:1791,3
DA:1792,1
DA:1793,1
DA:1794,3
DA:1795,83
DA:1796,83
DA:1797,83
DA:1798,83
DA:1799,83
DA:1800,83
DA:1801,83
DA:1802,83
DA:1803,83
DA:1804,83
DA:1805,83
DA:1806,83
DA:1807,4
DA:1808,4
DA:1809,2
DA:1810,2
DA:1811,2
DA:1812,2
DA:1813,2
DA:1814,1
DA:1815,1
DA:1816,1
DA:1817,1
DA:1818,1
DA:1819,1
DA:1820,4
DA:1821,4
DA:1822,1
DA:1823,1
DA:1824,4
DA:1825,83
DA:1826,83
DA:1827,83
DA:1828,83
DA:1829,83
DA:1830,83
DA:1831,83
DA:1832,83
DA:1833,83
DA:1834,83
DA:1835,83
DA:1836,83
DA:1837,83
DA:1838,3
DA:1839,3
DA:1840,1
DA:1841,1
DA:1842,1
DA:1843,1
DA:1844,1
DA:1845,1
DA:1846,1
DA:1847,2
DA:1848,2
DA:1849,1
DA:1850,1
DA:1851,1
DA:1852,1
DA:1853,1
DA:1854,1
DA:1855,3
DA:1856,3
DA:1857,1
DA:1858,1
DA:1859,3
DA:1860,83
DA:1861,83
DA:1862,83
DA:1863,83
DA:1864,83
DA:1865,83
DA:1866,83
DA:1867,83
DA:1868,83
DA:1869,83
DA:1870,83
DA:1871,83
DA:1872,4
DA:1873,4
DA:1874,2
DA:1875,2
DA:1876,2
DA:1877,2
DA:1878,2
DA:1879,1
DA:1880,1
DA:1881,1
DA:1882,1
DA:1883,1
DA:1884,1
DA:1885,4
DA:1886,4
DA:1887,1
DA:1888,1
DA:1889,4
DA:1890,83
DA:1891,83
DA:1892,83
DA:1893,83
DA:1894,83
DA:1895,83
DA:1896,83
DA:1897,83
DA:1898,83
DA:1899,83
DA:1900,83
DA:1901,83
DA:1902,83
DA:1903,3
DA:1904,3
DA:1905,1
DA:1906,1
DA:1907,1
DA:1908,1
DA:1909,1
DA:1910,1
DA:1911,1
DA:1912,2
DA:1913,2
DA:1914,1
DA:1915,1
DA:1916,1
DA:1917,1
DA:1918,1
DA:1919,1
DA:1920,3
DA:1921,3
DA:1922,1
DA:1923,1
DA:1924,3
DA:1925,83
DA:1926,83
DA:1927,83
DA:1928,83
DA:1929,83
DA:1930,83
DA:1931,83
DA:1932,83
DA:1933,83
DA:1934,83
DA:1935,83
DA:1936,83
DA:1937,4
DA:1938,4
DA:1939,2
DA:1940,2
DA:1941,2
DA:1942,2
DA:1943,2
DA:1944,1
DA:1945,1
DA:1946,1
DA:1947,1
DA:1948,1
DA:1949,1
DA:1950,4
DA:1951,4
DA:1952,1
DA:1953,1
DA:1954,4
DA:1955,83
DA:1956,83
DA:1957,83
DA:1958,83
DA:1959,83
DA:1960,83
DA:1961,83
DA:1962,83
DA:1963,83
DA:1964,83
DA:1965,83
DA:1966,83
DA:1967,83
DA:1968,3
DA:1969,3
DA:1970,1
DA:1971,1
DA:1972,1
DA:1973,1
DA:1974,1
DA:1975,1
DA:1976,1
DA:1977,2
DA:1978,2
DA:1979,1
DA:1980,1
DA:1981,1
DA:1982,1
DA:1983,1
DA:1984,1
DA:1985,3
DA:1986,3
DA:1987,1
DA:1988,1
DA:1989,3
DA:1990,83
DA:1991,83
DA:1992,83
DA:1993,83
DA:1994,83
DA:1995,83
DA:1996,83
DA:1997,83
DA:1998,83
DA:1999,83
DA:2000,83
DA:2001,83
DA:2002,4
DA:2003,4
DA:2004,2
DA:2005,2
DA:2006,2
DA:2007,2
DA:2008,2
DA:2009,1
DA:2010,1
DA:2011,1
DA:2012,1
DA:2013,1
DA:2014,1
DA:2015,4
DA:2016,4
DA:2017,1
DA:2018,1
DA:2019,4
DA:2020,83
DA:2021,83
DA:2022,83
DA:2023,83
DA:2024,83
DA:2025,83
DA:2026,83
DA:2027,83
DA:2028,83
DA:2029,83
DA:2030,83
DA:2031,83
DA:2032,83
DA:2033,3
DA:2034,3
DA:2035,1
DA:2036,1
DA:2037,1
DA:2038,1
DA:2039,1
DA:2040,1
DA:2041,1
DA:2042,2
DA:2043,2
DA:2044,1
DA:2045,1
DA:2046,1
DA:2047,1
DA:2048,1
DA:2049,1
DA:2050,3
DA:2051,3
DA:2052,1
DA:2053,1
DA:2054,3
DA:2055,83
DA:2056,83
DA:2057,83
DA:2058,83
DA:2059,83
DA:2060,83
DA:2061,83
DA:2062,83
DA:2063,83
DA:2064,83
DA:2065,83
DA:2066,83
DA:2067,4
DA:2068,4
DA:2069,2
DA:2070,2
DA:2071,2
DA:2072,2
DA:2073,2
DA:2074,1
DA:2075,1
DA:2076,1
DA:2077,1
DA:2078,1
DA:2079,1
DA:2080,4
DA:2081,4
DA:2082,1
DA:2083,1
DA:2084,4
DA:2085,83
DA:2086,83
DA:2087,83
DA:2088,83
DA:2089,83
DA:2090,83
DA:2091,83
DA:2092,83
DA:2093,83
DA:2094,83
DA:2095,83
DA:2096,83
DA:2097,83
DA:2098,3
DA:2099,3
DA:2100,1
DA:2101,1
DA:2102,1
DA:2103,1
DA:2104,1
DA:2105,1
DA:2106,1
DA:2107,2
DA:2108,2
DA:2109,1
DA:2110,1
DA:2111,1
DA:2112,1
DA:2113,1
DA:2114,1
DA:2115,3
DA:2116,3
DA:2117,1
DA:2118,1
DA:2119,3
DA:2120,83
DA:2121,83
DA:2122,83
DA:2123,83
DA:2124,83
DA:2125,83
DA:2126,83
DA:2127,83
DA:2128,83
DA:2129,83
DA:2130,83
DA:2131,83
DA:2132,4
DA:2133,4
DA:2134,2
DA:2135,2
DA:2136,2
DA:2137,2
DA:2138,2
DA:2139,1
DA:2140,1
DA:2141,1
DA:2142,1
DA:2143,1
DA:2144,1
DA:2145,4
DA:2146,4
DA:2147,1
DA:2148,1
DA:2149,4
DA:2150,83
DA:2151,83
DA:2152,83
DA:2153,83
DA:2154,83
DA:2155,83
DA:2156,83
DA:2157,83
DA:2158,83
DA:2159,83
DA:2160,83
DA:2161,83
DA:2162,83
DA:2163,3
DA:2164,3
DA:2165,1
DA:2166,1
DA:2167,1
DA:2168,1
DA:2169,1
DA:2170,1
DA:2171,1
DA:2172,2
DA:2173,2
DA:2174,1
DA:2175,1
DA:2176,1
DA:2177,1
DA:2178,1
DA:2179,1
DA:2180,3
DA:2181,3
DA:2182,1
DA:2183,1
DA:2184,3
DA:2185,83
DA:2186,83
DA:2187,83
DA:2188,83
DA:2189,83
DA:2190,83
DA:2191,83
DA:2192,83
DA:2193,83
DA:2194,83
DA:2195,83
DA:2196,83
DA:2197,4
DA:2198,4
DA:2199,2
DA:2200,2
DA:2201,2
DA:2202,2
DA:2203,2
DA:2204,1
DA:2205,1
DA:2206,1
DA:2207,1
DA:2208,1
DA:2209,1
DA:2210,4
DA:2211,4
DA:2212,1
DA:2213,1
DA:2214,4
DA:2215,83
DA:2216,83
DA:2217,83
DA:2218,83
DA:2219,83
DA:2220,83
DA:2221,83
DA:2222,83
DA:2223,83
DA:2224,83
DA:2225,83
DA:2226,83
DA:2227,83
DA:2228,3
DA:2229,3
DA:2230,1
DA:2231,1
DA:2232,1
DA:2233,1
DA:2234,1
DA:2235,1
DA:2236,1
DA:2237,2
DA:2238,2
DA:2239,1
DA:2240,1
DA:2241,1
DA:2242,1
DA:2243,1
DA:2244,1
DA:2245,3
DA:2246,3
DA:2247,1
DA:2248,1
DA:2249,3
DA:2250,83
DA:2251,83
DA:2252,83
DA:2253,83
DA:2254,83
DA:2255,83
DA:2256,83
DA:2257,83
DA:2258,83
DA:2259,83
DA:2260,83
DA:2261,83
DA:2262,4
DA:2263,4
DA:2264,2
DA:2265,2
DA:2266,2
DA:2267,2
DA:2268,2
DA:2269,1
DA:2270,1
DA:2271,1
DA:2272,1
DA:2273,1
DA:2274,1
DA:2275,4
DA:2276,4
DA:2277,1
DA:2278,1
DA:2279,4
DA:2280,83
DA:2281,83
DA:2282,83
DA:2283,83
DA:2284,83
DA:2285,83
DA:2286,83
DA:2287,83
DA:2288,83
DA:2289,83
DA:2290,83
DA:2291,83
DA:2292,83
DA:2293,3
DA:2294,3
DA:2295,1
DA:2296,1
DA:2297,1
DA:2298,1
DA:2299,1
DA:2300,1
DA:2301,1
DA:2302,2
DA:2303,2
DA:2304,1
DA:2305,1
DA:2306,1
DA:2307,1
DA:2308,1
DA:2309,1
DA:2310,3
DA:2311,3
DA:2312,1
DA:2313,1
DA:2314,3
DA:2315,83
DA:2316,83
DA:2317,83
DA:2318,83
DA:2319,83
DA:2320,83
DA:2321,83
DA:2322,83
DA:2323,83
DA:2324,83
DA:2325,83
DA:2326,83
DA:2327,4
DA:2328,4
DA:2329,2
DA:2330,2
DA:2331,2
DA:2332,2
DA:2333,2
DA:2334,1
DA:2335,1
DA:2336,1
DA:2337,1
DA:2338,1
DA:2339,1
DA:2340,4
DA:2341,4
DA:2342,1
DA:2343,1
DA:2344,4
DA:2345,83
DA:2346,83
DA:2347,83
DA:2348,83
DA:2349,83
DA:2350,83
DA:2351,83
DA:2352,83
DA:2353,83
DA:2354,83
DA:2355,83
DA:2356,83
DA:2357,83
DA:2358,3
DA:2359,3
DA:2360,1
DA:2361,1
DA:2362,1
DA:2363,1
DA:2364,1
DA:2365,1
DA:2366,1
DA:2367,2
DA:2368,2
DA:2369,1
DA:2370,1
DA:2371,1
DA:2372,1
DA:2373,1
DA:2374,1
DA:2375,3
DA:2376,3
DA:2377,1
DA:2378,1
DA:2379,3
DA:2380,83
DA:2381,83
DA:2382,83
DA:2383,83
DA:2384,83
DA:2385,83
DA:2386,83
DA:2387,83
DA:2388,83
DA:2389,83
DA:2390,83
DA:2391,83
DA:2392,4
DA:2393,4
DA:2394,2
DA:2395,2
DA:2396,2
DA:2397,2
DA:2398,2
DA:2399,1
DA:2400,1
DA:2401,1
DA:2402,1
DA:2403,1
DA:2404,1
DA:2405,4
DA:2406,4
DA:2407,1
DA:2408,1
DA:2409,4
DA:2410,83
DA:2411,83
DA:2412,83
DA:2413,83
DA:2414,83
DA:2415,83
DA:2416,83
DA:2417,83
DA:2418,83
DA:2419,83
DA:2420,83
DA:2421,83
DA:2422,83
DA:2423,3
DA:2424,3
DA:2425,1
DA:2426,1
DA:2427,1
DA:2428,1
DA:2429,1
DA:2430,1
DA:2431,1
DA:2432,2
DA:2433,2
DA:2434,1
DA:2435,1
DA:2436,1
DA:2437,1
DA:2438,1
DA:2439,1
DA:2440,3
DA:2441,3
DA:2442,1
DA:2443,1
DA:2444,3
DA:2445,83
DA:2446,83
DA:2447,83
DA:2448,83
DA:2449,83
DA:2450,83
DA:2451,83
DA:2452,83
DA:2453,83
DA:2454,83
DA:2455,83
DA:2456,83
DA:2457,4
DA:2458,4
DA:2459,2
DA:2460,2
DA:2461,2
DA:2462,2
DA:2463,2
DA:2464,1
DA:2465,1
DA:2466,1
DA:2467,1
DA:2468,1
DA:2469,1
DA:2470,4
DA:2471,4
DA:2472,1
DA:2473,1
DA:2474,4
DA:2475,83
DA:2476,83
DA:2477,83
DA:2478,83
DA:2479,83
DA:2480,83
DA:2481,83
DA:2482,83
DA:2483,83
DA:2484,83
DA:2485,83
DA:2486,83
DA:2487,83
DA:2488,3
DA:2489,3
DA:2490,1
DA:2491,1
DA:2492,1
DA:2493,1
DA:2494,1
DA:2495,1
DA:2496,1
DA:2497,2
DA:2498,2
DA:2499,1
DA:2500,1
DA:2501,1
DA:2502,1
DA:2503,1
DA:2504,1
DA:2505,3
DA:2506,3
DA:2507,1
DA:2508,1
DA:2509,3
DA:2510,83
DA:2511,83
DA:2512,83
DA:2513,83
DA:2514,83
DA:2515,83
DA:2516,83
DA:2517,83
DA:2518,83
DA:2519,83
DA:2520,83
DA:2521,83
DA:2522,4
DA:2523,4
DA:2524,2
DA:2525,2
DA:2526,2
DA:2527,2
DA:2528,2
DA:2529,1
DA:2530,1
DA:2531,1
DA:2532,1
DA:2533,1
DA:2534,1
DA:2535,4
DA:2536,4
DA:2537,1
DA:2538,1
DA:2539,4
DA:2540,83
DA:2541,83
DA:2542,83
DA:2543,83
DA:2544,83
DA:2545,83
DA:2546,83
DA:2547,83
DA:2548,83
DA:2549,83
DA:2550,83
DA:2551,83
DA:2552,83
DA:2553,3
DA:2554,3
DA:2555,1
DA:2556,1
DA:2557,1
DA:2558,1
DA:2559,1
DA:2560,1
DA:2561,1
DA:2562,2
DA:2563,2
DA:2564,1
DA:2565,1
DA:2566,1
DA:2567,1
DA:2568,1
DA:2569,1
DA:2570,3
DA:2571,3
DA:2572,1
DA:2573,1
DA:2574,3
DA:2575,83
DA:2576,83
DA:2577,83
DA:2578,83
DA:2579,83
DA:2580,83
DA:2581,83
DA:2582,83
DA:2583,83
DA:2584,83
DA:2585,83
DA:2586,83
DA:2587,4
DA:2588,4
DA:2589,2
DA:2590,2
DA:2591,2
DA:2592,2
DA:2593,1
DA:2594,1
DA:2595,1
DA:2596,1
DA:2597,1
DA:2598,4
DA:2599,4
DA:2600,1
DA:2601,1
DA:2602,4
DA:2603,83
DA:2604,83
DA:2605,83
DA:2606,83
DA:2607,83
DA:2608,83
DA:2609,83
DA:2610,83
DA:2611,83
DA:2612,83
DA:2613,83
DA:2614,83
DA:2615,83
DA:2616,3
DA:2617,3
DA:2618,1
DA:2619,1
DA:2620,1
DA:2621,1
DA:2622,1
DA:2623,1
DA:2624,1
DA:2625,2
DA:2626,2
DA:2627,1
DA:2628,1
DA:2629,1
DA:2630,1
DA:2631,1
DA:2632,1
DA:2633,3
DA:2634,3
DA:2635,1
DA:2636,1
DA:2637,3
DA:2638,83
DA:2639,83
DA:2640,83
DA:2641,83
DA:2642,83
DA:2643,83
DA:2644,83
DA:2645,83
DA:2646,83
DA:2647,83
DA:2648,83
DA:2649,83
DA:2650,4
DA:2651,4
DA:2652,2
DA:2653,2
DA:2654,2
DA:2655,2
DA:2656,1
DA:2657,1
DA:2658,1
DA:2659,1
DA:2660,1
DA:2661,4
DA:2662,4
DA:2663,1
DA:2664,1
DA:2665,4
DA:2666,83
DA:2667,83
DA:2668,83
DA:2669,83
DA:2670,83
DA:2671,83
DA:2672,83
DA:2673,83
DA:2674,83
DA:2675,83
DA:2676,83
DA:2677,83
DA:2678,83
DA:2679,3
DA:2680,3
DA:2681,1
DA:2682,1
DA:2683,1
DA:2684,1
DA:2685,1
DA:2686,1
DA:2687,1
DA:2688,2
DA:2689,2
DA:2690,1
DA:2691,1
DA:2692,1
DA:2693,1
DA:2694,1
DA:2695,1
DA:2696,3
DA:2697,3
DA:2698,1
DA:2699,1
DA:2700,3
DA:2701,83
DA:2702,83
DA:2703,83
DA:2704,83
DA:2705,83
DA:2706,83
DA:2707,83
DA:2708,83
DA:2709,83
DA:2710,83
DA:2711,83
DA:2712,83
DA:2713,4
DA:2714,4
DA:2715,2
DA:2716,2
DA:2717,2
DA:2718,2
DA:2719,2
DA:2720,1
DA:2721,1
DA:2722,1
DA:2723,1
DA:2724,1
DA:2725,1
DA:2726,4
DA:2727,4
DA:2728,1
DA:2729,1
DA:2730,4
DA:2731,83
DA:2732,83
DA:2733,83
DA:2734,83
DA:2735,83
DA:2736,83
DA:2737,83
DA:2738,83
DA:2739,83
DA:2740,83
DA:2741,83
DA:2742,83
DA:2743,83
DA:2744,3
DA:2745,3
DA:2746,1
DA:2747,1
DA:2748,1
DA:2749,1
DA:2750,1
DA:2751,1
DA:2752,1
DA:2753,2
DA:2754,2
DA:2755,1
DA:2756,1
DA:2757,1
DA:2758,1
DA:2759,1
DA:2760,1
DA:2761,3
DA:2762,3
DA:2763,1
DA:2764,1
DA:2765,3
DA:2766,83
DA:2767,83
DA:2768,83
DA:2769,83
DA:2770,83
DA:2771,83
DA:2772,83
DA:2773,83
DA:2774,83
DA:2775,83
DA:2776,83
DA:2777,83
DA:2778,4
DA:2779,4
DA:2780,2
DA:2781,2
DA:2782,2
DA:2783,2
DA:2784,1
DA:2785,1
DA:2786,1
DA:2787,1
DA:2788,1
DA:2789,4
DA:2790,4
DA:2791,1
DA:2792,1
DA:2793,4
DA:2794,83
DA:2795,83
DA:2796,83
DA:2797,83
DA:2798,83
DA:2799,83
DA:2800,83
DA:2801,83
DA:2802,83
DA:2803,83
DA:2804,83
DA:2805,83
DA:2806,83
DA:2807,3
DA:2808,3
DA:2809,1
DA:2810,1
DA:2811,1
DA:2812,1
DA:2813,1
DA:2814,1
DA:2815,1
DA:2816,2
DA:2817,2
DA:2818,1
DA:2819,1
DA:2820,1
DA:2821,1
DA:2822,1
DA:2823,1
DA:2824,3
DA:2825,3
DA:2826,1
DA:2827,1
DA:2828,3
DA:2829,83
DA:2830,83
DA:2831,83
DA:2832,83
DA:2833,83
DA:2834,83
DA:2835,83
DA:2836,83
DA:2837,83
DA:2838,83
DA:2839,83
DA:2840,83
DA:2841,4
DA:2842,4
DA:2843,2
DA:2844,2
DA:2845,2
DA:2846,2
DA:2847,2
DA:2848,1
DA:2849,1
DA:2850,1
DA:2851,1
DA:2852,1
DA:2853,1
DA:2854,4
DA:2855,4
DA:2856,1
DA:2857,1
DA:2858,4
DA:2859,83
DA:2860,83
DA:2861,83
DA:2862,83
DA:2863,83
DA:2864,83
DA:2865,83
DA:2866,83
DA:2867,83
DA:2868,83
DA:2869,83
DA:2870,83
DA:2871,83
DA:2872,3
DA:2873,3
DA:2874,1
DA:2875,1
DA:2876,1
DA:2877,1
DA:2878,1
DA:2879,1
DA:2880,1
DA:2881,2
DA:2882,2
DA:2883,1
DA:2884,1
DA:2885,1
DA:2886,1
DA:2887,1
DA:2888,1
DA:2889,3
DA:2890,3
DA:2891,1
DA:2892,1
DA:2893,3
DA:2894,83
DA:2895,83
DA:2896,83
DA:2897,83
DA:2898,83
DA:2899,83
DA:2900,83
DA:2901,83
DA:2902,83
DA:2903,83
DA:2904,83
DA:2905,83
DA:2906,4
DA:2907,4
DA:2908,2
DA:2909,2
DA:2910,2
DA:2911,2
DA:2912,2
DA:2913,1
DA:2914,1
DA:2915,1
DA:2916,1
DA:2917,1
DA:2918,1
DA:2919,4
DA:2920,4
DA:2921,1
DA:2922,1
DA:2923,4
DA:2924,83
DA:2925,83
DA:2926,83
DA:2927,83
DA:2928,83
DA:2929,83
DA:2930,83
DA:2931,83
DA:2932,83
DA:2933,83
DA:2934,83
DA:2935,83
DA:2936,83
DA:2937,3
DA:2938,3
DA:2939,1
DA:2940,1
DA:2941,1
DA:2942,1
DA:2943,1
DA:2944,1
DA:2945,1
DA:2946,2
DA:2947,2
DA:2948,1
DA:2949,1
DA:2950,1
DA:2951,1
DA:2952,1
DA:2953,1
DA:2954,3
DA:2955,3
DA:2956,1
DA:2957,1
DA:2958,3
DA:2959,83
DA:2960,83
DA:2961,83
DA:2962,83
DA:2963,83
DA:2964,83
DA:2965,83
DA:2966,83
DA:2967,83
DA:2968,83
DA:2969,83
DA:2970,83
DA:2971,4
DA:2972,4
DA:2973,2
DA:2974,2
DA:2975,2
DA:2976,2
DA:2977,1
DA:2978,1
DA:2979,1
DA:2980,1
DA:2981,1
DA:2982,4
DA:2983,4
DA:2984,1
DA:2985,1
DA:2986,4
DA:2987,83
DA:2988,83
DA:2989,83
DA:2990,83
DA:2991,83
DA:2992,83
DA:2993,83
DA:2994,83
DA:2995,83
DA:2996,83
DA:2997,83
DA:2998,83
DA:2999,83
DA:3000,3
DA:3001,3
DA:3002,1
DA:3003,1
DA:3004,1
DA:3005,1
DA:3006,1
DA:3007,1
DA:3008,1
DA:3009,2
DA:3010,2
DA:3011,1
DA:3012,1
DA:3013,1
DA:3014,1
DA:3015,1
DA:3016,1
DA:3017,3
DA:3018,3
DA:3019,1
DA:3020,1
DA:3021,3
DA:3022,83
DA:3023,83
DA:3024,83
DA:3025,83
DA:3026,83
DA:3027,83
DA:3028,83
DA:3029,83
DA:3030,83
DA:3031,83
DA:3032,83
DA:3033,83
DA:3034,4
DA:3035,4
DA:3036,2
DA:3037,2
DA:3038,2
DA:3039,2
DA:3040,1
DA:3041,1
DA:3042,1
DA:3043,1
DA:3044,1
DA:3045,4
DA:3046,4
DA:3047,1
DA:3048,1
DA:3049,4
DA:3050,83
DA:3051,83
DA:3052,83
DA:3053,83
DA:3054,83
DA:3055,83
DA:3056,83
DA:3057,83
DA:3058,83
DA:3059,83
DA:3060,83
DA:3061,83
DA:3062,83
DA:3063,3
DA:3064,3
DA:3065,1
DA:3066,1
DA:3067,1
DA:3068,1
DA:3069,1
DA:3070,1
DA:3071,1
DA:3072,2
DA:3073,2
DA:3074,1
DA:3075,1
DA:3076,1
DA:3077,1
DA:3078,1
DA:3079,1
DA:3080,3
DA:3081,3
DA:3082,1
DA:3083,1
DA:3084,3
DA:3085,83
DA:3086,83
DA:3087,83
DA:3088,83
DA:3089,83
DA:3090,83
DA:3091,83
DA:3092,83
DA:3093,83
DA:3094,83
DA:3095,83
DA:3096,83
DA:3097,4
DA:3098,4
DA:3099,2
DA:3100,2
DA:3101,2
DA:3102,2
DA:3103,1
DA:3104,1
DA:3105,1
DA:3106,1
DA:3107,1
DA:3108,4
DA:3109,4
DA:3110,1
DA:3111,1
DA:3112,4
DA:3113,83
DA:3114,83
DA:3115,83
DA:3116,83
DA:3117,83
DA:3118,83
DA:3119,83
DA:3120,83
DA:3121,83
DA:3122,83
DA:3123,83
DA:3124,83
DA:3125,83
DA:3126,3
DA:3127,3
DA:3128,1
DA:3129,1
DA:3130,1
DA:3131,1
DA:3132,1
DA:3133,1
DA:3134,1
DA:3135,2
DA:3136,2
DA:3137,1
DA:3138,1
DA:3139,1
DA:3140,1
DA:3141,1
DA:3142,1
DA:3143,3
DA:3144,3
DA:3145,1
DA:3146,1
DA:3147,3
DA:3148,83
DA:3149,83
DA:3150,83
DA:3151,83
DA:3152,83
DA:3153,83
DA:3154,83
DA:3155,83
DA:3156,83
DA:3157,83
DA:3158,83
DA:3159,83
DA:3160,83
DA:3161,6
DA:3162,6
DA:3163,6
DA:3164,6
DA:3165,4
DA:3166,4
DA:3167,6
DA:3168,6
DA:3169,6
DA:3170,2
DA:3171,2
DA:3172,6
DA:3173,83
DA:3174,83
DA:3175,83
DA:3176,83
DA:3177,83
DA:3178,83
DA:3179,83
DA:3180,83
DA:3181,83
DA:3182,83
DA:3183,83
DA:3184,83
DA:3185,83
DA:3186,83
DA:3187,4
DA:3188,4
DA:3189,4
DA:3190,4
DA:3191,4
DA:3192,2
DA:3193,2
DA:3194,4
DA:3195,83
DA:3196,83
DA:3197,83
DA:3198,83
DA:3199,83
DA:3200,83
DA:3201,83
DA:3202,83
DA:3203,83
DA:3204,83
DA:3205,83
DA:3206,83
DA:3207,83
DA:3208,6
DA:3209,6
DA:3210,6
DA:3211,6
DA:3212,4
DA:3213,4
DA:3214,6
DA:3215,6
DA:3216,6
DA:3217,2
DA:3218,2
DA:3219,6
DA:3220,83
DA:3221,83
DA:3222,83
DA:3223,83
DA:3224,83
DA:3225,83
DA:3226,83
DA:3227,83
DA:3228,83
DA:3229,83
DA:3230,83
DA:3231,83
DA:3232,83
DA:3233,83
DA:3234,4
DA:3235,4
DA:3236,4
DA:3237,4
DA:3238,4
DA:3239,2
DA:3240,2
DA:3241,4
DA:3242,83
DA:3243,83
DA:3244,83
DA:3245,83
DA:3246,83
DA:3247,83
DA:3248,83
DA:3249,83
DA:3250,83
DA:3251,83
DA:3252,83
DA:3253,83
DA:3254,83
DA:3255,6
DA:3256,6
DA:3257,6
DA:3258,6
DA:3259,4
DA:3260,4
DA:3261,6
DA:3262,6
DA:3263,6
DA:3264,2
DA:3265,2
DA:3266,6
DA:3267,83
DA:3268,83
DA:3269,83
DA:3270,83
DA:3271,83
DA:3272,83
DA:3273,83
DA:3274,83
DA:3275,83
DA:3276,83
DA:3277,83
DA:3278,83
DA:3279,83
DA:3280,83
DA:3281,4
DA:3282,4
DA:3283,4
DA:3284,4
DA:3285,4
DA:3286,2
DA:3287,2
DA:3288,4
DA:3289,83
DA:3290,83
DA:3291,83
DA:3292,83
DA:3293,83
DA:3294,83
DA:3295,83
DA:3296,83
DA:3297,83
DA:3298,83
DA:3299,83
DA:3300,83
DA:3301,83
DA:3302,6
DA:3303,6
DA:3304,6
DA:3305,6
DA:3306,4
DA:3307,4
DA:3308,6
DA:3309,6
DA:3310,6
DA:3311,2
DA:3312,2
DA:3313,6
DA:3314,83
DA:3315,83
DA:3316,83
DA:3317,83
DA:3318,83
DA:3319,83
DA:3320,83
DA:3321,83
DA:3322,83
DA:3323,83
DA:3324,83
DA:3325,83
DA:3326,83
DA:3327,83
DA:3328,4
DA:3329,4
DA:3330,4
DA:3331,4
DA:3332,4
DA:3333,2
DA:3334,2
DA:3335,4
DA:3336,83
DA:3337,83
DA:3338,83
DA:3339,83
DA:3340,83
DA:3341,83
DA:3342,83
DA:3343,83
DA:3344,83
DA:3345,83
DA:3346,83
DA:3347,83
DA:3348,83
DA:3349,6
DA:3350,6
DA:3351,6
DA:3352,6
DA:3353,4
DA:3354,4
DA:3355,6
DA:3356,6
DA:3357,6
DA:3358,2
DA:3359,2
DA:3360,6
DA:3361,83
DA:3362,83
DA:3363,83
DA:3364,83
DA:3365,83
DA:3366,83
DA:3367,83
DA:3368,83
DA:3369,83
DA:3370,83
DA:3371,83
DA:3372,83
DA:3373,83
DA:3374,83
DA:3375,4
DA:3376,4
DA:3377,4
DA:3378,4
DA:3379,4
DA:3380,2
DA:3381,2
DA:3382,4
DA:3383,83
DA:3384,83
DA:3385,83
DA:3386,83
DA:3387,83
DA:3388,83
DA:3389,83
DA:3390,83
DA:3391,83
DA:3392,83
DA:3393,83
DA:3394,83
DA:3395,83
DA:3396,6
DA:3397,6
DA:3398,6
DA:3399,6
DA:3400,4
DA:3401,4
DA:3402,6
DA:3403,6
DA:3404,6
DA:3405,2
DA:3406,2
DA:3407,6
DA:3408,83
DA:3409,83
DA:3410,83
DA:3411,83
DA:3412,83
DA:3413,83
DA:3414,83
DA:3415,83
DA:3416,83
DA:3417,83
DA:3418,83
DA:3419,83
DA:3420,83
DA:3421,83
DA:3422,4
DA:3423,4
DA:3424,4
DA:3425,4
DA:3426,4
DA:3427,2
DA:3428,2
DA:3429,4
DA:3430,83
DA:3431,83
DA:3432,83
DA:3433,83
DA:3434,83
DA:3435,83
DA:3436,83
DA:3437,83
DA:3438,83
DA:3439,83
DA:3440,83
DA:3441,83
DA:3442,83
DA:3443,6
DA:3444,6
DA:3445,6
DA:3446,6
DA:3447,4
DA:3448,4
DA:3449,6
DA:3450,6
DA:3451,6
DA:3452,2
DA:3453,2
DA:3454,6
DA:3455,83
DA:3456,83
DA:3457,83
DA:3458,83
DA:3459,83
DA:3460,83
DA:3461,83
DA:3462,83
DA:3463,83
DA:3464,83
DA:3465,83
DA:3466,83
DA:3467,83
DA:3468,83
DA:3469,4
DA:3470,4
DA:3471,4
DA:3472,4
DA:3473,4
DA:3474,2
DA:3475,2
DA:3476,4
DA:3477,83
DA:3478,83
DA:3479,83
DA:3480,83
DA:3481,83
DA:3482,83
DA:3483,83
DA:3484,83
DA:3485,83
DA:3486,83
DA:3487,83
DA:3488,83
DA:3489,83
DA:3490,6
DA:3491,6
DA:3492,6
DA:3493,6
DA:3494,4
DA:3495,4
DA:3496,6
DA:3497,6
DA:3498,6
DA:3499,2
DA:3500,2
DA:3501,6
DA:3502,83
DA:3503,83
DA:3504,83
DA:3505,83
DA:3506,83
DA:3507,83
DA:3508,83
DA:3509,83
DA:3510,83
DA:3511,83
DA:3512,83
DA:3513,83
DA:3514,83
DA:3515,83
DA:3516,4
DA:3517,4
DA:3518,4
DA:3519,4
DA:3520,4
DA:3521,2
DA:3522,2
DA:3523,4
DA:3524,83
DA:3525,83
DA:3526,83
DA:3527,83
DA:3528,83
DA:3529,83
DA:3530,83
DA:3531,83
DA:3532,83
DA:3533,83
DA:3534,83
DA:3535,83
DA:3536,83
DA:3537,6
DA:3538,6
DA:3539,6
DA:3540,6
DA:3541,4
DA:3542,4
DA:3543,6
DA:3544,6
DA:3545,6
DA:3546,2
DA:3547,2
DA:3548,6
DA:3549,83
DA:3550,83
DA:3551,83
DA:3552,83
DA:3553,83
DA:3554,83
DA:3555,83
DA:3556,83
DA:3557,83
DA:3558,83
DA:3559,83
DA:3560,83
DA:3561,83
DA:3562,83
DA:3563,4
DA:3564,4
DA:3565,4
DA:3566,4
DA:3567,4
DA:3568,2
DA:3569,2
DA:3570,4
DA:3571,83
DA:3572,83
DA:3573,83
DA:3574,83
DA:3575,83
DA:3576,83
DA:3577,83
DA:3578,83
DA:3579,83
DA:3580,83
DA:3581,83
DA:3582,83
DA:3583,83
DA:3584,6
DA:3585,6
DA:3586,6
DA:3587,6
DA:3588,4
DA:3589,4
DA:3590,6
DA:3591,6
DA:3592,6
DA:3593,2
DA:3594,2
DA:3595,6
DA:3596,83
DA:3597,83
DA:3598,83
DA:3599,83
DA:3600,83
DA:3601,83
DA:3602,83
DA:3603,83
DA:3604,83
DA:3605,83
DA:3606,83
DA:3607,83
DA:3608,83
DA:3609,83
DA:3610,4
DA:3611,4
DA:3612,4
DA:3613,4
DA:3614,4
DA:3615,2
DA:3616,2
DA:3617,4
DA:3618,83
DA:3619,83
DA:3620,83
DA:3621,83
DA:3622,83
DA:3623,83
DA:3624,83
DA:3625,83
DA:3626,83
DA:3627,83
DA:3628,83
DA:3629,83
DA:3630,83
DA:3631,6
DA:3632,6
DA:3633,6
DA:3634,6
DA:3635,4
DA:3636,4
DA:3637,6
DA:3638,6
DA:3639,6
DA:3640,2
DA:3641,2
DA:3642,6
DA:3643,83
DA:3644,83
DA:3645,83
DA:3646,83
DA:3647,83
DA:3648,83
DA:3649,83
DA:3650,83
DA:3651,83
DA:3652,83
DA:3653,83
DA:3654,83
DA:3655,83
DA:3656,83
DA:3657,4
DA:3658,4
DA:3659,4
DA:3660,4
DA:3661,4
DA:3662,2
DA:3663,2
DA:3664,4
DA:3665,83
DA:3666,83
DA:3667,83
DA:3668,83
DA:3669,83
DA:3670,83
DA:3671,83
DA:3672,83
DA:3673,83
DA:3674,83
DA:3675,83
DA:3676,83
DA:3677,83
DA:3678,6
DA:3679,6
DA:3680,6
DA:3681,6
DA:3682,4
DA:3683,4
DA:3684,6
DA:3685,6
DA:3686,6
DA:3687,2
DA:3688,2
DA:3689,6
DA:3690,83
DA:3691,83
DA:3692,83
DA:3693,83
DA:3694,83
DA:3695,83
DA:3696,83
DA:3697,83
DA:3698,83
DA:3699,83
DA:3700,83
DA:3701,83
DA:3702,83
DA:3703,83
DA:3704,4
DA:3705,4
DA:3706,4
DA:3707,4
DA:3708,4
DA:3709,2
DA:3710,2
DA:3711,4
DA:3712,83
DA:3713,83
DA:3714,83
DA:3715,83
DA:3716,83
DA:3717,83
DA:3718,83
DA:3719,83
DA:3720,83
DA:3721,83
DA:3722,83
DA:3723,83
DA:3724,83
DA:3725,6
DA:3726,6
DA:3727,6
DA:3728,6
DA:3729,4
DA:3730,4
DA:3731,6
DA:3732,6
DA:3733,6
DA:3734,2
DA:3735,2
DA:3736,6
DA:3737,83
DA:3738,83
DA:3739,83
DA:3740,83
DA:3741,83
DA:3742,83
DA:3743,83
DA:3744,83
DA:3745,83
DA:3746,83
DA:3747,83
DA:3748,83
DA:3749,83
DA:3750,83
DA:3751,4
DA:3752,4
DA:3753,4
DA:3754,4
DA:3755,4
DA:3756,2
DA:3757,2
DA:3758,4
DA:3759,83
DA:3760,83
DA:3761,83
DA:3762,83
DA:3763,83
DA:3764,83
DA:3765,83
DA:3766,83
DA:3767,83
DA:3768,83
DA:3769,83
DA:3770,83
DA:3771,83
DA:3772,6
DA:3773,6
DA:3774,6
DA:3775,6
DA:3776,4
DA:3777,4
DA:3778,6
DA:3779,6
DA:3780,6
DA:3781,2
DA:3782,2
DA:3783,6
DA:3784,83
DA:3785,83
DA:3786,83
DA:3787,83
DA:3788,83
DA:3789,83
DA:3790,83
DA:3791,83
DA:3792,83
DA:3793,83
DA:3794,83
DA:3795,83
DA:3796,83
DA:3797,83
DA:3798,4
DA:3799,4
DA:3800,4
DA:3801,4
DA:3802,4
DA:3803,2
DA:3804,2
DA:3805,4
DA:3806,83
DA:3807,83
DA:3808,83
DA:3809,83
DA:3810,83
DA:3811,83
DA:3812,83
DA:3813,83
DA:3814,83
DA:3815,83
DA:3816,83
DA:3817,83
DA:3818,83
DA:3819,6
DA:3820,6
DA:3821,6
DA:3822,6
DA:3823,4
DA:3824,4
DA:3825,6
DA:3826,6
DA:3827,6
DA:3828,2
DA:3829,2
DA:3830,6
DA:3831,83
DA:3832,83
DA:3833,83
DA:3834,83
DA:3835,83
DA:3836,83
DA:3837,83
DA:3838,83
DA:3839,83
DA:3840,83
DA:3841,83
DA:3842,83
DA:3843,83
DA:3844,83
DA:3845,4
DA:3846,4
DA:3847,4
DA:3848,4
DA:3849,4
DA:3850,2
DA:3851,2
DA:3852,4
DA:3853,83
DA:3854,83
DA:3855,83
DA:3856,83
DA:3857,83
DA:3858,83
DA:3859,83
DA:3860,83
DA:3861,83
DA:3862,83
DA:3863,83
DA:3864,83
DA:3865,83
DA:3866,6
DA:3867,6
DA:3868,6
DA:3869,6
DA:3870,4
DA:3871,4
DA:3872,6
DA:3873,6
DA:3874,6
DA:3875,2
DA:3876,2
DA:3877,6
DA:3878,83
DA:3879,83
DA:3880,83
DA:3881,83
DA:3882,83
DA:3883,83
DA:3884,83
DA:3885,83
DA:3886,83
DA:3887,83
DA:3888,83
DA:3889,83
DA:3890,83
DA:3891,83
DA:3892,4
DA:3893,4
DA:3894,4
DA:3895,4
DA:3896,4
DA:3897,2
DA:3898,2
DA:3899,4
DA:3900,83
DA:3901,83
DA:3902,83
DA:3903,83
DA:3904,83
DA:3905,83
DA:3906,83
DA:3907,83
DA:3908,83
DA:3909,83
DA:3910,83
DA:3911,83
DA:3912,83
DA:3913,6
DA:3914,6
DA:3915,6
DA:3916,6
DA:3917,4
DA:3918,4
DA:3919,6
DA:3920,6
DA:3921,6
DA:3922,2
DA:3923,2
DA:3924,6
DA:3925,83
DA:3926,83
DA:3927,83
DA:3928,83
DA:3929,83
DA:3930,83
DA:3931,83
DA:3932,83
DA:3933,83
DA:3934,83
DA:3935,83
DA:3936,83
DA:3937,83
DA:3938,83
DA:3939,4
DA:3940,4
DA:3941,4
DA:3942,4
DA:3943,4
DA:3944,2
DA:3945,2
DA:3946,4
DA:3947,83
DA:3948,83
DA:3949,83
DA:3950,83
DA:3951,83
DA:3952,83
DA:3953,83
DA:3954,83
DA:3955,83
DA:3956,83
DA:3957,83
DA:3958,83
DA:3959,83
DA:3960,6
DA:3961,6
DA:3962,6
DA:3963,6
DA:3964,4
DA:3965,4
DA:3966,6
DA:3967,6
DA:3968,6
DA:3969,2
DA:3970,2
DA:3971,6
DA:3972,83
DA:3973,83
DA:3974,83
DA:3975,83
DA:3976,83
DA:3977,83
DA:3978,83
DA:3979,83
DA:3980,83
DA:3981,83
DA:3982,83
DA:3983,83
DA:3984,83
DA:3985,83
DA:3986,4
DA:3987,4
DA:3988,4
DA:3989,4
DA:3990,4
DA:3991,2
DA:3992,2
DA:3993,4
DA:3994,83
DA:3995,83
DA:3996,83
DA:3997,83
DA:3998,83
DA:3999,83
DA:4000,83
DA:4001,83
DA:4002,83
DA:4003,83
DA:4004,83
DA:4005,83
DA:4006,83
DA:4007,6
DA:4008,6
DA:4009,6
DA:4010,6
DA:4011,4
DA:4012,4
DA:4013,6
DA:4014,6
DA:4015,6
DA:4016,2
DA:4017,2
DA:4018,6
DA:4019,83
DA:4020,83
DA:4021,83
DA:4022,83
DA:4023,83
DA:4024,83
DA:4025,83
DA:4026,83
DA:4027,83
DA:4028,83
DA:4029,83
DA:4030,83
DA:4031,83
DA:4032,83
DA:4033,4
DA:4034,4
DA:4035,4
DA:4036,4
DA:4037,4
DA:4038,2
DA:4039,2
DA:4040,4
DA:4041,83
DA:4042,83
DA:4043,83
DA:4044,83
DA:4045,83
DA:4046,83
DA:4047,83
DA:4048,83
DA:4049,83
DA:4050,83
DA:4051,83
DA:4052,83
DA:4053,83
DA:4054,6
DA:4055,6
DA:4056,6
DA:4057,6
DA:4058,4
DA:4059,4
DA:4060,6
DA:4061,6
DA:4062,6
DA:4063,2
DA:4064,2
DA:4065,6
DA:4066,83
DA:4067,83
DA:4068,83
DA:4069,83
DA:4070,83
DA:4071,83
DA:4072,83
DA:4073,83
DA:4074,83
DA:4075,83
DA:4076,83
DA:4077,83
DA:4078,83
DA:4079,83
DA:4080,4
DA:4081,4
DA:4082,4
DA:4083,4
DA:4084,4
DA:4085,2
DA:4086,2
DA:4087,4
DA:4088,83
DA:4089,83
DA:4090,83
DA:4091,83
DA:4092,83
DA:4093,83
DA:4094,83
DA:4095,83
DA:4096,83
DA:4097,83
DA:4098,83
DA:4099,83
DA:4100,83
DA:4101,83
DA:4102,83
DA:4103,6
DA:4104,6
DA:4105,6
DA:4106,6
DA:4107,4
DA:4108,4
DA:4109,6
DA:4110,6
DA:4111,6
DA:4112,2
DA:4113,2
DA:4114,6
DA:4115,83
DA:4116,83
DA:4117,83
DA:4118,83
DA:4119,83
DA:4120,83
DA:4121,83
DA:4122,83
DA:4123,83
DA:4124,83
DA:4125,83
DA:4126,83
DA:4127,83
DA:4128,83
DA:4129,4
DA:4130,4
DA:4131,4
DA:4132,4
DA:4133,4
DA:4134,2
DA:4135,2
DA:4136,4
DA:4137,83
DA:4138,83
DA:4139,83
DA:4140,83
DA:4141,83
DA:4142,83
DA:4143,83
DA:4144,83
DA:4145,83
DA:4146,83
DA:4147,83
DA:4148,83
DA:4149,83
DA:4150,6
DA:4151,6
DA:4152,6
DA:4153,6
DA:4154,4
DA:4155,4
DA:4156,6
DA:4157,6
DA:4158,6
DA:4159,2
DA:4160,2
DA:4161,6
DA:4162,83
DA:4163,83
DA:4164,83
DA:4165,83
DA:4166,83
DA:4167,83
DA:4168,83
DA:4169,83
DA:4170,83
DA:4171,83
DA:4172,83
DA:4173,83
DA:4174,83
DA:4175,83
DA:4176,4
DA:4177,4
DA:4178,4
DA:4179,4
DA:4180,4
DA:4181,2
DA:4182,2
DA:4183,4
DA:4184,83
DA:4185,83
DA:4186,83
DA:4187,83
DA:4188,83
DA:4189,83
DA:4190,83
DA:4191,83
DA:4192,83
DA:4193,83
DA:4194,83
DA:4195,83
DA:4196,83
DA:4197,6
DA:4198,6
DA:4199,6
DA:4200,6
DA:4201,4
DA:4202,4
DA:4203,6
DA:4204,6
DA:4205,6
DA:4206,2
DA:4207,2
DA:4208,6
DA:4209,83
DA:4210,83
DA:4211,83
DA:4212,83
DA:4213,83
DA:4214,83
DA:4215,83
DA:4216,83
DA:4217,83
DA:4218,83
DA:4219,83
DA:4220,83
DA:4221,83
DA:4222,83
DA:4223,4
DA:4224,4
DA:4225,4
DA:4226,4
DA:4227,4
DA:4228,2
DA:4229,2
DA:4230,4
DA:4231,83
DA:4232,1
DA:4233,1
LH:4233
LF:4233
end_of_record
SF:test/utils.test.js
FN:35,anonymous_0
FN:41,anonymous_1
FN:45,anonymous_2
FN:58,loadTestData
FN:70,testData.method
FN:89,testData.method
FN:104,testData.method
FN:119,testData.method
FN:134,testData.method
FN:159,nodeRunner
FN:162,anonymous_10
FN:164,anonymous_11
FN:177,defRunner
FN:210,makeTest
FNDA:1,anonymous_0
FNDA:1,anonymous_1
FNDA:0,anonymous_2
FNDA:1,loadTestData
FNDA:1,testData.method
FNDA:1,testData.method
FNDA:1,testData.method
FNDA:1,testData.method
FNDA:1,testData.method
FNDA:1,nodeRunner
FNDA:5,anonymous_10
FNDA:5,anonymous_11
FNDA:0,defRunner
FNDA:5,makeTest
FNF:14
FNH:14
BRDA:1,0,0,1
BRDA:35,1,0,1
BRDA:48,2,0,0
BRDA:41,3,0,1
BRDA:58,4,0,1
BRDA:70,5,0,1
BRDA:89,6,0,1
BRDA:104,7,0,1
BRDA:119,8,0,1
BRDA:134,9,0,1
BRDA:159,10,0,1
BRDA:162,11,0,1
BRDA:163,12,0,5
BRDA:164,13,0,5
BRDA:210,14,0,5
BRDA:218,15,0,0
BRDA:222,16,0,0
BRF:17
BRH:15
DA:1,1
DA:2,1
DA:3,1
DA:4,1
DA:5,1
DA:6,1
DA:7,1
DA:8,1
DA:9,1
DA:10,1
DA:11,1
DA:12,1
DA:13,1
DA:14,1
DA:15,1
DA:16,1
DA:17,1
DA:18,1
DA:19,1
DA:20,1
DA:21,1
DA:22,1
DA:23,1
DA:24,1
DA:25,1
DA:26,1
DA:27,1
DA:28,1
DA:29,1
DA:30,1
DA:31,1
DA:32,1
DA:33,1
DA:34,1
DA:35,1
DA:36,1
DA:37,1
DA:38,1
DA:39,1
DA:40,1
DA:41,1
DA:42,1
DA:43,1
DA:44,1
DA:52,1
DA:53,1
DA:54,1
DA:55,1
DA:56,1
DA:57,1
DA:58,1
DA:59,1
DA:60,1
DA:61,1
DA:62,1
DA:63,1
DA:64,1
DA:65,1
DA:66,1
DA:67,1
DA:68,1
DA:69,1
DA:70,1
DA:71,1
DA:72,1
DA:73,1
DA:74,1
DA:75,1
DA:76,1
DA:77,1
DA:78,1
DA:79,1
DA:80,1
DA:81,1
DA:82,1
DA:83,1
DA:84,1
DA:85,1
DA:86,1
DA:87,1
DA:88,1
DA:89,1
DA:90,1
DA:91,1
DA:92,1
DA:93,1
DA:94,1
DA:95,1
DA:96,1
DA:97,1
DA:98,1
DA:99,1
DA:100,1
DA:101,1
DA:102,1
DA:103,1
DA:104,1
DA:105,1
DA:106,1
DA:107,1
DA:108,1
DA:109,1
DA:110,1
DA:111,1
DA:112,1
DA:113,1
DA:114,1
DA:115,1
DA:116,1
DA:117,1
DA:118,1
DA:119,1
DA:120,1
DA:121,1
DA:122,1
DA:123,1
DA:124,1
DA:125,1
DA:126,1
DA:127,1
DA:128,1
DA:129,1
DA:130,1
DA:131,1
DA:132,1
DA:133,1
DA:134,1
DA:135,1
DA:136,1
DA:137,1
DA:138,1
DA:139,1
DA:140,1
DA:141,1
DA:142,1
DA:143,1
DA:144,1
DA:145,1
DA:146,1
DA:147,1
DA:148,1
DA:149,1
DA:150,1
DA:151,1
DA:152,1
DA:153,1
DA:154,1
DA:155,1
DA:156,1
DA:157,1
DA:158,1
DA:159,1
DA:160,1
DA:161,1
DA:162,1
DA:163,1
DA:164,5
DA:165,5
DA:166,5
DA:167,5
DA:168,1
DA:169,1
DA:170,1
DA:171,1
DA:203,1
DA:204,1
DA:205,1
DA:206,1
DA:207,1
DA:208,1
DA:209,1
DA:210,5
DA:211,5
DA:212,5
DA:213,5
DA:214,5
DA:215,5
DA:216,5
DA:217,5
DA:218,5
DA:219,5
DA:220,5
DA:221,5
DA:222,5
DA:238,5
LH:238
LF:238
end_of_record
SF:test/weather.test.js
FN:42,anonymous_0
FN:47,anonymous_1
FN:51,anonymous_2
FN:64,loadTestData
FN:98,testData.method
FN:115,anonymous_5
FN:118,anonymous_6
FN:133,testData.method
FN:147,anonymous_8
FN:150,anonymous_9
FN:158,anonymous_10
FN:161,anonymous_11
FN:176,testData.method
FN:188,anonymous_13
FN:191,anonymous_14
FN:199,anonymous_15
FN:202,anonymous_16
FN:217,testData.method
FN:235,anonymous_18
FN:242,anonymous_19
FN:249,anonymous_20
FN:252,anonymous_21
FN:260,anonymous_22
FN:263,anonymous_23
FN:271,anonymous_24
FN:274,anonymous_25
FN:282,anonymous_26
FN:285,anonymous_27
FN:300,testData.method
FN:304,anonymous_29
FN:308,anonymous_30
FN:311,anonymous_31
FN:319,anonymous_32
FN:322,anonymous_33
FN:337,testData.method
FN:345,anonymous_35
FN:348,anonymous_36
FN:356,anonymous_37
FN:359,anonymous_38
FN:374,testData.method
FN:382,anonymous_40
FN:385,anonymous_41
FN:393,anonymous_42
FN:396,anonymous_43
FN:415,testData.method
FN:434,testData.method
FN:453,testData.method
FN:471,testData.method
FN:493,testData.method
FN:507,anonymous_49
FN:519,testData.method
FN:535,anonymous_51
FN:549,testData.method
FN:565,anonymous_53
FN:583,testData.method
FN:594,anonymous_55
FN:606,testData.method
FN:621,testData.method
FN:650,testData.method
FN:678,testData.method
FN:686,anonymous_60
FN:706,testData.method
FN:722,anonymous_62
FN:725,anonymous_63
FN:740,testData.method
FN:748,anonymous_65
FN:756,anonymous_66
FN:759,anonymous_67
FN:762,anonymous_68
FN:777,testData.method
FN:798,anonymous_70
FN:801,anonymous_71
FN:816,testData.method
FN:834,anonymous_73
FN:837,anonymous_74
FN:844,anonymous_75
FN:847,anonymous_76
FN:854,anonymous_77
FN:857,anonymous_78
FN:871,testData.method
FN:884,anonymous_80
FN:887,anonymous_81
FN:894,anonymous_82
FN:897,anonymous_83
FN:904,anonymous_84
FN:907,anonymous_85
FN:914,anonymous_86
FN:917,anonymous_87
FN:931,testData.method
FN:937,anonymous_89
FN:947,testData.method
FN:953,anonymous_91
FN:953,anonymous_92
FN:968,testData.method
FN:979,anonymous_94
FN:982,anonymous_95
FN:996,testData.method
FN:1007,anonymous_97
FN:1010,anonymous_98
FN:1024,testData.method
FN:1042,testData.method
FN:1060,testData.method
FN:1078,testData.method
FN:1100,testData.method
FN:1124,testData.method
FN:1152,testData.method
FN:1173,anonymous_106
FN:1176,anonymous_107
FN:1191,testData.method
FN:1212,anonymous_109
FN:1215,anonymous_110
FN:1230,testData.method
FN:1251,anonymous_112
FN:1254,anonymous_113
FN:1269,testData.method
FN:1290,anonymous_115
FN:1293,anonymous_116
FN:1308,testData.method
FN:1329,anonymous_118
FN:1332,anonymous_119
FN:1347,testData.method
FN:1368,anonymous_121
FN:1371,anonymous_122
FN:1386,testData.method
FN:1407,anonymous_124
FN:1410,anonymous_125
FN:1425,testData.method
FN:1446,anonymous_127
FN:1449,anonymous_128
FN:1464,testData.method
FN:1485,anonymous_130
FN:1488,anonymous_131
FN:1503,testData.method
FN:1524,anonymous_133
FN:1527,anonymous_134
FN:1542,testData.method
FN:1563,anonymous_136
FN:1566,anonymous_137
FN:1581,testData.method
FN:1602,anonymous_139
FN:1605,anonymous_140
FN:1620,testData.method
FN:1641,anonymous_142
FN:1644,anonymous_143
FN:1659,testData.method
FN:1680,anonymous_145
FN:1683,anonymous_146
FN:1698,testData.method
FN:1719,anonymous_148
FN:1722,anonymous_149
FN:1737,testData.method
FN:1758,anonymous_151
FN:1761,anonymous_152
FN:1776,testData.method
FN:1797,anonymous_154
FN:1800,anonymous_155
FN:1815,testData.method
FN:1836,anonymous_157
FN:1839,anonymous_158
FN:1854,testData.method
FN:1875,anonymous_160
FN:1878,anonymous_161
FN:1893,testData.method
FN:1914,anonymous_163
FN:1917,anonymous_164
FN:1932,testData.method
FN:1953,anonymous_166
FN:1956,anonymous_167
FN:1971,testData.method
FN:1992,anonymous_169
FN:1995,anonymous_170
FN:2010,testData.method
FN:2031,anonymous_172
FN:2034,anonymous_173
FN:2049,testData.method
FN:2070,anonymous_175
FN:2073,anonymous_176
FN:2088,testData.method
FN:2109,anonymous_178
FN:2112,anonymous_179
FN:2131,testData.method
FN:2152,anonymous_181
FN:2155,anonymous_182
FN:2170,testData.method
FN:2191,anonymous_184
FN:2194,anonymous_185
FN:2209,testData.method
FN:2230,anonymous_187
FN:2233,anonymous_188
FN:2248,testData.method
FN:2269,anonymous_190
FN:2272,anonymous_191
FN:2287,testData.method
FN:2308,anonymous_193
FN:2311,anonymous_194
FN:2330,testData.method
FN:2351,anonymous_196
FN:2354,anonymous_197
FN:2369,testData.method
FN:2390,anonymous_199
FN:2393,anonymous_200
FN:2408,testData.method
FN:2429,anonymous_202
FN:2432,anonymous_203
FN:2451,testData.method
FN:2477,anonymous_205
FN:2480,anonymous_206
FN:2486,anonymous_207
FN:2489,anonymous_208
FN:2503,testData.method
FN:2529,anonymous_210
FN:2532,anonymous_211
FN:2538,anonymous_212
FN:2541,anonymous_213
FN:2555,testData.method
FN:2581,anonymous_215
FN:2584,anonymous_216
FN:2590,anonymous_217
FN:2593,anonymous_218
FN:2607,testData.method
FN:2633,anonymous_220
FN:2636,anonymous_221
FN:2642,anonymous_222
FN:2645,anonymous_223
FN:2659,testData.method
FN:2685,anonymous_225
FN:2688,anonymous_226
FN:2694,anonymous_227
FN:2697,anonymous_228
FN:2711,testData.method
FN:2737,anonymous_230
FN:2740,anonymous_231
FN:2746,anonymous_232
FN:2749,anonymous_233
FN:2763,testData.method
FN:2789,anonymous_235
FN:2792,anonymous_236
FN:2798,anonymous_237
FN:2801,anonymous_238
FN:2815,testData.method
FN:2841,anonymous_240
FN:2844,anonymous_241
FN:2850,anonymous_242
FN:2853,anonymous_243
FN:2867,testData.method
FN:2893,anonymous_245
FN:2896,anonymous_246
FN:2902,anonymous_247
FN:2905,anonymous_248
FN:2919,testData.method
FN:2945,anonymous_250
FN:2948,anonymous_251
FN:2954,anonymous_252
FN:2957,anonymous_253
FN:2971,testData.method
FN:2997,anonymous_255
FN:3000,anonymous_256
FN:3006,anonymous_257
FN:3009,anonymous_258
FN:3023,testData.method
FN:3049,anonymous_260
FN:3052,anonymous_261
FN:3058,anonymous_262
FN:3061,anonymous_263
FN:3075,testData.method
FN:3101,anonymous_265
FN:3104,anonymous_266
FN:3110,anonymous_267
FN:3113,anonymous_268
FN:3127,testData.method
FN:3153,anonymous_270
FN:3156,anonymous_271
FN:3162,anonymous_272
FN:3165,anonymous_273
FN:3179,testData.method
FN:3205,anonymous_275
FN:3208,anonymous_276
FN:3214,anonymous_277
FN:3217,anonymous_278
FN:3231,testData.method
FN:3257,anonymous_280
FN:3260,anonymous_281
FN:3266,anonymous_282
FN:3269,anonymous_283
FN:3283,testData.method
FN:3309,anonymous_285
FN:3312,anonymous_286
FN:3318,anonymous_287
FN:3321,anonymous_288
FN:3335,testData.method
FN:3361,anonymous_290
FN:3364,anonymous_291
FN:3370,anonymous_292
FN:3373,anonymous_293
FN:3387,testData.method
FN:3413,anonymous_295
FN:3416,anonymous_296
FN:3422,anonymous_297
FN:3425,anonymous_298
FN:3439,testData.method
FN:3465,anonymous_300
FN:3468,anonymous_301
FN:3474,anonymous_302
FN:3477,anonymous_303
FN:3491,testData.method
FN:3517,anonymous_305
FN:3520,anonymous_306
FN:3526,anonymous_307
FN:3529,anonymous_308
FN:3547,testData.method
FN:3573,anonymous_310
FN:3576,anonymous_311
FN:3582,anonymous_312
FN:3585,anonymous_313
FN:3599,testData.method
FN:3625,anonymous_315
FN:3628,anonymous_316
FN:3634,anonymous_317
FN:3637,anonymous_318
FN:3654,nodeRunner
FN:3657,anonymous_320
FN:3659,anonymous_321
FN:3672,defRunner
FN:3705,makeTest
FNDA:1,anonymous_0
FNDA:1,anonymous_1
FNDA:0,anonymous_2
[...]
DA:1694,1
DA:1695,1
DA:1696,1
DA:1697,1
DA:1698,1
DA:1699,1
DA:1700,1
DA:1701,1
DA:1702,1
DA:1703,1
DA:1704,1
DA:1705,1
DA:1706,1
DA:1707,1
DA:1708,1
DA:1709,1
DA:1710,1
DA:1711,1
DA:1712,1
DA:1713,1
DA:1714,1
DA:1715,1
DA:1716,1
DA:1717,1
DA:1718,1
DA:1719,1
DA:1720,1
DA:1721,1
DA:1722,1
DA:1723,1
DA:1724,1
DA:1725,1
DA:1726,1
DA:1727,1
DA:1728,1
DA:1729,1
DA:1730,1
DA:1731,1
DA:1732,1
DA:1733,1
DA:1734,1
DA:1735,1
DA:1736,1
DA:1737,1
DA:1738,1
DA:1739,1
DA:1740,1
DA:1741,1
DA:1742,1
DA:1743,1
DA:1744,1
DA:1745,1
DA:1746,1
DA:1747,1
DA:1748,1
DA:1749,1
DA:1750,1
DA:1751,1
DA:1752,1
DA:1753,1
DA:1754,1
DA:1755,1
DA:1756,1
DA:1757,1
DA:1758,1
DA:1759,1
DA:1760,1
DA:1761,1
DA:1762,1
DA:1763,1
DA:1764,1
DA:1765,1
DA:1766,1
DA:1767,1
DA:1768,1
DA:1769,1
DA:1770,1
DA:1771,1
DA:1772,1
DA:1773,1
DA:1774,1
DA:1775,1
DA:1776,1
DA:1777,1
DA:1778,1
DA:1779,1
DA:1780,1
DA:1781,1
DA:1782,1
DA:1783,1
DA:1784,1
DA:1785,1
DA:1786,1
DA:1787,1
DA:1788,1
DA:1789,1
DA:1790,1
DA:1791,1
DA:1792,1
DA:1793,1
DA:1794,1
DA:1795,1
DA:1796,1
DA:1797,1
DA:1798,1
DA:1799,1
DA:1800,1
DA:1801,1
DA:1802,1
DA:1803,1
DA:1804,1
DA:1805,1
DA:1806,1
DA:1807,1
DA:1808,1
DA:1809,1
DA:1810,1
DA:1811,1
DA:1812,1
DA:1813,1
DA:1814,1
DA:1815,1
DA:1816,1
DA:1817,1
DA:1818,1
DA:1819,1
DA:1820,1
DA:1821,1
DA:1822,1
DA:1823,1
DA:1824,1
DA:1825,1
DA:1826,1
DA:1827,1
DA:1828,1
DA:1829,1
DA:1830,1
DA:1831,1
DA:1832,1
DA:1833,1
DA:1834,1
DA:1835,1
DA:1836,1
DA:1837,1
DA:1838,1
DA:1839,1
DA:1840,1
DA:1841,1
DA:1842,1
DA:1843,1
DA:1844,1
DA:1845,1
DA:1846,1
DA:1847,1
DA:1848,1
DA:1849,1
DA:1850,1
DA:1851,1
DA:1852,1
DA:1853,1
DA:1854,1
DA:1855,1
DA:1856,1
DA:1857,1
DA:1858,1
DA:1859,1
DA:1860,1
DA:1861,1
DA:1862,1
DA:1863,1
DA:1864,1
DA:1865,1
DA:1866,1
DA:1867,1
DA:1868,1
DA:1869,1
DA:1870,1
DA:1871,1
DA:1872,1
DA:1873,1
DA:1874,1
DA:1875,1
DA:1876,1
DA:1877,1
DA:1878,1
DA:1879,1
DA:1880,1
DA:1881,1
DA:1882,1
DA:1883,1
DA:1884,1
DA:1885,1
DA:1886,1
DA:1887,1
DA:1888,1
DA:1889,1
DA:1890,1
DA:1891,1
DA:1892,1
DA:1893,1
DA:1894,1
DA:1895,1
DA:1896,1
DA:1897,1
DA:1898,1
DA:1899,1
DA:1900,1
DA:1901,1
DA:1902,1
DA:1903,1
DA:1904,1
DA:1905,1
DA:1906,1
DA:1907,1
DA:1908,1
DA:1909,1
DA:1910,1
DA:1911,1
DA:1912,1
DA:1913,1
DA:1914,1
DA:1915,1
DA:1916,1
DA:1917,1
DA:1918,1
DA:1919,1
DA:1920,1
DA:1921,1
DA:1922,1
DA:1923,1
DA:1924,1
DA:1925,1
DA:1926,1
DA:1927,1
DA:1928,1
DA:1929,1
DA:1930,1
DA:1931,1
DA:1932,1
DA:1933,1
DA:1934,1
DA:1935,1
DA:1936,1
DA:1937,1
DA:1938,1
DA:1939,1
DA:1940,1
DA:1941,1
DA:1942,1
DA:1943,1
DA:1944,1
DA:1945,1
DA:1946,1
DA:1947,1
DA:1948,1
DA:1949,1
DA:1950,1
DA:1951,1
DA:1952,1
DA:1953,1
DA:1954,1
DA:1955,1
DA:1956,1
DA:1957,1
DA:1958,1
DA:1959,1
DA:1960,1
DA:1961,1
DA:1962,1
DA:1963,1
DA:1964,1
DA:1965,1
DA:1966,1
DA:1967,1
DA:1968,1
DA:1969,1
DA:1970,1
DA:1971,1
DA:1972,1
DA:1973,1
DA:1974,1
DA:1975,1
DA:1976,1
DA:1977,1
DA:1978,1
DA:1979,1
DA:1980,1
DA:1981,1
DA:1982,1
DA:1983,1
DA:1984,1
DA:1985,1
DA:1986,1
DA:1987,1
DA:1988,1
DA:1989,1
DA:1990,1
DA:1991,1
DA:1992,1
DA:1993,1
DA:1994,1
DA:1995,1
DA:1996,1
DA:1997,1
DA:1998,1
DA:1999,1
DA:2000,1
DA:2001,1
DA:2002,1
DA:2003,1
DA:2004,1
DA:2005,1
DA:2006,1
DA:2007,1
DA:2008,1
DA:2009,1
DA:2010,1
DA:2011,1
DA:2012,1
DA:2013,1
DA:2014,1
DA:2015,1
DA:2016,1
DA:2017,1
DA:2018,1
DA:2019,1
DA:2020,1
DA:2021,1
DA:2022,1
DA:2023,1
DA:2024,1
DA:2025,1
DA:2026,1
DA:2027,1
DA:2028,1
DA:2029,1
DA:2030,1
DA:2031,1
DA:2032,1
DA:2033,1
DA:2034,1
DA:2035,1
DA:2036,1
DA:2037,1
DA:2038,1
DA:2039,1
DA:2040,1
DA:2041,1
DA:2042,1
DA:2043,1
DA:2044,1
DA:2045,1
DA:2046,1
DA:2047,1
DA:2048,1
DA:2049,1
DA:2050,1
DA:2051,1
DA:2052,1
DA:2053,1
DA:2054,1
DA:2055,1
DA:2056,1
DA:2057,1
DA:2058,1
DA:2059,1
DA:2060,1
DA:2061,1
DA:2062,1
DA:2063,1
DA:2064,1
DA:2065,1
DA:2066,1
DA:2067,1
DA:2068,1
DA:2069,1
DA:2070,1
DA:2071,1
DA:2072,1
DA:2073,1
DA:2074,1
DA:2075,1
DA:2076,1
DA:2077,1
DA:2078,1
DA:2079,1
DA:2080,1
DA:2081,1
DA:2082,1
DA:2083,1
DA:2084,1
DA:2085,1
DA:2086,1
DA:2087,1
DA:2088,1
DA:2089,1
DA:2090,1
DA:2091,1
DA:2092,1
DA:2093,1
DA:2094,1
DA:2095,1
DA:2096,1
DA:2097,1
DA:2098,1
DA:2099,1
DA:2100,1
DA:2101,1
DA:2102,1
DA:2103,1
DA:2104,1
DA:2105,1
DA:2106,1
DA:2107,1
DA:2108,1
DA:2109,1
DA:2110,1
DA:2111,1
DA:2112,1
DA:2113,1
DA:2114,1
DA:2115,1
DA:2116,1
DA:2117,1
DA:2118,1
DA:2119,1
DA:2120,1
DA:2121,1
DA:2122,1
DA:2123,1
DA:2124,1
DA:2125,1
DA:2126,1
DA:2127,1
DA:2128,1
DA:2129,1
DA:2130,1
DA:2131,1
DA:2132,1
DA:2133,1
DA:2134,1
DA:2135,1
DA:2136,1
DA:2137,1
DA:2138,1
DA:2139,1
DA:2140,1
DA:2141,1
DA:2142,1
DA:2143,1
DA:2144,1
DA:2145,1
DA:2146,1
DA:2147,1
DA:2148,1
DA:2149,1
DA:2150,1
DA:2151,1
DA:2152,1
DA:2153,1
DA:2154,1
DA:2155,1
DA:2156,1
DA:2157,1
DA:2158,1
DA:2159,1
DA:2160,1
DA:2161,1
DA:2162,1
DA:2163,1
DA:2164,1
DA:2165,1
DA:2166,1
DA:2167,1
DA:2168,1
DA:2169,1
DA:2170,1
DA:2171,1
DA:2172,1
DA:2173,1
DA:2174,1
DA:2175,1
DA:2176,1
DA:2177,1
DA:2178,1
DA:2179,1
DA:2180,1
DA:2181,1
DA:2182,1
DA:2183,1
DA:2184,1
DA:2185,1
DA:2186,1
DA:2187,1
DA:2188,1
DA:2189,1
DA:2190,1
DA:2191,1
DA:2192,1
DA:2193,1
DA:2194,1
DA:2195,1
DA:2196,1
DA:2197,1
DA:2198,1
DA:2199,1
DA:2200,1
DA:2201,1
DA:2202,1
DA:2203,1
DA:2204,1
DA:2205,1
DA:2206,1
DA:2207,1
DA:2208,1
DA:2209,1
DA:2210,1
DA:2211,1
DA:2212,1
DA:2213,1
DA:2214,1
DA:2215,1
DA:2216,1
DA:2217,1
DA:2218,1
DA:2219,1
DA:2220,1
DA:2221,1
DA:2222,1
DA:2223,1
DA:2224,1
DA:2225,1
DA:2226,1
DA:2227,1
DA:2228,1
DA:2229,1
DA:2230,1
DA:2231,1
DA:2232,1
DA:2233,1
DA:2234,1
DA:2235,1
DA:2236,1
DA:2237,1
DA:2238,1
DA:2239,1
DA:2240,1
DA:2241,1
DA:2242,1
DA:2243,1
DA:2244,1
DA:2245,1
DA:2246,1
DA:2247,1
DA:2248,1
DA:2249,1
DA:2250,1
DA:2251,1
DA:2252,1
DA:2253,1
DA:2254,1
DA:2255,1
DA:2256,1
DA:2257,1
DA:2258,1
DA:2259,1
DA:2260,1
DA:2261,1
DA:2262,1
DA:2263,1
DA:2264,1
DA:2265,1
DA:2266,1
DA:2267,1
DA:2268,1
DA:2269,1
DA:2270,1
DA:2271,1
DA:2272,1
DA:2273,1
DA:2274,1
DA:2275,1
DA:2276,1
DA:2277,1
DA:2278,1
DA:2279,1
DA:2280,1
DA:2281,1
DA:2282,1
DA:2283,1
DA:2284,1
DA:2285,1
DA:2286,1
DA:2287,1
DA:2288,1
DA:2289,1
DA:2290,1
DA:2291,1
DA:2292,1
DA:2293,1
DA:2294,1
DA:2295,1
DA:2296,1
DA:2297,1
DA:2298,1
DA:2299,1
DA:2300,1
DA:2301,1
DA:2302,1
DA:2303,1
DA:2304,1
DA:2305,1
DA:2306,1
DA:2307,1
DA:2308,1
DA:2309,1
DA:2310,1
DA:2311,1
DA:2312,1
DA:2313,1
DA:2314,1
DA:2315,1
DA:2316,1
DA:2317,1
DA:2318,1
DA:2319,1
DA:2320,1
DA:2321,1
DA:2322,1
DA:2323,1
DA:2324,1
DA:2325,1
DA:2326,1
DA:2327,1
DA:2328,1
DA:2329,1
DA:2330,1
DA:2331,1
DA:2332,1
DA:2333,1
DA:2334,1
DA:2335,1
DA:2336,1
DA:2337,1
DA:2338,1
DA:2339,1
DA:2340,1
DA:2341,1
DA:2342,1
DA:2343,1
DA:2344,1
DA:2345,1
DA:2346,1
DA:2347,1
DA:2348,1
DA:2349,1
DA:2350,1
DA:2351,1
DA:2352,1
DA:2353,1
DA:2354,1
DA:2355,1
DA:2356,1
DA:2357,1
DA:2358,1
DA:2359,1
DA:2360,1
DA:2361,1
DA:2362,1
DA:2363,1
DA:2364,1
DA:2365,1
DA:2366,1
DA:2367,1
DA:2368,1
DA:2369,1
DA:2370,1
DA:2371,1
DA:2372,1
DA:2373,1
DA:2374,1
DA:2375,1
DA:2376,1
DA:2377,1
DA:2378,1
DA:2379,1
DA:2380,1
DA:2381,1
DA:2382,1
DA:2383,1
DA:2384,1
DA:2385,1
DA:2386,1
DA:2387,1
DA:2388,1
DA:2389,1
DA:2390,1
DA:2391,1
DA:2392,1
DA:2393,1
DA:2394,1
DA:2395,1
DA:2396,1
DA:2397,1
DA:2398,1
DA:2399,1
DA:2400,1
DA:2401,1
DA:2402,1
DA:2403,1
DA:2404,1
DA:2405,1
DA:2406,1
DA:2407,1
DA:2408,1
DA:2409,1
DA:2410,1
DA:2411,1
DA:2412,1
DA:2413,1
DA:2414,1
DA:2415,1
DA:2416,1
DA:2417,1
DA:2418,1
DA:2419,1
DA:2420,1
DA:2421,1
DA:2422,1
DA:2423,1
DA:2424,1
DA:2425,1
DA:2426,1
DA:2427,1
DA:2428,1
DA:2429,1
DA:2430,1
DA:2431,1
DA:2432,1
DA:2433,1
DA:2434,1
DA:2435,1
DA:2436,1
DA:2437,1
DA:2438,1
DA:2439,1
DA:2440,1
DA:2441,1
DA:2442,1
DA:2443,1
DA:2444,1
DA:2445,1
DA:2446,1
DA:2447,1
DA:2448,1
DA:2449,1
DA:2450,1
DA:2451,1
DA:2452,1
DA:2453,1
DA:2454,1
DA:2455,1
DA:2456,1
DA:2457,1
DA:2458,1
DA:2459,1
DA:2460,1
DA:2461,1
DA:2462,1
DA:2463,1
DA:2464,1
DA:2465,1
DA:2466,1
DA:2467,1
DA:2468,1
DA:2469,1
DA:2470,1
DA:2471,1
DA:2472,1
DA:2473,1
DA:2474,1
DA:2475,1
DA:2476,1
DA:2477,1
DA:2478,1
DA:2479,1
DA:2480,1
DA:2481,1
DA:2482,1
DA:2483,1
DA:2484,1
DA:2485,1
DA:2486,1
DA:2487,1
DA:2488,1
DA:2489,1
DA:2490,1
DA:2491,1
DA:2492,1
DA:2493,1
DA:2494,1
DA:2495,1
DA:2496,1
DA:2497,1
DA:2498,1
DA:2499,1
DA:2500,1
DA:2501,1
DA:2502,1
DA:2503,1
DA:2504,1
DA:2505,1
DA:2506,1
DA:2507,1
DA:2508,1
DA:2509,1
DA:2510,1
DA:2511,1
DA:2512,1
DA:2513,1
DA:2514,1
DA:2515,1
DA:2516,1
DA:2517,1
DA:2518,1
DA:2519,1
DA:2520,1
DA:2521,1
DA:2522,1
DA:2523,1
DA:2524,1
DA:2525,1
DA:2526,1
DA:2527,1
DA:2528,1
DA:2529,1
DA:2530,1
DA:2531,1
DA:2532,1
DA:2533,1
DA:2534,1
DA:2535,1
DA:2536,1
DA:2537,1
DA:2538,1
DA:2539,1
DA:2540,1
DA:2541,1
DA:2542,1
DA:2543,1
DA:2544,1
DA:2545,1
DA:2546,1
DA:2547,1
DA:2548,1
DA:2549,1
DA:2550,1
DA:2551,1
DA:2552,1
DA:2553,1
DA:2554,1
DA:2555,1
DA:2556,1
DA:2557,1
DA:2558,1
DA:2559,1
DA:2560,1
DA:2561,1
DA:2562,1
DA:2563,1
DA:2564,1
DA:2565,1
DA:2566,1
DA:2567,1
DA:2568,1
DA:2569,1
DA:2570,1
DA:2571,1
DA:2572,1
DA:2573,1
DA:2574,1
DA:2575,1
DA:2576,1
DA:2577,1
DA:2578,1
DA:2579,1
DA:2580,1
DA:2581,1
DA:2582,1
DA:2583,1
DA:2584,1
DA:2585,1
DA:2586,1
DA:2587,1
DA:2588,1
DA:2589,1
DA:2590,1
DA:2591,1
DA:2592,1
DA:2593,1
DA:2594,1
DA:2595,1
DA:2596,1
DA:2597,1
DA:2598,1
DA:2599,1
DA:2600,1
DA:2601,1
DA:2602,1
DA:2603,1
DA:2604,1
DA:2605,1
DA:2606,1
DA:2607,1
DA:2608,1
DA:2609,1
DA:2610,1
DA:2611,1
DA:2612,1
DA:2613,1
DA:2614,1
DA:2615,1
DA:2616,1
DA:2617,1
DA:2618,1
DA:2619,1
DA:2620,1
DA:2621,1
DA:2622,1
DA:2623,1
DA:2624,1
DA:2625,1
DA:2626,1
DA:2627,1
DA:2628,1
DA:2629,1
DA:2630,1
DA:2631,1
DA:2632,1
DA:2633,1
DA:2634,1
DA:2635,1
DA:2636,1
DA:2637,1
DA:2638,1
DA:2639,1
DA:2640,1
DA:2641,1
DA:2642,1
DA:2643,1
DA:2644,1
DA:2645,1
DA:2646,1
DA:2647,1
DA:2648,1
DA:2649,1
DA:2650,1
DA:2651,1
DA:2652,1
DA:2653,1
DA:2654,1
DA:2655,1
DA:2656,1
DA:2657,1
DA:2658,1
DA:2659,1
DA:2660,1
DA:2661,1
DA:2662,1
DA:2663,1
DA:2664,1
DA:2665,1
DA:2666,1
DA:2667,1
DA:2668,1
DA:2669,1
DA:2670,1
DA:2671,1
DA:2672,1
DA:2673,1
DA:2674,1
DA:2675,1
DA:2676,1
DA:2677,1
DA:2678,1
DA:2679,1
DA:2680,1
DA:2681,1
DA:2682,1
DA:2683,1
DA:2684,1
DA:2685,1
DA:2686,1
DA:2687,1
DA:2688,1
DA:2689,1
DA:2690,1
DA:2691,1
DA:2692,1
DA:2693,1
DA:2694,1
DA:2695,1
DA:2696,1
DA:2697,1
DA:2698,1
DA:2699,1
DA:2700,1
DA:2701,1
DA:2702,1
DA:2703,1
DA:2704,1
DA:2705,1
DA:2706,1
DA:2707,1
DA:2708,1
DA:2709,1
DA:2710,1
DA:2711,1
DA:2712,1
DA:2713,1
DA:2714,1
DA:2715,1
DA:2716,1
DA:2717,1
DA:2718,1
DA:2719,1
DA:2720,1
DA:2721,1
DA:2722,1
DA:2723,1
DA:2724,1
DA:2725,1
DA:2726,1
DA:2727,1
DA:2728,1
DA:2729,1
DA:2730,1
DA:2731,1
DA:2732,1
DA:2733,1
DA:2734,1
DA:2735,1
DA:2736,1
DA:2737,1
DA:2738,1
DA:2739,1
DA:2740,1
DA:2741,1
DA:2742,1
DA:2743,1
DA:2744,1
DA:2745,1
DA:2746,1
DA:2747,1
DA:2748,1
DA:2749,1
DA:2750,1
DA:2751,1
DA:2752,1
DA:2753,1
DA:2754,1
DA:2755,1
DA:2756,1
DA:2757,1
DA:2758,1
DA:2759,1
DA:2760,1
DA:2761,1
DA:2762,1
DA:2763,1
DA:2764,1
DA:2765,1
DA:2766,1
DA:2767,1
DA:2768,1
DA:2769,1
DA:2770,1
DA:2771,1
DA:2772,1
DA:2773,1
DA:2774,1
DA:2775,1
DA:2776,1
DA:2777,1
DA:2778,1
DA:2779,1
DA:2780,1
DA:2781,1
DA:2782,1
DA:2783,1
DA:2784,1
DA:2785,1
DA:2786,1
DA:2787,1
DA:2788,1
DA:2789,1
DA:2790,1
DA:2791,1
DA:2792,1
DA:2793,1
DA:2794,1
DA:2795,1
DA:2796,1
DA:2797,1
DA:2798,1
DA:2799,1
DA:2800,1
DA:2801,1
DA:2802,1
DA:2803,1
DA:2804,1
DA:2805,1
DA:2806,1
DA:2807,1
DA:2808,1
DA:2809,1
DA:2810,1
DA:2811,1
DA:2812,1
DA:2813,1
DA:2814,1
DA:2815,1
DA:2816,1
DA:2817,1
DA:2818,1
DA:2819,1
DA:2820,1
DA:2821,1
DA:2822,1
DA:2823,1
DA:2824,1
DA:2825,1
DA:2826,1
DA:2827,1
DA:2828,1
DA:2829,1
DA:2830,1
DA:2831,1
DA:2832,1
DA:2833,1
DA:2834,1
DA:2835,1
DA:2836,1
DA:2837,1
DA:2838,1
DA:2839,1
DA:2840,1
DA:2841,1
DA:2842,1
DA:2843,1
DA:2844,1
DA:2845,1
DA:2846,1
DA:2847,1
DA:2848,1
DA:2849,1
DA:2850,1
DA:2851,1
DA:2852,1
DA:2853,1
DA:2854,1
DA:2855,1
DA:2856,1
DA:2857,1
DA:2858,1
DA:2859,1
DA:2860,1
DA:2861,1
DA:2862,1
DA:2863,1
DA:2864,1
DA:2865,1
DA:2866,1
DA:2867,1
DA:2868,1
DA:2869,1
DA:2870,1
DA:2871,1
DA:2872,1
DA:2873,1
DA:2874,1
DA:2875,1
DA:2876,1
DA:2877,1
DA:2878,1
DA:2879,1
DA:2880,1
DA:2881,1
DA:2882,1
DA:2883,1
DA:2884,1
DA:2885,1
DA:2886,1
DA:2887,1
DA:2888,1
DA:2889,1
DA:2890,1
DA:2891,1
DA:2892,1
DA:2893,1
DA:2894,1
DA:2895,1
DA:2896,1
DA:2897,1
DA:2898,1
DA:2899,1
DA:2900,1
DA:2901,1
DA:2902,1
DA:2903,1
DA:2904,1
DA:2905,1
DA:2906,1
DA:2907,1
DA:2908,1
DA:2909,1
DA:2910,1
DA:2911,1
DA:2912,1
DA:2913,1
DA:2914,1
DA:2915,1
DA:2916,1
DA:2917,1
DA:2918,1
DA:2919,1
DA:2920,1
DA:2921,1
DA:2922,1
DA:2923,1
DA:2924,1
DA:2925,1
DA:2926,1
DA:2927,1
DA:2928,1
DA:2929,1
DA:2930,1
DA:2931,1
DA:2932,1
DA:2933,1
DA:2934,1
DA:2935,1
DA:2936,1
DA:2937,1
DA:2938,1
DA:2939,1
DA:2940,1
DA:2941,1
DA:2942,1
DA:2943,1
DA:2944,1
DA:2945,1
DA:2946,1
DA:2947,1
DA:2948,1
DA:2949,1
DA:2950,1
DA:2951,1
DA:2952,1
DA:2953,1
DA:2954,1
DA:2955,1
DA:2956,1
DA:2957,1
DA:2958,1
DA:2959,1
DA:2960,1
DA:2961,1
DA:2962,1
DA:2963,1
DA:2964,1
DA:2965,1
DA:2966,1
DA:2967,1
DA:2968,1
DA:2969,1
DA:2970,1
DA:2971,1
DA:2972,1
DA:2973,1
DA:2974,1
DA:2975,1
DA:2976,1
DA:2977,1
DA:2978,1
DA:2979,1
DA:2980,1
DA:2981,1
DA:2982,1
DA:2983,1
DA:2984,1
DA:2985,1
DA:2986,1
DA:2987,1
DA:2988,1
DA:2989,1
DA:2990,1
DA:2991,1
DA:2992,1
DA:2993,1
DA:2994,1
DA:2995,1
DA:2996,1
DA:2997,1
DA:2998,1
DA:2999,1
DA:3000,1
DA:3001,1
DA:3002,1
DA:3003,1
DA:3004,1
DA:3005,1
DA:3006,1
DA:3007,1
DA:3008,1
DA:3009,1
DA:3010,1
DA:3011,1
DA:3012,1
DA:3013,1
DA:3014,1
DA:3015,1
DA:3016,1
DA:3017,1
DA:3018,1
DA:3019,1
DA:3020,1
DA:3021,1
DA:3022,1
DA:3023,1
DA:3024,1
DA:3025,1
DA:3026,1
DA:3027,1
DA:3028,1
DA:3029,1
DA:3030,1
DA:3031,1
DA:3032,1
DA:3033,1
DA:3034,1
DA:3035,1
DA:3036,1
DA:3037,1
DA:3038,1
DA:3039,1
DA:3040,1
DA:3041,1
DA:3042,1
DA:3043,1
DA:3044,1
DA:3045,1
DA:3046,1
DA:3047,1
DA:3048,1
DA:3049,1
DA:3050,1
DA:3051,1
DA:3052,1
DA:3053,1
DA:3054,1
DA:3055,1
DA:3056,1
DA:3057,1
DA:3058,1
DA:3059,1
DA:3060,1
DA:3061,1
DA:3062,1
DA:3063,1
DA:3064,1
DA:3065,1
DA:3066,1
DA:3067,1
DA:3068,1
DA:3069,1
DA:3070,1
DA:3071,1
DA:3072,1
DA:3073,1
DA:3074,1
DA:3075,1
DA:3076,1
DA:3077,1
DA:3078,1
DA:3079,1
DA:3080,1
DA:3081,1
DA:3082,1
DA:3083,1
DA:3084,1
DA:3085,1
DA:3086,1
DA:3087,1
DA:3088,1
DA:3089,1
DA:3090,1
DA:3091,1
DA:3092,1
DA:3093,1
DA:3094,1
DA:3095,1
DA:3096,1
DA:3097,1
DA:3098,1
DA:3099,1
DA:3100,1
DA:3101,1
DA:3102,1
DA:3103,1
DA:3104,1
DA:3105,1
DA:3106,1
DA:3107,1
DA:3108,1
DA:3109,1
DA:3110,1
DA:3111,1
DA:3112,1
DA:3113,1
DA:3114,1
DA:3115,1
DA:3116,1
DA:3117,1
DA:3118,1
DA:3119,1
DA:3120,1
DA:3121,1
DA:3122,1
DA:3123,1
DA:3124,1
DA:3125,1
DA:3126,1
DA:3127,1
DA:3128,1
DA:3129,1
DA:3130,1
DA:3131,1
DA:3132,1
DA:3133,1
DA:3134,1
DA:3135,1
DA:3136,1
DA:3137,1
DA:3138,1
DA:3139,1
DA:3140,1
DA:3141,1
DA:3142,1
DA:3143,1
DA:3144,1
DA:3145,1
DA:3146,1
DA:3147,1
DA:3148,1
DA:3149,1
DA:3150,1
DA:3151,1
DA:3152,1
DA:3153,1
DA:3154,1
DA:3155,1
DA:3156,1
DA:3157,1
DA:3158,1
DA:3159,1
DA:3160,1
DA:3161,1
DA:3162,1
DA:3163,1
DA:3164,1
DA:3165,1
DA:3166,1
DA:3167,1
DA:3168,1
DA:3169,1
DA:3170,1
DA:3171,1
DA:3172,1
DA:3173,1
DA:3174,1
DA:3175,1
DA:3176,1
DA:3177,1
DA:3178,1
DA:3179,1
DA:3180,1
DA:3181,1
DA:3182,1
DA:3183,1
DA:3184,1
DA:3185,1
DA:3186,1
DA:3187,1
DA:3188,1
DA:3189,1
DA:3190,1
DA:3191,1
DA:3192,1
DA:3193,1
DA:3194,1
DA:3195,1
DA:3196,1
DA:3197,1
DA:3198,1
DA:3199,1
DA:3200,1
DA:3201,1
DA:3202,1
DA:3203,1
DA:3204,1
DA:3205,1
DA:3206,1
DA:3207,1
DA:3208,1
DA:3209,1
DA:3210,1
DA:3211,1
DA:3212,1
DA:3213,1
DA:3214,1
DA:3215,1
DA:3216,1
DA:3217,1
DA:3218,1
DA:3219,1
DA:3220,1
DA:3221,1
DA:3222,1
DA:3223,1
DA:3224,1
DA:3225,1
DA:3226,1
DA:3227,1
DA:3228,1
DA:3229,1
DA:3230,1
DA:3231,1
DA:3232,1
DA:3233,1
DA:3234,1
DA:3235,1
DA:3236,1
DA:3237,1
DA:3238,1
DA:3239,1
DA:3240,1
DA:3241,1
DA:3242,1
DA:3243,1
DA:3244,1
DA:3245,1
DA:3246,1
DA:3247,1
DA:3248,1
DA:3249,1
DA:3250,1
DA:3251,1
DA:3252,1
DA:3253,1
DA:3254,1
DA:3255,1
DA:3256,1
DA:3257,1
DA:3258,1
DA:3259,1
DA:3260,1
DA:3261,1
DA:3262,1
DA:3263,1
DA:3264,1
DA:3265,1
DA:3266,1
DA:3267,1
DA:3268,1
DA:3269,1
DA:3270,1
DA:3271,1
DA:3272,1
DA:3273,1
DA:3274,1
DA:3275,1
DA:3276,1
DA:3277,1
DA:3278,1
DA:3279,1
DA:3280,1
DA:3281,1
DA:3282,1
DA:3283,1
DA:3284,1
DA:3285,1
DA:3286,1
DA:3287,1
DA:3288,1
DA:3289,1
DA:3290,1
DA:3291,1
DA:3292,1
DA:3293,1
DA:3294,1
DA:3295,1
DA:3296,1
DA:3297,1
DA:3298,1
DA:3299,1
DA:3300,1
DA:3301,1
DA:3302,1
DA:3303,1
DA:3304,1
DA:3305,1
DA:3306,1
DA:3307,1
DA:3308,1
DA:3309,1
DA:3310,1
DA:3311,1
DA:3312,1
DA:3313,1
DA:3314,1
DA:3315,1
DA:3316,1
DA:3317,1
DA:3318,1
DA:3319,1
DA:3320,1
DA:3321,1
DA:3322,1
DA:3323,1
DA:3324,1
DA:3325,1
DA:3326,1
DA:3327,1
DA:3328,1
DA:3329,1
DA:3330,1
DA:3331,1
DA:3332,1
DA:3333,1
DA:3334,1
DA:3335,1
DA:3336,1
DA:3337,1
DA:3338,1
DA:3339,1
DA:3340,1
DA:3341,1
DA:3342,1
DA:3343,1
DA:3344,1
DA:3345,1
DA:3346,1
DA:3347,1
DA:3348,1
DA:3349,1
DA:3350,1
DA:3351,1
DA:3352,1
DA:3353,1
DA:3354,1
DA:3355,1
DA:3356,1
DA:3357,1
DA:3358,1
DA:3359,1
DA:3360,1
DA:3361,1
DA:3362,1
DA:3363,1
DA:3364,1
DA:3365,1
DA:3366,1
DA:3367,1
DA:3368,1
DA:3369,1
DA:3370,1
DA:3371,1
DA:3372,1
DA:3373,1
DA:3374,1
DA:3375,1
DA:3376,1
DA:3377,1
DA:3378,1
DA:3379,1
DA:3380,1
DA:3381,1
DA:3382,1
DA:3383,1
DA:3384,1
DA:3385,1
DA:3386,1
DA:3387,1
DA:3388,1
DA:3389,1
DA:3390,1
DA:3391,1
DA:3392,1
DA:3393,1
DA:3394,1
DA:3395,1
DA:3396,1
DA:3397,1
DA:3398,1
DA:3399,1
DA:3400,1
DA:3401,1
DA:3402,1
DA:3403,1
DA:3404,1
DA:3405,1
DA:3406,1
DA:3407,1
DA:3408,1
DA:3409,1
DA:3410,1
DA:3411,1
DA:3412,1
DA:3413,1
DA:3414,1
DA:3415,1
DA:3416,1
DA:3417,1
DA:3418,1
DA:3419,1
DA:3420,1
DA:3421,1
DA:3422,1
DA:3423,1
DA:3424,1
DA:3425,1
DA:3426,1
DA:3427,1
DA:3428,1
DA:3429,1
DA:3430,1
DA:3431,1
DA:3432,1
DA:3433,1
DA:3434,1
DA:3435,1
DA:3436,1
DA:3437,1
DA:3438,1
DA:3439,1
DA:3440,1
DA:3441,1
DA:3442,1
DA:3443,1
DA:3444,1
DA:3445,1
DA:3446,1
DA:3447,1
DA:3448,1
DA:3449,1
DA:3450,1
DA:3451,1
DA:3452,1
DA:3453,1
DA:3454,1
DA:3455,1
DA:3456,1
DA:3457,1
DA:3458,1
DA:3459,1
DA:3460,1
DA:3461,1
DA:3462,1
DA:3463,1
DA:3464,1
DA:3465,1
DA:3466,1
DA:3467,1
DA:3468,1
DA:3469,1
DA:3470,1
DA:3471,1
DA:3472,1
DA:3473,1
DA:3474,1
DA:3475,1
DA:3476,1
DA:3477,1
DA:3478,1
DA:3479,1
DA:3480,1
DA:3481,1
DA:3482,1
DA:3483,1
DA:3484,1
DA:3485,1
DA:3486,1
DA:3487,1
DA:3488,1
DA:3489,1
DA:3490,1
DA:3491,1
DA:3492,1
DA:3493,1
DA:3494,1
DA:3495,1
DA:3496,1
DA:3497,1
DA:3498,1
DA:3499,1
DA:3500,1
DA:3501,1
DA:3502,1
DA:3503,1
DA:3504,1
DA:3505,1
DA:3506,1
DA:3507,1
DA:3508,1
DA:3509,1
DA:3510,1
DA:3511,1
DA:3512,1
DA:3513,1
DA:3514,1
DA:3515,1
DA:3516,1
DA:3517,1
DA:3518,1
DA:3519,1
DA:3520,1
DA:3521,1
DA:3522,1
DA:3523,1
DA:3524,1
DA:3525,1
DA:3526,1
DA:3527,1
DA:3528,1
DA:3529,1
DA:3530,1
DA:3531,1
DA:3532,1
DA:3533,1
DA:3534,1
DA:3535,1
DA:3536,1
DA:3537,1
DA:3538,1
DA:3539,1
DA:3540,1
DA:3541,1
DA:3542,1
DA:3543,1
DA:3544,1
DA:3545,1
DA:3546,1
DA:3547,1
DA:3548,1
DA:3549,1
DA:3550,1
DA:3551,1
DA:3552,1
DA:3553,1
DA:3554,1
DA:3555,1
DA:3556,1
DA:3557,1
DA:3558,1
DA:3559,1
DA:3560,1
DA:3561,1
DA:3562,1
DA:3563,1
DA:3564,1
DA:3565,1
DA:3566,1
DA:3567,1
DA:3568,1
DA:3569,1
DA:3570,1
DA:3571,1
DA:3572,1
DA:3573,1
DA:3574,1
DA:3575,1
DA:3576,1
DA:3577,1
DA:3578,1
DA:3579,1
DA:3580,1
DA:3581,1
DA:3582,1
DA:3583,1
DA:3584,1
DA:3585,1
DA:3586,1
DA:3587,1
DA:3588,1
DA:3589,1
DA:3590,1
DA:3591,1
DA:3592,1
DA:3593,1
DA:3594,1
DA:3595,1
DA:3596,1
DA:3597,1
DA:3598,1
DA:3599,1
DA:3600,1
DA:3601,1
DA:3602,1
DA:3603,1
DA:3604,1
DA:3605,1
DA:3606,1
DA:3607,1
DA:3608,1
DA:3609,1
DA:3610,1
DA:3611,1
DA:3612,1
DA:3613,1
DA:3614,1
DA:3615,1
DA:3616,1
DA:3617,1
DA:3618,1
DA:3619,1
DA:3620,1
DA:3621,1
DA:3622,1
DA:3623,1
DA:3624,1
DA:3625,1
DA:3626,1
DA:3627,1
DA:3628,1
DA:3629,1
DA:3630,1
DA:3631,1
DA:3632,1
DA:3633,1
DA:3634,1
DA:3635,1
DA:3636,1
DA:3637,1
DA:3638,1
DA:3639,1
DA:3640,1
DA:3641,1
DA:3642,1
DA:3643,1
DA:3644,1
DA:3645,1
DA:3646,1
DA:3647,1
DA:3648,1
DA:3649,1
DA:3650,1
DA:3651,1
DA:3652,1
DA:3653,1
DA:3654,1
DA:3655,1
DA:3656,1
DA:3657,10
DA:3658,10
DA:3659,90
DA:3660,90
DA:3661,90
DA:3662,90
DA:3663,10
DA:3664,10
DA:3665,1
DA:3666,1
DA:3698,1
DA:3699,1
DA:3700,1
DA:3701,1
DA:3702,1
DA:3703,1
DA:3704,1
DA:3705,90
DA:3706,90
DA:3707,90
DA:3708,90
DA:3709,90
DA:3710,90
DA:3711,90
DA:3712,90
DA:3713,90
DA:3714,90
DA:3715,90
DA:3716,90
DA:3717,90
DA:3733,90
LH:3723
LF:3733
end_of_record
