TN:
SF:lib/utils.js
FN:16,updateObject
FN:32,isValidObject
FN:47,extractSubobjectByKeys
FN:49,anonymous_3
FN:34,anonymous_4
FNDA:4,updateObject
FNDA:3,isValidObject
FNDA:31,extractSubobjectByKeys
FNDA:36,anonymous_3
FNDA:5,anonymous_4
FNF:5
FNH:5
BRDA:1,0,0,2
BRDA:16,1,0,1
BRDA:17,2,0,4
BRDA:18,3,0,3
BRDA:32,4,0,3
BRDA:33,5,0,2
BRDA:33,6,0,2
BRDA:35,7,0,1
BRDA:47,8,0,31
BRDA:49,9,0,36
BRDA:34,10,0,5
BRF:11
BRH:11
DA:1,2
DA:2,2
DA:3,2
DA:4,2
DA:5,2
DA:6,2
DA:7,2
DA:8,2
DA:9,2
DA:10,2
DA:11,2
DA:12,2
DA:13,2
DA:14,2
DA:15,2
DA:16,2
DA:17,1
DA:18,4
DA:19,3
DA:20,3
DA:21,4
DA:22,1
DA:23,2
DA:24,2
DA:25,2
DA:26,2
DA:27,2
DA:28,2
DA:29,2
DA:30,2
DA:31,2
DA:32,2
DA:33,3
DA:34,2
DA:35,2
DA:36,1
DA:37,3
DA:38,2
DA:39,2
DA:40,2
DA:41,2
DA:42,2
DA:43,2
DA:44,2
DA:45,2
DA:46,2
DA:47,2
DA:48,31
DA:49,31
DA:50,36
DA:51,36
DA:52,36
DA:53,31
DA:54,31
DA:55,31
DA:56,2
DA:57,2
DA:58,2
DA:59,2
DA:60,2
DA:61,2
DA:62,2
DA:63,2
DA:64,2
DA:65,2
DA:66,2
DA:67,2
DA:68,2
DA:69,2
DA:70,2
DA:71,2
DA:72,2
DA:73,2
DA:74,2
DA:75,2
DA:76,2
DA:77,2
DA:78,2
DA:79,2
DA:80,2
DA:81,2
DA:82,2
DA:83,2
DA:84,2
DA:85,2
DA:86,2
DA:87,2
DA:88,2
DA:89,2
DA:90,2
DA:91,2
DA:92,2
DA:93,2
DA:94,2
DA:95,2
LH:95
LF:95
end_of_record
SF:lib/weather.js
FN:25,<instance_members_initializer>
FN:44,Weather
FN:63,filterItemByDatetimeVal
FN:66,anonymous_3
FN:87,setItemByDatetimeVal
FN:121,updateItemByDatetimeVal
FN:155,validateParamDate
FN:212,validateParamUnitGroup
FN:235,validateParamInclude
FN:270,validateParamElements
FN:333,fetchWeatherData
FN:369,anonymous_11
FN:371,anonymous_12
FN:376,anonymous_13
FN:377,anonymous_14
FN:403,clearWeatherData
FN:417,getWeatherData
FN:440,setWeatherData
FN:454,getWeatherDailyData
FN:457,anonymous_19
FN:477,setWeatherDailyData
FN:491,getWeatherHourlyData
FN:493,anonymous_22
FN:495,anonymous_23
FN:516,getDataOnDay
FN:521,anonymous_25
FN:554,setDataOnDay
FN:589,getHourlyDataOnDay
FN:593,anonymous_28
FN:604,anonymous_29
FN:606,anonymous_30
FN:630,setHourlyDataOnDay
FN:666,getDataAtDatetime
FN:695,setDataAtDatetime
FN:717,updateDataAtDatetime
FN:739,getDatetimeEpochAtDatetime
FN:761,setDatetimeEpochAtDatetime
FN:780,getDailyDatetimes
FN:781,anonymous_38
FN:793,getHourlyDatetimes
FN:794,anonymous_40
FN:795,anonymous_41
FN:808,getLatitude
FN:822,setLatitude
FN:838,getLongitude
FN:852,setLongitude
FN:868,getResolvedAddress
FN:881,setResolvedAddress
FN:894,getAddress
FN:907,setAddress
FN:920,getTimezone
FN:933,setTimezone
FN:946,getTzoffset
FN:959,setTzoffset
FN:972,getQueryCost
FN:985,setQueryCost
FN:998,getStations
FN:1011,setStations
FN:1025,getTempOnDay
FN:1028,anonymous_59
FN:1056,setTempOnDay
FN:1059,anonymous_61
FN:1085,getTempmaxOnDay
FN:1088,anonymous_63
FN:1116,setTempmaxOnDay
FN:1149,getTempminOnDay
FN:1152,anonymous_66
FN:1180,setTempminOnDay
FN:1213,getFeelslikeOnDay
FN:1216,anonymous_69
FN:1244,setFeelslikeOnDay
FN:1277,getFeelslikemaxOnDay
FN:1280,anonymous_72
FN:1308,setFeelslikemaxOnDay
FN:1341,getFeelslikeminOnDay
FN:1344,anonymous_75
FN:1372,setFeelslikeminOnDay
FN:1405,getDewOnDay
FN:1408,anonymous_78
FN:1436,setDewOnDay
FN:1469,getHumidityOnDay
FN:1472,anonymous_81
FN:1500,setHumidityOnDay
FN:1533,getPrecipOnDay
FN:1536,anonymous_84
FN:1564,setPrecipOnDay
FN:1597,getPrecipprobOnDay
FN:1600,anonymous_87
FN:1628,setPrecipprobOnDay
FN:1661,getPrecipcoverOnDay
FN:1664,anonymous_90
FN:1692,setPrecipcoverOnDay
FN:1725,getPreciptypeOnDay
FN:1728,anonymous_93
FN:1756,setPreciptypeOnDay
FN:1789,getSnowOnDay
FN:1792,anonymous_96
FN:1820,setSnowOnDay
FN:1853,getSnowdepthOnDay
FN:1856,anonymous_99
FN:1884,setSnowdepthOnDay
FN:1917,getWindgustOnDay
FN:1920,anonymous_102
FN:1948,setWindgustOnDay
FN:1981,getWindspeedOnDay
FN:1984,anonymous_105
FN:2012,setWindspeedOnDay
FN:2045,getWinddirOnDay
FN:2048,anonymous_108
FN:2076,setWinddirOnDay
FN:2108,getPressureOnDay
FN:2111,anonymous_111
FN:2139,setPressureOnDay
FN:2172,getCloudcoverOnDay
FN:2175,anonymous_114
FN:2203,setCloudcoverOnDay
FN:2236,getVisibilityOnDay
FN:2239,anonymous_117
FN:2267,setVisibilityOnDay
FN:2300,getSolarradiationOnDay
FN:2303,anonymous_120
FN:2331,setSolarradiationOnDay
FN:2364,getSolarenergyOnDay
FN:2367,anonymous_123
FN:2395,setSolarenergyOnDay
FN:2428,getUvindexOnDay
FN:2431,anonymous_126
FN:2459,setUvindexOnDay
FN:2492,getSevereriskOnDay
FN:2495,anonymous_129
FN:2523,setSevereriskOnDay
FN:2556,getStationsOnDay
FN:2559,anonymous_132
FN:2585,setStationsOnDay
FN:2618,getSunriseOnDay
FN:2621,anonymous_135
FN:2647,setSunriseOnDay
FN:2680,getSunriseEpochOnDay
FN:2683,anonymous_138
FN:2711,setSunriseEpochOnDay
FN:2744,getSunsetOnDay
FN:2747,anonymous_141
FN:2773,setSunsetOnDay
FN:2806,getSunsetEpochOnDay
FN:2809,anonymous_144
FN:2837,setSunsetEpochOnDay
FN:2870,getMoonphaseOnDay
FN:2873,anonymous_147
FN:2901,setMoonphaseOnDay
FN:2934,getConditionsOnDay
FN:2937,anonymous_150
FN:2963,setConditionsOnDay
FN:2996,getDescriptionOnDay
FN:2999,anonymous_153
FN:3025,setDescriptionOnDay
FN:3058,getIconOnDay
FN:3061,anonymous_156
FN:3087,setIconOnDay
FN:3121,getTempAtDatetime
FN:3147,setTempAtDatetime
FN:3168,getFeelsLikeAtDatetime
FN:3194,setFeelsLikeAtDatetime
FN:3215,getHumidityAtDatetime
FN:3241,setHumidityAtDatetime
FN:3262,getDewAtDatetime
FN:3288,setDewAtDatetime
FN:3309,getPrecipAtDatetime
FN:3335,setPrecipAtDatetime
FN:3356,getPrecipProbAtDatetime
FN:3382,setPrecipProbAtDatetime
FN:3403,getSnowAtDatetime
FN:3429,setSnowAtDatetime
FN:3450,getSnowDepthAtDatetime
FN:3476,setSnowDepthAtDatetime
FN:3497,getPreciptypeAtDatetime
FN:3523,setPreciptypeAtDatetime
FN:3544,getWindgustAtDatetime
FN:3570,setWindgustAtDatetime
FN:3591,getWindspeedAtDatetime
FN:3617,setWindspeedAtDatetime
FN:3638,getWinddirAtDatetime
FN:3664,setWinddirAtDatetime
FN:3685,getPressureAtDatetime
FN:3711,setPressureAtDatetime
FN:3732,getVisibilityAtDatetime
FN:3758,setVisibilityAtDatetime
FN:3779,getCloudcoverAtDatetime
FN:3805,setCloudcoverAtDatetime
FN:3826,getSolarradiationAtDatetime
FN:3852,setSolarradiationAtDatetime
FN:3873,getSolarenergyAtDatetime
FN:3899,setSolarenergyAtDatetime
FN:3920,getUvindexAtDatetime
FN:3946,setUvindexAtDatetime
FN:3967,getSevereriskAtDatetime
FN:3993,setSevereriskAtDatetime
FN:4014,getConditionsAtDatetime
FN:4040,setConditionsAtDatetime
FN:4061,getIconAtDatetime
FN:4087,setIconAtDatetime
FN:4108,getStationsAtDatetime
FN:4134,setStationsAtDatetime
FN:4157,getSourceAtDatetime
FN:4183,setSourceAtDatetime
FNDA:80,<instance_members_initializer>
FNDA:80,Weather
FNDA:347,filterItemByDatetimeVal
FNDA:685,anonymous_3
FNDA:4,setItemByDatetimeVal
FNDA:4,updateItemByDatetimeVal
FNDA:20,validateParamDate
FNDA:6,validateParamUnitGroup
FNDA:7,validateParamInclude
FNDA:7,validateParamElements
FNDA:5,fetchWeatherData
FNDA:1,anonymous_11
FNDA:1,anonymous_12
FNDA:1,anonymous_13
FNDA:1,anonymous_14
FNDA:0,clearWeatherData
FNDA:3,getWeatherData
FNDA:75,setWeatherData
FNDA:3,getWeatherDailyData
FNDA:2,anonymous_19
FNDA:0,setWeatherDailyData
FNDA:3,getWeatherHourlyData
FNDA:3,anonymous_22
FNDA:25,anonymous_23
FNDA:7,getDataOnDay
FNDA:3,anonymous_25
FNDA:3,setDataOnDay
FNDA:7,getHourlyDataOnDay
FNDA:4,anonymous_28
FNDA:24,anonymous_29
FNDA:24,anonymous_30
FNDA:2,setHourlyDataOnDay
FNDA:3,getDataAtDatetime
FNDA:2,setDataAtDatetime
FNDA:2,updateDataAtDatetime
FNDA:3,getDatetimeEpochAtDatetime
FNDA:3,setDatetimeEpochAtDatetime
FNDA:1,getDailyDatetimes
FNDA:1,anonymous_38
FNDA:1,getHourlyDatetimes
FNDA:1,anonymous_40
FNDA:24,anonymous_41
FNDA:1,getLatitude
FNDA:2,setLatitude
FNDA:1,getLongitude
FNDA:2,setLongitude
FNDA:1,getResolvedAddress
FNDA:1,setResolvedAddress
FNDA:1,getAddress
FNDA:1,setAddress
FNDA:1,getTimezone
FNDA:1,setTimezone
FNDA:1,getTzoffset
FNDA:1,setTzoffset
FNDA:2,getQueryCost
FNDA:2,setQueryCost
FNDA:2,getStations
FNDA:2,setStations
FNDA:4,getTempOnDay
FNDA:2,anonymous_59
FNDA:3,setTempOnDay
FNDA:1,anonymous_61
FNDA:4,getTempmaxOnDay
FNDA:2,anonymous_63
FNDA:3,setTempmaxOnDay
FNDA:4,getTempminOnDay
FNDA:2,anonymous_66
FNDA:3,setTempminOnDay
FNDA:4,getFeelslikeOnDay
FNDA:2,anonymous_69
FNDA:3,setFeelslikeOnDay
FNDA:4,getFeelslikemaxOnDay
FNDA:2,anonymous_72
FNDA:3,setFeelslikemaxOnDay
FNDA:4,getFeelslikeminOnDay
FNDA:2,anonymous_75
FNDA:3,setFeelslikeminOnDay
FNDA:4,getDewOnDay
FNDA:2,anonymous_78
FNDA:3,setDewOnDay
FNDA:4,getHumidityOnDay
FNDA:2,anonymous_81
FNDA:3,setHumidityOnDay
FNDA:4,getPrecipOnDay
FNDA:2,anonymous_84
FNDA:3,setPrecipOnDay
FNDA:4,getPrecipprobOnDay
FNDA:2,anonymous_87
FNDA:3,setPrecipprobOnDay
FNDA:4,getPrecipcoverOnDay
FNDA:2,anonymous_90
FNDA:3,setPrecipcoverOnDay
FNDA:4,getPreciptypeOnDay
FNDA:2,anonymous_93
FNDA:3,setPreciptypeOnDay
FNDA:4,getSnowOnDay
FNDA:2,anonymous_96
FNDA:3,setSnowOnDay
FNDA:4,getSnowdepthOnDay
FNDA:2,anonymous_99
FNDA:3,setSnowdepthOnDay
FNDA:4,getWindgustOnDay
FNDA:2,anonymous_102
FNDA:3,setWindgustOnDay
FNDA:4,getWindspeedOnDay
FNDA:2,anonymous_105
FNDA:3,setWindspeedOnDay
FNDA:4,getWinddirOnDay
FNDA:2,anonymous_108
FNDA:3,setWinddirOnDay
FNDA:4,getPressureOnDay
FNDA:2,anonymous_111
FNDA:3,setPressureOnDay
FNDA:4,getCloudcoverOnDay
FNDA:2,anonymous_114
FNDA:3,setCloudcoverOnDay
FNDA:4,getVisibilityOnDay
FNDA:2,anonymous_117
FNDA:3,setVisibilityOnDay
FNDA:4,getSolarradiationOnDay
FNDA:2,anonymous_120
FNDA:3,setSolarradiationOnDay
FNDA:4,getSolarenergyOnDay
FNDA:2,anonymous_123
FNDA:3,setSolarenergyOnDay
FNDA:4,getUvindexOnDay
FNDA:2,anonymous_126
FNDA:3,setUvindexOnDay
FNDA:4,getSevereriskOnDay
FNDA:2,anonymous_129
FNDA:3,setSevereriskOnDay
FNDA:4,getStationsOnDay
FNDA:2,anonymous_132
FNDA:3,setStationsOnDay
FNDA:4,getSunriseOnDay
FNDA:2,anonymous_135
FNDA:3,setSunriseOnDay
FNDA:4,getSunriseEpochOnDay
FNDA:2,anonymous_138
FNDA:3,setSunriseEpochOnDay
FNDA:4,getSunsetOnDay
FNDA:2,anonymous_141
FNDA:3,setSunsetOnDay
FNDA:4,getSunsetEpochOnDay
FNDA:2,anonymous_144
FNDA:3,setSunsetEpochOnDay
FNDA:4,getMoonphaseOnDay
FNDA:2,anonymous_147
FNDA:3,setMoonphaseOnDay
FNDA:4,getConditionsOnDay
FNDA:2,anonymous_150
FNDA:3,setConditionsOnDay
FNDA:4,getDescriptionOnDay
FNDA:2,anonymous_153
FNDA:3,setDescriptionOnDay
FNDA:4,getIconOnDay
FNDA:2,anonymous_156
FNDA:3,setIconOnDay
FNDA:4,getTempAtDatetime
FNDA:4,setTempAtDatetime
FNDA:4,getFeelsLikeAtDatetime
FNDA:4,setFeelsLikeAtDatetime
FNDA:4,getHumidityAtDatetime
FNDA:4,setHumidityAtDatetime
FNDA:4,getDewAtDatetime
FNDA:4,setDewAtDatetime
FNDA:4,getPrecipAtDatetime
FNDA:4,setPrecipAtDatetime
FNDA:4,getPrecipProbAtDatetime
FNDA:4,setPrecipProbAtDatetime
FNDA:4,getSnowAtDatetime
FNDA:4,setSnowAtDatetime
FNDA:4,getSnowDepthAtDatetime
FNDA:4,setSnowDepthAtDatetime
FNDA:4,getPreciptypeAtDatetime
FNDA:4,setPreciptypeAtDatetime
FNDA:4,getWindgustAtDatetime
FNDA:4,setWindgustAtDatetime
FNDA:4,getWindspeedAtDatetime
FNDA:4,setWindspeedAtDatetime
FNDA:4,getWinddirAtDatetime
FNDA:4,setWinddirAtDatetime
FNDA:4,getPressureAtDatetime
FNDA:4,setPressureAtDatetime
FNDA:4,getVisibilityAtDatetime
FNDA:4,setVisibilityAtDatetime
FNDA:4,getCloudcoverAtDatetime
FNDA:4,setCloudcoverAtDatetime
FNDA:4,getSolarradiationAtDatetime
FNDA:4,setSolarradiationAtDatetime
FNDA:4,getSolarenergyAtDatetime
FNDA:4,setSolarenergyAtDatetime
FNDA:4,getUvindexAtDatetime
FNDA:4,setUvindexAtDatetime
FNDA:4,getSevereriskAtDatetime
FNDA:4,setSevereriskAtDatetime
FNDA:4,getConditionsAtDatetime
FNDA:4,setConditionsAtDatetime
FNDA:4,getIconAtDatetime
FNDA:4,setIconAtDatetime
FNDA:4,getStationsAtDatetime
FNDA:4,setStationsAtDatetime
FNDA:4,getSourceAtDatetime
FNDA:4,setSourceAtDatetime
FNF:204
FNH:202
BRDA:1,0,0,1
BRDA:25,1,0,80
BRDA:44,2,0,80
BRDA:63,3,0,347
BRDA:65,4,0,156
BRDA:66,5,0,47
BRDA:67,6,0,191
BRDA:69,7,0,137
BRDA:70,8,0,0
BRDA:71,9,0,54
BRDA:66,10,0,685
BRDA:87,11,0,4
BRDA:89,12,0,3
BRDA:89,13,0,1
BRDA:91,14,0,3
BRDA:93,15,0,2
BRDA:100,16,0,1
BRDA:102,17,0,0
BRDA:121,18,0,4
BRDA:123,19,0,3
BRDA:123,20,0,1
BRDA:125,21,0,3
BRDA:127,22,0,2
BRDA:135,23,0,1
BRDA:137,24,0,0
BRDA:155,25,0,20
BRDA:156,26,0,18
BRDA:170,27,0,9
BRDA:172,28,0,8
BRDA:173,29,0,7
BRDA:175,30,0,6
BRDA:177,31,0,13
BRDA:179,32,0,5
BRDA:182,33,0,1
BRDA:184,34,0,4
BRDA:187,35,0,1
BRDA:189,36,0,3
BRDA:193,37,0,2
BRDA:195,38,0,1
BRDA:212,39,0,6
BRDA:213,40,0,5
BRDA:214,41,0,4
BRDA:216,42,0,1
BRDA:220,43,0,1
BRDA:235,44,0,3
BRDA:236,45,0,7
BRDA:237,46,0,6
BRDA:250,47,0,1
BRDA:253,48,0,1
BRDA:257,49,0,1
BRDA:270,50,0,3
BRDA:271,51,0,7
BRDA:272,52,0,6
BRDA:308,53,0,1
BRDA:311,54,0,1
BRDA:315,55,0,1
BRDA:333,56,0,5
BRDA:335,57,0,1
BRDA:337,58,0,4
BRDA:339,59,0,1
BRDA:341,60,0,3
BRDA:354,61,0,0
BRDA:356,62,0,3
BRDA:358,63,0,2
BRDA:361,64,0,1
BRDA:367,65,0,1
BRDA:390,66,0,3
BRDA:369,67,0,1
BRDA:371,68,0,1
BRDA:376,69,0,1
BRDA:377,70,0,1
BRDA:378,71,0,0
BRDA:417,72,0,3
BRDA:419,73,0,2
BRDA:421,74,0,1
BRDA:426,75,0,1
BRDA:440,76,0,75
BRDA:454,77,0,3
BRDA:456,78,0,2
BRDA:458,79,0,1
BRDA:463,80,0,1
BRDA:457,81,0,2
BRDA:491,82,0,3
BRDA:494,83,0,2
BRDA:496,84,0,1
BRDA:500,85,0,1
BRDA:493,86,0,3
BRDA:495,87,0,25
BRDA:516,88,0,7
BRDA:520,89,0,3
BRDA:522,90,0,4
BRDA:524,91,0,3
BRDA:526,92,0,1
BRDA:529,93,0,6
BRDA:531,94,0,1
BRDA:533,95,0,5
BRDA:538,96,0,1
BRDA:521,97,0,3
BRDA:554,98,0,3
BRDA:556,99,0,1
BRDA:563,100,0,2
BRDA:565,101,0,1
BRDA:572,102,0,1
BRDA:589,103,0,7
BRDA:592,104,0,4
BRDA:593,105,0,3
BRDA:593,106,0,1
BRDA:594,107,0,3
BRDA:596,108,0,2
BRDA:597,109,0,1
BRDA:597,110,0,1
BRDA:598,111,0,1
BRDA:601,112,0,6
BRDA:603,113,0,1
BRDA:611,114,0,5
BRDA:614,115,0,1
BRDA:593,116,0,4
BRDA:604,117,0,24
BRDA:606,118,0,24
BRDA:630,119,0,2
BRDA:632,120,0,1
BRDA:641,121,0,0
BRDA:648,122,0,1
BRDA:666,123,0,3
BRDA:671,124,0,0
BRDA:673,125,0,2
BRDA:678,126,0,1
BRDA:695,127,0,2
BRDA:700,128,0,1
BRDA:717,129,0,2
BRDA:722,130,0,1
BRDA:739,131,0,3
BRDA:744,132,0,2
BRDA:761,133,0,3
BRDA:766,134,0,2
BRDA:780,135,0,1
BRDA:781,136,0,1
BRDA:793,137,0,1
BRDA:794,138,0,1
BRDA:795,139,0,24
BRDA:808,140,0,1
BRDA:809,141,0,0
BRDA:822,142,0,2
BRDA:823,143,0,1
BRDA:824,144,0,1
BRDA:838,145,0,1
BRDA:839,146,0,0
BRDA:852,147,0,2
BRDA:853,148,0,1
BRDA:854,149,0,1
BRDA:868,150,0,1
BRDA:869,151,0,0
BRDA:881,152,0,1
BRDA:894,153,0,1
BRDA:895,154,0,0
BRDA:907,155,0,1
BRDA:920,156,0,1
BRDA:921,157,0,0
BRDA:933,158,0,1
BRDA:946,159,0,1
BRDA:947,160,0,0
BRDA:959,161,0,1
BRDA:972,162,0,2
BRDA:973,163,0,1
BRDA:985,164,0,2
BRDA:998,165,0,2
BRDA:999,166,0,1
BRDA:1011,167,0,2
BRDA:1025,168,0,4
BRDA:1027,169,0,2
BRDA:1028,170,0,1
BRDA:1029,171,0,1
BRDA:1029,172,0,1
BRDA:1030,173,0,2
BRDA:1032,174,0,1
BRDA:1034,175,0,0
BRDA:1034,176,0,0
BRDA:1035,177,0,1
BRDA:1040,178,0,1
BRDA:1028,179,0,2
BRDA:1056,180,0,3
BRDA:1058,181,0,1
BRDA:1061,182,0,2
BRDA:1063,183,0,1
BRDA:1070,184,0,1
BRDA:1059,185,0,1
BRDA:1085,186,0,4
BRDA:1087,187,0,2
BRDA:1088,188,0,1
BRDA:1089,189,0,1
BRDA:1089,190,0,1
BRDA:1090,191,0,2
BRDA:1092,192,0,1
BRDA:1094,193,0,0
BRDA:1094,194,0,0
BRDA:1095,195,0,1
BRDA:1100,196,0,1
BRDA:1088,197,0,2
BRDA:1116,198,0,3
BRDA:1118,199,0,1
BRDA:1125,200,0,2
BRDA:1127,201,0,1
BRDA:1134,202,0,1
BRDA:1149,203,0,4
BRDA:1151,204,0,2
BRDA:1152,205,0,1
BRDA:1153,206,0,1
BRDA:1153,207,0,1
BRDA:1154,208,0,2
BRDA:1156,209,0,1
BRDA:1158,210,0,0
BRDA:1158,211,0,0
BRDA:1159,212,0,1
BRDA:1164,213,0,1
BRDA:1152,214,0,2
BRDA:1180,215,0,3
BRDA:1182,216,0,1
BRDA:1189,217,0,2
BRDA:1191,218,0,1
BRDA:1198,219,0,1
BRDA:1213,220,0,4
BRDA:1215,221,0,2
BRDA:1216,222,0,1
BRDA:1217,223,0,1
BRDA:1217,224,0,1
BRDA:1218,225,0,2
BRDA:1220,226,0,1
BRDA:1222,227,0,0
BRDA:1222,228,0,0
BRDA:1223,229,0,1
BRDA:1228,230,0,1
BRDA:1216,231,0,2
BRDA:1244,232,0,3
BRDA:1246,233,0,1
BRDA:1253,234,0,2
BRDA:1255,235,0,1
BRDA:1262,236,0,1
BRDA:1277,237,0,4
BRDA:1279,238,0,2
BRDA:1280,239,0,1
BRDA:1281,240,0,1
BRDA:1281,241,0,1
BRDA:1282,242,0,2
BRDA:1284,243,0,1
BRDA:1286,244,0,0
BRDA:1286,245,0,0
BRDA:1287,246,0,1
BRDA:1292,247,0,1
BRDA:1280,248,0,2
BRDA:1308,249,0,3
BRDA:1310,250,0,1
BRDA:1317,251,0,2
BRDA:1319,252,0,1
BRDA:1326,253,0,1
BRDA:1341,254,0,4
BRDA:1343,255,0,2
BRDA:1344,256,0,1
BRDA:1345,257,0,1
BRDA:1345,258,0,1
BRDA:1346,259,0,2
BRDA:1348,260,0,1
BRDA:1350,261,0,0
BRDA:1350,262,0,0
BRDA:1351,263,0,1
BRDA:1356,264,0,1
BRDA:1344,265,0,2
BRDA:1372,266,0,3
BRDA:1374,267,0,1
BRDA:1381,268,0,2
BRDA:1383,269,0,1
BRDA:1390,270,0,1
BRDA:1405,271,0,4
BRDA:1407,272,0,2
BRDA:1408,273,0,1
BRDA:1409,274,0,1
BRDA:1409,275,0,1
BRDA:1410,276,0,2
BRDA:1412,277,0,1
BRDA:1414,278,0,0
BRDA:1414,279,0,0
BRDA:1415,280,0,1
BRDA:1420,281,0,1
BRDA:1408,282,0,2
BRDA:1436,283,0,3
BRDA:1438,284,0,1
BRDA:1445,285,0,2
BRDA:1447,286,0,1
BRDA:1454,287,0,1
BRDA:1469,288,0,4
BRDA:1471,289,0,2
BRDA:1472,290,0,1
BRDA:1473,291,0,1
BRDA:1473,292,0,1
BRDA:1474,293,0,2
BRDA:1476,294,0,1
BRDA:1478,295,0,0
BRDA:1478,296,0,0
BRDA:1479,297,0,1
BRDA:1484,298,0,1
BRDA:1472,299,0,2
BRDA:1500,300,0,3
BRDA:1502,301,0,1
BRDA:1509,302,0,2
BRDA:1511,303,0,1
BRDA:1518,304,0,1
BRDA:1533,305,0,4
BRDA:1535,306,0,2
BRDA:1536,307,0,1
BRDA:1537,308,0,1
BRDA:1537,309,0,1
BRDA:1538,310,0,2
BRDA:1540,311,0,1
BRDA:1542,312,0,0
BRDA:1542,313,0,0
BRDA:1543,314,0,1
BRDA:1548,315,0,1
BRDA:1536,316,0,2
BRDA:1564,317,0,3
BRDA:1566,318,0,1
BRDA:1573,319,0,2
BRDA:1575,320,0,1
BRDA:1582,321,0,1
BRDA:1597,322,0,4
BRDA:1599,323,0,2
BRDA:1600,324,0,1
BRDA:1601,325,0,1
BRDA:1601,326,0,1
BRDA:1602,327,0,2
BRDA:1604,328,0,1
BRDA:1606,329,0,0
BRDA:1606,330,0,0
BRDA:1607,331,0,1
BRDA:1612,332,0,1
BRDA:1600,333,0,2
BRDA:1628,334,0,3
BRDA:1630,335,0,1
BRDA:1637,336,0,2
BRDA:1639,337,0,1
BRDA:1646,338,0,1
BRDA:1661,339,0,4
BRDA:1663,340,0,2
BRDA:1664,341,0,1
BRDA:1665,342,0,1
BRDA:1665,343,0,1
BRDA:1666,344,0,2
BRDA:1668,345,0,1
BRDA:1670,346,0,0
BRDA:1670,347,0,0
BRDA:1671,348,0,1
BRDA:1676,349,0,1
BRDA:1664,350,0,2
BRDA:1692,351,0,3
BRDA:1694,352,0,1
BRDA:1701,353,0,2
BRDA:1703,354,0,1
BRDA:1710,355,0,1
BRDA:1725,356,0,4
BRDA:1727,357,0,2
BRDA:1728,358,0,1
BRDA:1729,359,0,0
BRDA:1729,360,0,1
BRDA:1730,361,0,2
BRDA:1732,362,0,1
BRDA:1734,363,0,0
BRDA:1734,364,0,0
BRDA:1735,365,0,1
BRDA:1740,366,0,1
BRDA:1728,367,0,2
BRDA:1756,368,0,3
BRDA:1758,369,0,1
BRDA:1765,370,0,2
BRDA:1767,371,0,1
BRDA:1774,372,0,1
BRDA:1789,373,0,4
BRDA:1791,374,0,2
BRDA:1792,375,0,1
BRDA:1793,376,0,1
BRDA:1793,377,0,1
BRDA:1794,378,0,2
BRDA:1796,379,0,1
BRDA:1798,380,0,0
BRDA:1798,381,0,0
BRDA:1799,382,0,1
BRDA:1804,383,0,1
BRDA:1792,384,0,2
BRDA:1820,385,0,3
BRDA:1822,386,0,1
BRDA:1829,387,0,2
BRDA:1831,388,0,1
BRDA:1838,389,0,1
BRDA:1853,390,0,4
BRDA:1855,391,0,2
BRDA:1856,392,0,1
BRDA:1857,393,0,1
BRDA:1857,394,0,1
BRDA:1858,395,0,2
BRDA:1860,396,0,1
BRDA:1862,397,0,0
BRDA:1862,398,0,0
BRDA:1863,399,0,1
BRDA:1868,400,0,1
BRDA:1856,401,0,2
BRDA:1884,402,0,3
BRDA:1886,403,0,1
BRDA:1893,404,0,2
BRDA:1895,405,0,1
BRDA:1902,406,0,1
BRDA:1917,407,0,4
BRDA:1919,408,0,2
BRDA:1920,409,0,1
BRDA:1921,410,0,1
BRDA:1921,411,0,1
BRDA:1922,412,0,2
BRDA:1924,413,0,1
BRDA:1926,414,0,0
BRDA:1926,415,0,0
BRDA:1927,416,0,1
BRDA:1932,417,0,1
BRDA:1920,418,0,2
BRDA:1948,419,0,3
BRDA:1950,420,0,1
BRDA:1957,421,0,2
BRDA:1959,422,0,1
BRDA:1966,423,0,1
BRDA:1981,424,0,4
BRDA:1983,425,0,2
BRDA:1984,426,0,1
BRDA:1985,427,0,1
BRDA:1985,428,0,1
BRDA:1986,429,0,2
BRDA:1988,430,0,1
BRDA:1990,431,0,0
BRDA:1990,432,0,0
BRDA:1991,433,0,1
BRDA:1996,434,0,1
BRDA:1984,435,0,2
BRDA:2012,436,0,3
BRDA:2014,437,0,1
BRDA:2021,438,0,2
BRDA:2023,439,0,1
BRDA:2030,440,0,1
BRDA:2045,441,0,4
BRDA:2047,442,0,2
BRDA:2048,443,0,1
BRDA:2049,444,0,1
BRDA:2049,445,0,1
BRDA:2050,446,0,2
BRDA:2052,447,0,1
BRDA:2054,448,0,0
BRDA:2054,449,0,0
BRDA:2055,450,0,1
BRDA:2060,451,0,1
BRDA:2048,452,0,2
BRDA:2076,453,0,3
BRDA:2078,454,0,1
BRDA:2085,455,0,2
BRDA:2087,456,0,1
BRDA:2093,457,0,1
BRDA:2108,458,0,4
BRDA:2110,459,0,2
BRDA:2111,460,0,1
BRDA:2112,461,0,1
BRDA:2112,462,0,1
BRDA:2113,463,0,2
BRDA:2115,464,0,1
BRDA:2117,465,0,0
BRDA:2117,466,0,0
BRDA:2118,467,0,1
BRDA:2123,468,0,1
BRDA:2111,469,0,2
BRDA:2139,470,0,3
BRDA:2141,471,0,1
BRDA:2148,472,0,2
BRDA:2150,473,0,1
BRDA:2157,474,0,1
BRDA:2172,475,0,4
BRDA:2174,476,0,2
BRDA:2175,477,0,1
BRDA:2176,478,0,1
BRDA:2176,479,0,1
BRDA:2177,480,0,2
BRDA:2179,481,0,1
BRDA:2181,482,0,0
BRDA:2181,483,0,0
BRDA:2182,484,0,1
BRDA:2187,485,0,1
BRDA:2175,486,0,2
BRDA:2203,487,0,3
BRDA:2205,488,0,1
BRDA:2212,489,0,2
BRDA:2214,490,0,1
BRDA:2221,491,0,1
BRDA:2236,492,0,4
BRDA:2238,493,0,2
BRDA:2239,494,0,1
BRDA:2240,495,0,1
BRDA:2240,496,0,1
BRDA:2241,497,0,2
BRDA:2243,498,0,1
BRDA:2245,499,0,0
BRDA:2245,500,0,0
BRDA:2246,501,0,1
BRDA:2251,502,0,1
BRDA:2239,503,0,2
BRDA:2267,504,0,3
BRDA:2269,505,0,1
BRDA:2276,506,0,2
BRDA:2278,507,0,1
BRDA:2285,508,0,1
BRDA:2300,509,0,4
BRDA:2302,510,0,2
BRDA:2303,511,0,1
BRDA:2304,512,0,1
BRDA:2304,513,0,1
BRDA:2305,514,0,2
BRDA:2307,515,0,1
BRDA:2309,516,0,0
BRDA:2309,517,0,0
BRDA:2310,518,0,1
BRDA:2315,519,0,1
BRDA:2303,520,0,2
BRDA:2331,521,0,3
BRDA:2333,522,0,1
BRDA:2340,523,0,2
BRDA:2342,524,0,1
BRDA:2349,525,0,1
BRDA:2364,526,0,4
BRDA:2366,527,0,2
BRDA:2367,528,0,1
BRDA:2368,529,0,1
BRDA:2368,530,0,1
BRDA:2369,531,0,2
BRDA:2371,532,0,1
BRDA:2373,533,0,0
BRDA:2373,534,0,0
BRDA:2374,535,0,1
BRDA:2379,536,0,1
BRDA:2367,537,0,2
BRDA:2395,538,0,3
BRDA:2397,539,0,1
BRDA:2404,540,0,2
BRDA:2406,541,0,1
BRDA:2413,542,0,1
BRDA:2428,543,0,4
BRDA:2430,544,0,2
BRDA:2431,545,0,1
BRDA:2432,546,0,1
BRDA:2432,547,0,1
BRDA:2433,548,0,2
BRDA:2435,549,0,1
BRDA:2437,550,0,0
BRDA:2437,551,0,0
BRDA:2438,552,0,1
BRDA:2443,553,0,1
BRDA:2431,554,0,2
BRDA:2459,555,0,3
BRDA:2461,556,0,1
BRDA:2468,557,0,2
BRDA:2470,558,0,1
BRDA:2477,559,0,1
BRDA:2492,560,0,4
BRDA:2494,561,0,2
BRDA:2495,562,0,1
BRDA:2496,563,0,1
BRDA:2496,564,0,1
BRDA:2497,565,0,2
BRDA:2499,566,0,1
BRDA:2501,567,0,0
BRDA:2501,568,0,0
BRDA:2502,569,0,1
BRDA:2507,570,0,1
BRDA:2495,571,0,2
BRDA:2523,572,0,3
BRDA:2525,573,0,1
BRDA:2532,574,0,2
BRDA:2534,575,0,1
BRDA:2541,576,0,1
BRDA:2556,577,0,4
BRDA:2558,578,0,2
BRDA:2559,579,0,1
BRDA:2559,580,0,1
BRDA:2560,581,0,2
BRDA:2562,582,0,1
BRDA:2563,583,0,0
BRDA:2564,584,0,1
BRDA:2569,585,0,1
BRDA:2559,586,0,2
BRDA:2585,587,0,3
BRDA:2587,588,0,1
BRDA:2594,589,0,2
BRDA:2596,590,0,1
BRDA:2603,591,0,1
BRDA:2618,592,0,4
BRDA:2620,593,0,2
BRDA:2621,594,0,1
BRDA:2621,595,0,1
BRDA:2622,596,0,2
BRDA:2624,597,0,1
BRDA:2625,598,0,0
BRDA:2626,599,0,1
BRDA:2631,600,0,1
BRDA:2621,601,0,2
BRDA:2647,602,0,3
BRDA:2649,603,0,1
BRDA:2656,604,0,2
BRDA:2658,605,0,1
BRDA:2665,606,0,1
BRDA:2680,607,0,4
BRDA:2682,608,0,2
BRDA:2683,609,0,1
BRDA:2684,610,0,0
BRDA:2684,611,0,1
BRDA:2685,612,0,2
BRDA:2687,613,0,1
BRDA:2689,614,0,0
BRDA:2689,615,0,0
BRDA:2690,616,0,1
BRDA:2695,617,0,1
BRDA:2683,618,0,2
BRDA:2711,619,0,3
BRDA:2713,620,0,1
BRDA:2720,621,0,2
BRDA:2722,622,0,1
BRDA:2729,623,0,1
BRDA:2744,624,0,4
BRDA:2746,625,0,2
BRDA:2747,626,0,1
BRDA:2747,627,0,1
BRDA:2748,628,0,2
BRDA:2750,629,0,1
BRDA:2751,630,0,0
BRDA:2752,631,0,1
BRDA:2757,632,0,1
BRDA:2747,633,0,2
BRDA:2773,634,0,3
BRDA:2775,635,0,1
BRDA:2782,636,0,2
BRDA:2784,637,0,1
BRDA:2791,638,0,1
BRDA:2806,639,0,4
BRDA:2808,640,0,2
BRDA:2809,641,0,1
BRDA:2810,642,0,0
BRDA:2810,643,0,1
BRDA:2811,644,0,2
BRDA:2813,645,0,1
BRDA:2815,646,0,0
BRDA:2815,647,0,0
BRDA:2816,648,0,1
BRDA:2821,649,0,1
BRDA:2809,650,0,2
BRDA:2837,651,0,3
BRDA:2839,652,0,1
BRDA:2846,653,0,2
BRDA:2848,654,0,1
BRDA:2855,655,0,1
BRDA:2870,656,0,4
BRDA:2872,657,0,2
BRDA:2873,658,0,1
BRDA:2874,659,0,1
BRDA:2874,660,0,1
BRDA:2875,661,0,2
BRDA:2877,662,0,1
BRDA:2879,663,0,0
BRDA:2879,664,0,0
BRDA:2880,665,0,1
BRDA:2885,666,0,1
BRDA:2873,667,0,2
BRDA:2901,668,0,3
BRDA:2903,669,0,1
BRDA:2910,670,0,2
BRDA:2912,671,0,1
BRDA:2919,672,0,1
BRDA:2934,673,0,4
BRDA:2936,674,0,2
BRDA:2937,675,0,1
BRDA:2937,676,0,1
BRDA:2938,677,0,2
BRDA:2940,678,0,1
BRDA:2941,679,0,0
BRDA:2942,680,0,1
BRDA:2947,681,0,1
BRDA:2937,682,0,2
BRDA:2963,683,0,3
BRDA:2965,684,0,1
BRDA:2972,685,0,2
BRDA:2974,686,0,1
BRDA:2981,687,0,1
BRDA:2996,688,0,4
BRDA:2998,689,0,2
BRDA:2999,690,0,1
BRDA:2999,691,0,1
BRDA:3000,692,0,2
BRDA:3002,693,0,1
BRDA:3003,694,0,0
BRDA:3004,695,0,1
BRDA:3009,696,0,1
BRDA:2999,697,0,2
BRDA:3025,698,0,3
BRDA:3027,699,0,1
BRDA:3034,700,0,2
BRDA:3036,701,0,1
BRDA:3043,702,0,1
BRDA:3058,703,0,4
BRDA:3060,704,0,2
BRDA:3061,705,0,1
BRDA:3061,706,0,1
BRDA:3062,707,0,2
BRDA:3064,708,0,1
BRDA:3065,709,0,0
BRDA:3066,710,0,1
BRDA:3071,711,0,1
BRDA:3061,712,0,2
BRDA:3087,713,0,3
BRDA:3089,714,0,1
BRDA:3096,715,0,2
BRDA:3098,716,0,1
BRDA:3105,717,0,1
BRDA:3121,718,0,4
BRDA:3125,719,0,1
BRDA:3125,720,0,3
BRDA:3128,721,0,2
BRDA:3130,722,0,0
BRDA:3147,723,0,4
BRDA:3150,724,0,3
BRDA:3152,725,0,2
BRDA:3168,726,0,4
BRDA:3172,727,0,1
BRDA:3172,728,0,3
BRDA:3175,729,0,2
BRDA:3177,730,0,0
BRDA:3194,731,0,4
BRDA:3197,732,0,3
BRDA:3199,733,0,2
BRDA:3215,734,0,4
BRDA:3219,735,0,1
BRDA:3219,736,0,3
BRDA:3222,737,0,2
BRDA:3224,738,0,0
BRDA:3241,739,0,4
BRDA:3244,740,0,3
BRDA:3246,741,0,2
BRDA:3262,742,0,4
BRDA:3266,743,0,1
BRDA:3266,744,0,3
BRDA:3269,745,0,2
BRDA:3271,746,0,0
BRDA:3288,747,0,4
BRDA:3291,748,0,3
BRDA:3293,749,0,2
BRDA:3309,750,0,4
BRDA:3313,751,0,1
BRDA:3313,752,0,3
BRDA:3316,753,0,2
BRDA:3318,754,0,0
BRDA:3335,755,0,4
BRDA:3338,756,0,3
BRDA:3340,757,0,2
BRDA:3356,758,0,4
BRDA:3360,759,0,1
BRDA:3360,760,0,3
BRDA:3363,761,0,2
BRDA:3365,762,0,0
BRDA:3382,763,0,4
BRDA:3385,764,0,3
BRDA:3387,765,0,2
BRDA:3403,766,0,4
BRDA:3407,767,0,1
BRDA:3407,768,0,3
BRDA:3410,769,0,2
BRDA:3412,770,0,0
BRDA:3429,771,0,4
BRDA:3432,772,0,3
BRDA:3434,773,0,2
BRDA:3450,774,0,4
BRDA:3454,775,0,1
BRDA:3454,776,0,3
BRDA:3457,777,0,2
BRDA:3459,778,0,0
BRDA:3476,779,0,4
BRDA:3479,780,0,3
BRDA:3481,781,0,2
BRDA:3497,782,0,4
BRDA:3501,783,0,1
BRDA:3501,784,0,3
BRDA:3504,785,0,2
BRDA:3506,786,0,0
BRDA:3523,787,0,4
BRDA:3526,788,0,3
BRDA:3528,789,0,2
BRDA:3544,790,0,4
BRDA:3548,791,0,1
BRDA:3548,792,0,3
BRDA:3551,793,0,2
BRDA:3553,794,0,0
BRDA:3570,795,0,4
BRDA:3573,796,0,3
BRDA:3575,797,0,2
BRDA:3591,798,0,4
BRDA:3595,799,0,1
BRDA:3595,800,0,3
BRDA:3598,801,0,2
BRDA:3600,802,0,0
BRDA:3617,803,0,4
BRDA:3620,804,0,3
BRDA:3622,805,0,2
BRDA:3638,806,0,4
BRDA:3642,807,0,1
BRDA:3642,808,0,3
BRDA:3645,809,0,2
BRDA:3647,810,0,0
BRDA:3664,811,0,4
BRDA:3667,812,0,3
BRDA:3669,813,0,2
BRDA:3685,814,0,4
BRDA:3689,815,0,1
BRDA:3689,816,0,3
BRDA:3692,817,0,2
BRDA:3694,818,0,0
BRDA:3711,819,0,4
BRDA:3714,820,0,3
BRDA:3716,821,0,2
BRDA:3732,822,0,4
BRDA:3736,823,0,1
BRDA:3736,824,0,3
BRDA:3739,825,0,2
BRDA:3741,826,0,0
BRDA:3758,827,0,4
BRDA:3761,828,0,3
BRDA:3763,829,0,2
BRDA:3779,830,0,4
BRDA:3783,831,0,1
BRDA:3783,832,0,3
BRDA:3786,833,0,2
BRDA:3788,834,0,0
BRDA:3805,835,0,4
BRDA:3808,836,0,3
BRDA:3810,837,0,2
BRDA:3826,838,0,4
BRDA:3830,839,0,1
BRDA:3830,840,0,3
BRDA:3833,841,0,2
BRDA:3835,842,0,0
BRDA:3852,843,0,4
BRDA:3855,844,0,3
BRDA:3857,845,0,2
BRDA:3873,846,0,4
BRDA:3877,847,0,1
BRDA:3877,848,0,3
BRDA:3880,849,0,2
BRDA:3882,850,0,0
BRDA:3899,851,0,4
BRDA:3902,852,0,3
BRDA:3904,853,0,2
BRDA:3920,854,0,4
BRDA:3924,855,0,1
BRDA:3924,856,0,3
BRDA:3927,857,0,2
BRDA:3929,858,0,0
BRDA:3946,859,0,4
BRDA:3949,860,0,3
BRDA:3951,861,0,2
BRDA:3967,862,0,4
BRDA:3971,863,0,1
BRDA:3971,864,0,3
BRDA:3974,865,0,2
BRDA:3976,866,0,0
BRDA:3993,867,0,4
BRDA:3996,868,0,3
BRDA:3998,869,0,2
BRDA:4014,870,0,4
BRDA:4018,871,0,1
BRDA:4018,872,0,3
BRDA:4021,873,0,2
BRDA:4023,874,0,0
BRDA:4040,875,0,4
BRDA:4043,876,0,3
BRDA:4045,877,0,2
BRDA:4061,878,0,4
BRDA:4065,879,0,1
BRDA:4065,880,0,3
BRDA:4068,881,0,2
BRDA:4070,882,0,0
BRDA:4087,883,0,4
BRDA:4090,884,0,3
BRDA:4092,885,0,2
BRDA:4108,886,0,4
BRDA:4112,887,0,1
BRDA:4112,888,0,3
BRDA:4115,889,0,2
BRDA:4117,890,0,0
BRDA:4134,891,0,4
BRDA:4137,892,0,3
BRDA:4139,893,0,2
BRDA:4157,894,0,4
BRDA:4161,895,0,1
BRDA:4161,896,0,3
BRDA:4164,897,0,2
BRDA:4166,898,0,0
BRDA:4183,899,0,4
BRDA:4186,900,0,3
BRDA:4188,901,0,2
BRF:902
BRH:803
DA:1,1
DA:2,1
DA:3,1
DA:4,1
DA:5,1
DA:6,1
DA:7,1
DA:8,1
DA:9,1
DA:10,1
DA:11,1
DA:12,1
DA:13,1
DA:14,1
DA:15,1
DA:16,1
DA:17,1
DA:18,1
DA:19,1
DA:20,1
DA:21,1
DA:22,1
DA:23,1
DA:24,1
DA:25,1
DA:26,80
DA:27,80
DA:28,80
DA:29,80
DA:30,80
DA:31,80
DA:32,80
DA:33,80
DA:34,80
DA:35,80
DA:36,80
DA:37,80
DA:38,80
DA:39,80
DA:40,80
DA:41,80
DA:42,80
DA:43,80
DA:44,80
DA:45,80
DA:46,80
DA:47,80
DA:48,80
DA:49,80
DA:50,80
DA:51,80
DA:52,80
DA:53,80
DA:54,80
DA:55,80
DA:56,80
DA:57,80
DA:58,80
DA:59,80
DA:60,80
DA:61,80
DA:62,80
DA:63,80
DA:64,347
DA:65,347
DA:66,156
DA:67,156
DA:68,191
DA:69,191
DA:70,137
DA:71,137
DA:72,54
DA:73,54
DA:74,54
DA:75,347
DA:76,80
DA:77,80
DA:78,80
DA:79,80
DA:80,80
DA:81,80
DA:82,80
DA:83,80
DA:84,80
DA:85,80
DA:86,80
DA:87,80
DA:88,4
DA:89,4
DA:90,1
DA:91,1
DA:92,3
DA:93,4
DA:94,2
DA:95,2
DA:96,2
DA:97,2
DA:98,2
DA:99,2
DA:100,2
DA:101,1
DA:102,1
DA:103,0
DA:104,0
DA:105,0
DA:106,1
DA:107,1
DA:108,1
DA:109,4
DA:110,80
DA:111,80
DA:112,80
DA:113,80
DA:114,80
DA:115,80
DA:116,80
DA:117,80
DA:118,80
DA:119,80
DA:120,80
DA:121,80
DA:122,4
DA:123,4
DA:124,1
DA:125,1
DA:126,3
DA:127,4
DA:128,2
DA:129,2
DA:130,2
DA:131,2
DA:132,2
DA:133,2
DA:134,2
DA:135,2
DA:136,1
DA:137,1
DA:138,0
DA:139,0
DA:140,0
DA:141,1
DA:142,1
DA:143,1
DA:144,4
DA:145,80
DA:146,80
DA:147,80
DA:148,80
DA:149,80
DA:150,80
DA:151,80
DA:152,80
DA:153,80
DA:154,80
DA:155,80
DA:156,20
DA:157,18
DA:158,18
DA:159,18
DA:160,18
DA:161,18
DA:162,18
DA:163,18
DA:164,18
DA:165,18
DA:166,18
DA:167,18
DA:168,18
DA:169,18
DA:170,18
DA:171,9
DA:172,18
DA:173,18
DA:174,7
DA:175,18
DA:176,6
DA:177,18
DA:178,13
DA:179,13
DA:180,5
DA:181,5
DA:182,5
DA:183,1
DA:184,1
DA:185,4
DA:186,4
DA:187,4
DA:188,1
DA:189,1
DA:190,3
DA:191,3
DA:192,3
DA:193,18
DA:194,2
DA:195,2
DA:196,1
DA:197,1
DA:198,1
DA:199,1
DA:200,1
DA:201,20
DA:202,80
DA:203,80
DA:204,80
DA:205,80
DA:206,80
DA:207,80
DA:208,80
DA:209,80
DA:210,80
DA:211,80
DA:212,80
DA:213,6
DA:214,5
DA:215,4
DA:216,4
DA:217,1
DA:218,1
DA:219,1
DA:220,5
DA:221,1
DA:222,1
DA:223,1
DA:224,6
DA:225,80
DA:226,80
DA:227,80
DA:228,80
DA:229,80
DA:230,80
DA:231,80
DA:232,80
DA:233,80
DA:234,80
DA:235,80
DA:236,3
DA:237,7
DA:238,6
DA:239,6
DA:240,6
DA:241,6
DA:242,6
DA:243,6
DA:244,6
DA:245,6
DA:246,6
DA:247,6
DA:248,6
DA:249,6
DA:250,6
DA:251,1
DA:252,1
DA:253,6
DA:254,1
DA:255,1
DA:256,1
DA:257,7
DA:258,1
DA:259,3
DA:260,80
DA:261,80
DA:262,80
DA:263,80
DA:264,80
DA:265,80
DA:266,80
DA:267,80
DA:268,80
DA:269,80
DA:270,80
DA:271,3
DA:272,7
DA:273,6
DA:274,6
DA:275,6
DA:276,6
DA:277,6
DA:278,6
DA:279,6
DA:280,6
DA:281,6
DA:282,6
DA:283,6
DA:284,6
DA:285,6
DA:286,6
DA:287,6
DA:288,6
DA:289,6
DA:290,6
DA:291,6
DA:292,6
DA:293,6
DA:294,6
DA:295,6
DA:296,6
DA:297,6
DA:298,6
DA:299,6
DA:300,6
DA:301,6
DA:302,6
DA:303,6
DA:304,6
DA:305,6
DA:306,6
DA:307,6
DA:308,6
DA:309,1
DA:310,1
DA:311,6
DA:312,1
DA:313,1
DA:314,1
DA:315,7
DA:316,1
DA:317,3
DA:318,80
DA:319,80
DA:320,80
DA:321,80
DA:322,80
DA:323,80
DA:324,80
DA:325,80
DA:326,80
DA:327,80
DA:328,80
DA:329,80
DA:330,80
DA:331,80
DA:332,80
DA:333,80
DA:334,5
DA:335,5
DA:336,1
DA:337,1
DA:338,4
DA:339,5
DA:340,1
DA:341,1
DA:342,3
DA:343,3
DA:344,3
DA:345,3
DA:346,3
DA:347,3
DA:348,3
DA:349,3
DA:350,3
DA:351,3
DA:352,3
DA:353,3
DA:354,3
DA:355,0
DA:356,0
DA:357,3
DA:358,5
DA:359,2
DA:360,2
DA:361,2
DA:362,1
DA:363,1
DA:364,1
DA:365,1
DA:366,1
DA:367,1
DA:368,1
DA:369,1
DA:370,1
DA:371,1
DA:372,1
DA:373,1
DA:374,1
DA:375,1
DA:376,1
DA:377,1
DA:378,1
DA:379,0
DA:380,0
DA:381,1
DA:382,1
DA:383,1
DA:384,1
DA:385,1
DA:386,1
DA:387,1
DA:388,1
DA:389,5
DA:390,5
DA:391,3
DA:392,3
DA:393,5
DA:394,80
DA:395,80
DA:396,80
DA:397,80
DA:398,80
DA:399,80
DA:400,80
DA:401,80
DA:402,80
DA:403,80
DA:404,0
DA:405,0
DA:406,80
DA:407,80
DA:408,80
DA:409,80
DA:410,80
DA:411,80
DA:412,80
DA:413,80
DA:414,80
DA:415,80
DA:416,80
DA:417,80
DA:418,3
DA:419,3
DA:420,2
DA:421,2
DA:422,1
DA:423,1
DA:424,1
DA:425,3
DA:426,3
DA:427,1
DA:428,1
DA:429,3
DA:430,80
DA:431,80
DA:432,80
DA:433,80
DA:434,80
DA:435,80
DA:436,80
DA:437,80
DA:438,80
DA:439,80
DA:440,80
DA:441,75
DA:442,75
DA:443,80
DA:444,80
DA:445,80
DA:446,80
DA:447,80
DA:448,80
DA:449,80
DA:450,80
DA:451,80
DA:452,80
DA:453,80
DA:454,80
DA:455,3
DA:456,3
DA:457,2
DA:458,2
DA:459,1
DA:460,1
DA:461,1
DA:462,3
DA:463,3
DA:464,1
DA:465,1
DA:466,3
DA:467,80
DA:468,80
DA:469,80
DA:470,80
DA:471,80
DA:472,80
DA:473,80
DA:474,80
DA:475,80
DA:476,80
DA:477,80
DA:478,0
DA:479,0
DA:480,80
DA:481,80
DA:482,80
DA:483,80
DA:484,80
DA:485,80
DA:486,80
DA:487,80
DA:488,80
DA:489,80
DA:490,80
DA:491,80
DA:492,3
DA:493,3
DA:494,3
DA:495,2
DA:496,2
DA:497,1
DA:498,1
DA:499,1
DA:500,3
DA:501,1
DA:502,1
DA:503,3
DA:504,80
DA:505,80
DA:506,80
DA:507,80
DA:508,80
DA:509,80
DA:510,80
DA:511,80
DA:512,80
DA:513,80
DA:514,80
DA:515,80
DA:516,80
DA:517,7
DA:518,7
DA:519,7
DA:520,7
DA:521,3
DA:522,3
DA:523,4
DA:524,4
DA:525,3
DA:526,3
DA:527,1
DA:528,1
DA:529,1
DA:530,6
DA:531,7
DA:532,1
DA:533,1
DA:534,5
DA:535,5
DA:536,5
DA:537,7
DA:538,7
DA:539,1
DA:540,1
DA:541,7
DA:542,80
DA:543,80
DA:544,80
DA:545,80
DA:546,80
DA:547,80
DA:548,80
DA:549,80
DA:550,80
DA:551,80
DA:552,80
DA:553,80
DA:554,80
DA:555,3
DA:556,3
DA:557,1
DA:558,1
DA:559,1
DA:560,1
DA:561,1
DA:562,1
DA:563,1
DA:564,2
DA:565,2
DA:566,1
DA:567,1
DA:568,1
DA:569,1
DA:570,1
DA:571,3
DA:572,3
DA:573,1
DA:574,1
DA:575,3
DA:576,80
DA:577,80
DA:578,80
DA:579,80
DA:580,80
DA:581,80
DA:582,80
DA:583,80
DA:584,80
DA:585,80
DA:586,80
DA:587,80
DA:588,80
DA:589,80
DA:590,7
DA:591,7
DA:592,7
DA:593,4
DA:594,4
DA:595,3
DA:596,3
DA:597,2
DA:598,2
DA:599,1
DA:600,1
DA:601,1
DA:602,6
DA:603,7
DA:604,1
DA:605,24
DA:606,24
DA:607,24
DA:608,24
DA:609,24
DA:610,1
DA:611,1
DA:612,5
DA:613,5
DA:614,7
DA:615,1
DA:616,1
DA:617,7
DA:618,80
DA:619,80
DA:620,80
DA:621,80
DA:622,80
DA:623,80
DA:624,80
DA:625,80
DA:626,80
DA:627,80
DA:628,80
DA:629,80
DA:630,80
DA:631,2
DA:632,2
DA:633,1
DA:634,1
DA:635,1
DA:636,1
DA:637,1
DA:638,1
DA:639,1
DA:640,1
DA:641,1
DA:642,0
DA:643,0
DA:644,1
DA:645,1
DA:646,1
DA:647,2
DA:648,2
DA:649,1
DA:650,1
DA:651,2
DA:652,80
DA:653,80
DA:654,80
DA:655,80
DA:656,80
DA:657,80
DA:658,80
DA:659,80
DA:660,80
DA:661,80
DA:662,80
DA:663,80
DA:664,80
DA:665,80
DA:666,80
DA:667,3
DA:668,3
DA:669,3
DA:670,3
DA:671,3
DA:672,0
DA:673,0
DA:674,2
DA:675,2
DA:676,2
DA:677,3
DA:678,3
DA:679,1
DA:680,1
DA:681,3
DA:682,80
DA:683,80
DA:684,80
DA:685,80
DA:686,80
DA:687,80
DA:688,80
DA:689,80
DA:690,80
DA:691,80
DA:692,80
DA:693,80
DA:694,80
DA:695,80
DA:696,2
DA:697,2
DA:698,2
DA:699,2
DA:700,2
DA:701,1
DA:702,1
DA:703,2
DA:704,80
DA:705,80
DA:706,80
DA:707,80
DA:708,80
DA:709,80
DA:710,80
DA:711,80
DA:712,80
DA:713,80
DA:714,80
DA:715,80
DA:716,80
DA:717,80
DA:718,2
DA:719,2
DA:720,2
DA:721,2
DA:722,2
DA:723,1
DA:724,1
DA:725,2
DA:726,80
DA:727,80
DA:728,80
DA:729,80
DA:730,80
DA:731,80
DA:732,80
DA:733,80
DA:734,80
DA:735,80
DA:736,80
DA:737,80
DA:738,80
DA:739,80
DA:740,3
DA:741,3
DA:742,3
DA:743,3
DA:744,3
DA:745,2
DA:746,2
DA:747,3
DA:748,80
DA:749,80
DA:750,80
DA:751,80
DA:752,80
DA:753,80
DA:754,80
DA:755,80
DA:756,80
DA:757,80
DA:758,80
DA:759,80
DA:760,80
DA:761,80
DA:762,3
DA:763,3
DA:764,3
DA:765,3
DA:766,3
DA:767,2
DA:768,2
DA:769,3
DA:770,80
DA:771,80
DA:772,80
DA:773,80
DA:774,80
DA:775,80
DA:776,80
DA:777,80
DA:778,80
DA:779,80
DA:780,80
DA:781,1
DA:782,1
DA:783,80
DA:784,80
DA:785,80
DA:786,80
DA:787,80
DA:788,80
DA:789,80
DA:790,80
DA:791,80
DA:792,80
DA:793,80
DA:794,1
DA:795,1
DA:796,1
DA:797,1
DA:798,80
DA:799,80
DA:800,80
DA:801,80
DA:802,80
DA:803,80
DA:804,80
DA:805,80
DA:806,80
DA:807,80
DA:808,80
DA:809,1
DA:810,1
DA:811,80
DA:812,80
DA:813,80
DA:814,80
DA:815,80
DA:816,80
DA:817,80
DA:818,80
DA:819,80
DA:820,80
DA:821,80
DA:822,80
DA:823,2
DA:824,2
DA:825,1
DA:826,1
DA:827,2
DA:828,80
DA:829,80
DA:830,80
DA:831,80
DA:832,80
DA:833,80
DA:834,80
DA:835,80
DA:836,80
DA:837,80
DA:838,80
DA:839,1
DA:840,1
DA:841,80
DA:842,80
DA:843,80
DA:844,80
DA:845,80
DA:846,80
DA:847,80
DA:848,80
DA:849,80
DA:850,80
DA:851,80
DA:852,80
DA:853,2
DA:854,2
DA:855,1
DA:856,1
DA:857,2
DA:858,80
DA:859,80
DA:860,80
DA:861,80
DA:862,80
DA:863,80
DA:864,80
DA:865,80
DA:866,80
DA:867,80
DA:868,80
DA:869,1
DA:870,1
DA:871,80
DA:872,80
DA:873,80
DA:874,80
DA:875,80
DA:876,80
DA:877,80
DA:878,80
DA:879,80
DA:880,80
DA:881,80
DA:882,1
DA:883,1
DA:884,80
DA:885,80
DA:886,80
DA:887,80
DA:888,80
DA:889,80
DA:890,80
DA:891,80
DA:892,80
DA:893,80
DA:894,80
DA:895,1
DA:896,1
DA:897,80
DA:898,80
DA:899,80
DA:900,80
DA:901,80
DA:902,80
DA:903,80
DA:904,80
DA:905,80
DA:906,80
DA:907,80
DA:908,1
DA:909,1
DA:910,80
DA:911,80
DA:912,80
DA:913,80
DA:914,80
DA:915,80
DA:916,80
DA:917,80
DA:918,80
DA:919,80
DA:920,80
DA:921,1
DA:922,1
DA:923,80
DA:924,80
DA:925,80
DA:926,80
DA:927,80
DA:928,80
DA:929,80
DA:930,80
DA:931,80
DA:932,80
DA:933,80
DA:934,1
DA:935,1
DA:936,80
DA:937,80
DA:938,80
DA:939,80
DA:940,80
DA:941,80
DA:942,80
DA:943,80
DA:944,80
DA:945,80
DA:946,80
DA:947,1
DA:948,1
DA:949,80
DA:950,80
DA:951,80
DA:952,80
DA:953,80
DA:954,80
DA:955,80
DA:956,80
DA:957,80
DA:958,80
DA:959,80
DA:960,1
DA:961,1
DA:962,80
DA:963,80
DA:964,80
DA:965,80
DA:966,80
DA:967,80
DA:968,80
DA:969,80
DA:970,80
DA:971,80
DA:972,80
DA:973,2
DA:974,2
DA:975,80
DA:976,80
DA:977,80
DA:978,80
DA:979,80
DA:980,80
DA:981,80
DA:982,80
DA:983,80
DA:984,80
DA:985,80
DA:986,2
DA:987,2
DA:988,80
DA:989,80
DA:990,80
DA:991,80
DA:992,80
DA:993,80
DA:994,80
DA:995,80
DA:996,80
DA:997,80
DA:998,80
DA:999,2
DA:1000,2
DA:1001,80
DA:1002,80
DA:1003,80
DA:1004,80
DA:1005,80
DA:1006,80
DA:1007,80
DA:1008,80
DA:1009,80
DA:1010,80
DA:1011,80
DA:1012,2
DA:1013,2
DA:1014,80
DA:1015,80
DA:1016,80
DA:1017,80
DA:1018,80
DA:1019,80
DA:1020,80
DA:1021,80
DA:1022,80
DA:1023,80
DA:1024,80
DA:1025,80
DA:1026,4
DA:1027,4
DA:1028,2
DA:1029,2
DA:1030,2
DA:1031,2
DA:1032,2
DA:1033,1
DA:1034,1
DA:1035,1
DA:1036,1
DA:1037,1
DA:1038,1
DA:1039,4
DA:1040,4
DA:1041,1
DA:1042,1
DA:1043,4
DA:1044,80
DA:1045,80
DA:1046,80
DA:1047,80
DA:1048,80
DA:1049,80
DA:1050,80
DA:1051,80
DA:1052,80
DA:1053,80
DA:1054,80
DA:1055,80
DA:1056,80
DA:1057,3
DA:1058,3
DA:1059,1
DA:1060,1
DA:1061,1
DA:1062,2
DA:1063,2
DA:1064,1
DA:1065,1
DA:1066,1
DA:1067,1
DA:1068,1
DA:1069,3
DA:1070,3
DA:1071,1
DA:1072,1
DA:1073,3
DA:1074,80
DA:1075,80
DA:1076,80
DA:1077,80
DA:1078,80
DA:1079,80
DA:1080,80
DA:1081,80
DA:1082,80
DA:1083,80
DA:1084,80
DA:1085,80
DA:1086,4
DA:1087,4
DA:1088,2
DA:1089,2
DA:1090,2
DA:1091,2
DA:1092,2
DA:1093,1
DA:1094,1
DA:1095,1
DA:1096,1
DA:1097,1
DA:1098,1
DA:1099,4
DA:1100,4
DA:1101,1
DA:1102,1
DA:1103,4
DA:1104,80
DA:1105,80
DA:1106,80
DA:1107,80
DA:1108,80
DA:1109,80
DA:1110,80
DA:1111,80
DA:1112,80
DA:1113,80
DA:1114,80
DA:1115,80
DA:1116,80
DA:1117,3
DA:1118,3
DA:1119,1
DA:1120,1
DA:1121,1
DA:1122,1
DA:1123,1
DA:1124,1
DA:1125,1
DA:1126,2
DA:1127,2
DA:1128,1
DA:1129,1
DA:1130,1
DA:1131,1
DA:1132,1
DA:1133,3
DA:1134,3
DA:1135,1
DA:1136,1
DA:1137,3
DA:1138,80
DA:1139,80
DA:1140,80
DA:1141,80
DA:1142,80
DA:1143,80
DA:1144,80
DA:1145,80
DA:1146,80
DA:1147,80
DA:1148,80
DA:1149,80
DA:1150,4
DA:1151,4
DA:1152,2
DA:1153,2
DA:1154,2
DA:1155,2
DA:1156,2
DA:1157,1
DA:1158,1
DA:1159,1
DA:1160,1
DA:1161,1
DA:1162,1
DA:1163,4
DA:1164,4
DA:1165,1
DA:1166,1
DA:1167,4
DA:1168,80
DA:1169,80
DA:1170,80
DA:1171,80
DA:1172,80
DA:1173,80
DA:1174,80
DA:1175,80
DA:1176,80
DA:1177,80
DA:1178,80
DA:1179,80
DA:1180,80
DA:1181,3
DA:1182,3
DA:1183,1
DA:1184,1
DA:1185,1
DA:1186,1
DA:1187,1
DA:1188,1
DA:1189,1
DA:1190,2
DA:1191,2
DA:1192,1
DA:1193,1
DA:1194,1
DA:1195,1
DA:1196,1
DA:1197,3
DA:1198,3
DA:1199,1
DA:1200,1
DA:1201,3
DA:1202,80
DA:1203,80
DA:1204,80
DA:1205,80
DA:1206,80
DA:1207,80
DA:1208,80
DA:1209,80
DA:1210,80
DA:1211,80
DA:1212,80
DA:1213,80
DA:1214,4
DA:1215,4
DA:1216,2
DA:1217,2
DA:1218,2
DA:1219,2
DA:1220,2
DA:1221,1
DA:1222,1
DA:1223,1
DA:1224,1
DA:1225,1
DA:1226,1
DA:1227,4
DA:1228,4
DA:1229,1
DA:1230,1
DA:1231,4
DA:1232,80
DA:1233,80
DA:1234,80
DA:1235,80
DA:1236,80
DA:1237,80
DA:1238,80
DA:1239,80
DA:1240,80
DA:1241,80
DA:1242,80
DA:1243,80
DA:1244,80
DA:1245,3
DA:1246,3
DA:1247,1
DA:1248,1
DA:1249,1
DA:1250,1
DA:1251,1
DA:1252,1
DA:1253,1
DA:1254,2
DA:1255,2
DA:1256,1
DA:1257,1
DA:1258,1
DA:1259,1
DA:1260,1
DA:1261,3
DA:1262,3
DA:1263,1
DA:1264,1
DA:1265,3
DA:1266,80
DA:1267,80
DA:1268,80
DA:1269,80
DA:1270,80
DA:1271,80
DA:1272,80
DA:1273,80
DA:1274,80
DA:1275,80
DA:1276,80
DA:1277,80
DA:1278,4
DA:1279,4
DA:1280,2
DA:1281,2
DA:1282,2
DA:1283,2
DA:1284,2
DA:1285,1
DA:1286,1
DA:1287,1
DA:1288,1
DA:1289,1
DA:1290,1
DA:1291,4
DA:1292,4
DA:1293,1
DA:1294,1
DA:1295,4
DA:1296,80
DA:1297,80
DA:1298,80
DA:1299,80
DA:1300,80
DA:1301,80
DA:1302,80
DA:1303,80
DA:1304,80
DA:1305,80
DA:1306,80
DA:1307,80
DA:1308,80
DA:1309,3
DA:1310,3
DA:1311,1
DA:1312,1
DA:1313,1
DA:1314,1
DA:1315,1
DA:1316,1
DA:1317,1
DA:1318,2
DA:1319,2
DA:1320,1
DA:1321,1
DA:1322,1
DA:1323,1
DA:1324,1
DA:1325,3
DA:1326,3
DA:1327,1
DA:1328,1
DA:1329,3
DA:1330,80
DA:1331,80
DA:1332,80
DA:1333,80
DA:1334,80
DA:1335,80
DA:1336,80
DA:1337,80
DA:1338,80
DA:1339,80
DA:1340,80
DA:1341,80
DA:1342,4
DA:1343,4
DA:1344,2
DA:1345,2
DA:1346,2
DA:1347,2
DA:1348,2
DA:1349,1
DA:1350,1
DA:1351,1
DA:1352,1
DA:1353,1
DA:1354,1
DA:1355,4
DA:1356,4
DA:1357,1
DA:1358,1
DA:1359,4
DA:1360,80
DA:1361,80
DA:1362,80
DA:1363,80
DA:1364,80
DA:1365,80
DA:1366,80
DA:1367,80
DA:1368,80
DA:1369,80
DA:1370,80
DA:1371,80
DA:1372,80
DA:1373,3
DA:1374,3
DA:1375,1
DA:1376,1
DA:1377,1
DA:1378,1
DA:1379,1
DA:1380,1
DA:1381,1
DA:1382,2
DA:1383,2
DA:1384,1
DA:1385,1
DA:1386,1
DA:1387,1
DA:1388,1
DA:1389,3
DA:1390,3
DA:1391,1
DA:1392,1
DA:1393,3
DA:1394,80
DA:1395,80
DA:1396,80
DA:1397,80
DA:1398,80
DA:1399,80
DA:1400,80
DA:1401,80
DA:1402,80
DA:1403,80
DA:1404,80
DA:1405,80
DA:1406,4
DA:1407,4
DA:1408,2
DA:1409,2
DA:1410,2
DA:1411,2
DA:1412,2
DA:1413,1
DA:1414,1
DA:1415,1
DA:1416,1
DA:1417,1
DA:1418,1
DA:1419,4
DA:1420,4
DA:1421,1
DA:1422,1
DA:1423,4
DA:1424,80
DA:1425,80
DA:1426,80
DA:1427,80
DA:1428,80
DA:1429,80
DA:1430,80
DA:1431,80
DA:1432,80
DA:1433,80
DA:1434,80
DA:1435,80
DA:1436,80
DA:1437,3
DA:1438,3
DA:1439,1
DA:1440,1
DA:1441,1
DA:1442,1
DA:1443,1
DA:1444,1
DA:1445,1
DA:1446,2
DA:1447,2
DA:1448,1
DA:1449,1
DA:1450,1
DA:1451,1
DA:1452,1
DA:1453,3
DA:1454,3
DA:1455,1
DA:1456,1
DA:1457,3
DA:1458,80
DA:1459,80
DA:1460,80
DA:1461,80
DA:1462,80
DA:1463,80
DA:1464,80
DA:1465,80
DA:1466,80
DA:1467,80
DA:1468,80
DA:1469,80
DA:1470,4
DA:1471,4
DA:1472,2
DA:1473,2
DA:1474,2
DA:1475,2
DA:1476,2
DA:1477,1
DA:1478,1
DA:1479,1
DA:1480,1
DA:1481,1
DA:1482,1
DA:1483,4
DA:1484,4
DA:1485,1
DA:1486,1
DA:1487,4
DA:1488,80
DA:1489,80
DA:1490,80
DA:1491,80
DA:1492,80
DA:1493,80
DA:1494,80
DA:1495,80
DA:1496,80
DA:1497,80
DA:1498,80
DA:1499,80
DA:1500,80
DA:1501,3
DA:1502,3
DA:1503,1
DA:1504,1
DA:1505,1
DA:1506,1
DA:1507,1
DA:1508,1
DA:1509,1
DA:1510,2
DA:1511,2
DA:1512,1
DA:1513,1
DA:1514,1
DA:1515,1
DA:1516,1
DA:1517,3
DA:1518,3
DA:1519,1
DA:1520,1
DA:1521,3
DA:1522,80
DA:1523,80
DA:1524,80
DA:1525,80
DA:1526,80
DA:1527,80
DA:1528,80
DA:1529,80
DA:1530,80
DA:1531,80
DA:1532,80
DA:1533,80
DA:1534,4
DA:1535,4
DA:1536,2
DA:1537,2
DA:1538,2
DA:1539,2
DA:1540,2
DA:1541,1
DA:1542,1
DA:1543,1
DA:1544,1
DA:1545,1
DA:1546,1
DA:1547,4
DA:1548,4
DA:1549,1
DA:1550,1
DA:1551,4
DA:1552,80
DA:1553,80
DA:1554,80
DA:1555,80
DA:1556,80
DA:1557,80
DA:1558,80
DA:1559,80
DA:1560,80
DA:1561,80
DA:1562,80
DA:1563,80
DA:1564,80
DA:1565,3
DA:1566,3
DA:1567,1
DA:1568,1
DA:1569,1
DA:1570,1
DA:1571,1
DA:1572,1
DA:1573,1
DA:1574,2
DA:1575,2
DA:1576,1
DA:1577,1
DA:1578,1
DA:1579,1
DA:1580,1
DA:1581,3
DA:1582,3
DA:1583,1
DA:1584,1
DA:1585,3
DA:1586,80
DA:1587,80
DA:1588,80
DA:1589,80
DA:1590,80
DA:1591,80
DA:1592,80
DA:1593,80
DA:1594,80
DA:1595,80
DA:1596,80
DA:1597,80
DA:1598,4
DA:1599,4
DA:1600,2
DA:1601,2
DA:1602,2
DA:1603,2
DA:1604,2
DA:1605,1
DA:1606,1
DA:1607,1
DA:1608,1
DA:1609,1
DA:1610,1
DA:1611,4
DA:1612,4
DA:1613,1
DA:1614,1
DA:1615,4
DA:1616,80
DA:1617,80
DA:1618,80
DA:1619,80
DA:1620,80
DA:1621,80
DA:1622,80
DA:1623,80
DA:1624,80
DA:1625,80
DA:1626,80
DA:1627,80
DA:1628,80
DA:1629,3
DA:1630,3
DA:1631,1
DA:1632,1
DA:1633,1
DA:1634,1
DA:1635,1
DA:1636,1
DA:1637,1
DA:1638,2
DA:1639,2
DA:1640,1
DA:1641,1
DA:1642,1
DA:1643,1
DA:1644,1
DA:1645,3
DA:1646,3
DA:1647,1
DA:1648,1
DA:1649,3
DA:1650,80
DA:1651,80
DA:1652,80
DA:1653,80
DA:1654,80
DA:1655,80
DA:1656,80
DA:1657,80
DA:1658,80
DA:1659,80
DA:1660,80
DA:1661,80
DA:1662,4
DA:1663,4
DA:1664,2
DA:1665,2
DA:1666,2
DA:1667,2
DA:1668,2
DA:1669,1
DA:1670,1
DA:1671,1
DA:1672,1
DA:1673,1
DA:1674,1
DA:1675,4
DA:1676,4
DA:1677,1
DA:1678,1
DA:1679,4
DA:1680,80
DA:1681,80
DA:1682,80
DA:1683,80
DA:1684,80
DA:1685,80
DA:1686,80
DA:1687,80
DA:1688,80
DA:1689,80
DA:1690,80
DA:1691,80
DA:1692,80
DA:1693,3
DA:1694,3
DA:1695,1
DA:1696,1
DA:1697,1
DA:1698,1
DA:1699,1
DA:1700,1
DA:1701,1
DA:1702,2
DA:1703,2
DA:1704,1
DA:1705,1
DA:1706,1
DA:1707,1
DA:1708,1
DA:1709,3
DA:1710,3
DA:1711,1
DA:1712,1
DA:1713,3
DA:1714,80
DA:1715,80
DA:1716,80
DA:1717,80
DA:1718,80
DA:1719,80
DA:1720,80
DA:1721,80
DA:1722,80
DA:1723,80
DA:1724,80
DA:1725,80
DA:1726,4
DA:1727,4
DA:1728,2
DA:1729,2
DA:1730,2
DA:1731,2
DA:1732,2
DA:1733,1
DA:1734,1
DA:1735,1
DA:1736,1
DA:1737,1
DA:1738,1
DA:1739,4
DA:1740,4
DA:1741,1
DA:1742,1
DA:1743,4
DA:1744,80
DA:1745,80
DA:1746,80
DA:1747,80
DA:1748,80
DA:1749,80
DA:1750,80
DA:1751,80
DA:1752,80
DA:1753,80
DA:1754,80
DA:1755,80
DA:1756,80
DA:1757,3
DA:1758,3
DA:1759,1
DA:1760,1
DA:1761,1
DA:1762,1
DA:1763,1
DA:1764,1
DA:1765,1
DA:1766,2
DA:1767,2
DA:1768,1
DA:1769,1
DA:1770,1
DA:1771,1
DA:1772,1
DA:1773,3
DA:1774,3
DA:1775,1
DA:1776,1
DA:1777,3
DA:1778,80
DA:1779,80
DA:1780,80
DA:1781,80
DA:1782,80
DA:1783,80
DA:1784,80
DA:1785,80
DA:1786,80
DA:1787,80
DA:1788,80
DA:1789,80
DA:1790,4
DA:1791,4
DA:1792,2
DA:1793,2
DA:1794,2
DA:1795,2
DA:1796,2
DA:1797,1
DA:1798,1
DA:1799,1
DA:1800,1
DA:1801,1
DA:1802,1
DA:1803,4
DA:1804,4
DA:1805,1
DA:1806,1
DA:1807,4
DA:1808,80
DA:1809,80
DA:1810,80
DA:1811,80
DA:1812,80
DA:1813,80
DA:1814,80
DA:1815,80
DA:1816,80
DA:1817,80
DA:1818,80
DA:1819,80
DA:1820,80
DA:1821,3
DA:1822,3
DA:1823,1
DA:1824,1
DA:1825,1
DA:1826,1
DA:1827,1
DA:1828,1
DA:1829,1
DA:1830,2
DA:1831,2
DA:1832,1
DA:1833,1
DA:1834,1
DA:1835,1
DA:1836,1
DA:1837,3
DA:1838,3
DA:1839,1
DA:1840,1
DA:1841,3
DA:1842,80
DA:1843,80
DA:1844,80
DA:1845,80
DA:1846,80
DA:1847,80
DA:1848,80
DA:1849,80
DA:1850,80
DA:1851,80
DA:1852,80
DA:1853,80
DA:1854,4
DA:1855,4
DA:1856,2
DA:1857,2
DA:1858,2
DA:1859,2
DA:1860,2
DA:1861,1
DA:1862,1
DA:1863,1
DA:1864,1
DA:1865,1
DA:1866,1
DA:1867,4
DA:1868,4
DA:1869,1
DA:1870,1
DA:1871,4
DA:1872,80
DA:1873,80
DA:1874,80
DA:1875,80
DA:1876,80
DA:1877,80
DA:1878,80
DA:1879,80
DA:1880,80
DA:1881,80
DA:1882,80
DA:1883,80
DA:1884,80
DA:1885,3
DA:1886,3
DA:1887,1
DA:1888,1
DA:1889,1
DA:1890,1
DA:1891,1
DA:1892,1
DA:1893,1
DA:1894,2
DA:1895,2
DA:1896,1
DA:1897,1
DA:1898,1
DA:1899,1
DA:1900,1
DA:1901,3
DA:1902,3
DA:1903,1
DA:1904,1
DA:1905,3
DA:1906,80
DA:1907,80
DA:1908,80
DA:1909,80
DA:1910,80
DA:1911,80
DA:1912,80
DA:1913,80
DA:1914,80
DA:1915,80
DA:1916,80
DA:1917,80
DA:1918,4
DA:1919,4
DA:1920,2
DA:1921,2
DA:1922,2
DA:1923,2
DA:1924,2
DA:1925,1
DA:1926,1
DA:1927,1
DA:1928,1
DA:1929,1
DA:1930,1
DA:1931,4
DA:1932,4
DA:1933,1
DA:1934,1
DA:1935,4
DA:1936,80
DA:1937,80
DA:1938,80
DA:1939,80
DA:1940,80
DA:1941,80
DA:1942,80
DA:1943,80
DA:1944,80
DA:1945,80
DA:1946,80
DA:1947,80
DA:1948,80
DA:1949,3
DA:1950,3
DA:1951,1
DA:1952,1
DA:1953,1
DA:1954,1
DA:1955,1
DA:1956,1
DA:1957,1
DA:1958,2
DA:1959,2
DA:1960,1
DA:1961,1
DA:1962,1
DA:1963,1
DA:1964,1
DA:1965,3
DA:1966,3
DA:1967,1
DA:1968,1
DA:1969,3
DA:1970,80
DA:1971,80
DA:1972,80
DA:1973,80
DA:1974,80
DA:1975,80
DA:1976,80
DA:1977,80
DA:1978,80
DA:1979,80
DA:1980,80
DA:1981,80
DA:1982,4
DA:1983,4
DA:1984,2
DA:1985,2
DA:1986,2
DA:1987,2
DA:1988,2
DA:1989,1
DA:1990,1
DA:1991,1
DA:1992,1
DA:1993,1
DA:1994,1
DA:1995,4
DA:1996,4
DA:1997,1
DA:1998,1
DA:1999,4
DA:2000,80
DA:2001,80
DA:2002,80
DA:2003,80
DA:2004,80
DA:2005,80
DA:2006,80
DA:2007,80
DA:2008,80
DA:2009,80
DA:2010,80
DA:2011,80
DA:2012,80
DA:2013,3
DA:2014,3
DA:2015,1
DA:2016,1
DA:2017,1
DA:2018,1
DA:2019,1
DA:2020,1
DA:2021,1
DA:2022,2
DA:2023,2
DA:2024,1
DA:2025,1
DA:2026,1
DA:2027,1
DA:2028,1
DA:2029,3
DA:2030,3
DA:2031,1
DA:2032,1
DA:2033,3
DA:2034,80
DA:2035,80
DA:2036,80
DA:2037,80
DA:2038,80
DA:2039,80
DA:2040,80
DA:2041,80
DA:2042,80
DA:2043,80
DA:2044,80
DA:2045,80
DA:2046,4
DA:2047,4
DA:2048,2
DA:2049,2
DA:2050,2
DA:2051,2
DA:2052,2
DA:2053,1
DA:2054,1
DA:2055,1
DA:2056,1
DA:2057,1
DA:2058,1
DA:2059,4
DA:2060,4
DA:2061,1
DA:2062,1
DA:2063,4
DA:2064,80
DA:2065,80
DA:2066,80
DA:2067,80
DA:2068,80
DA:2069,80
DA:2070,80
DA:2071,80
DA:2072,80
DA:2073,80
DA:2074,80
DA:2075,80
DA:2076,80
DA:2077,3
DA:2078,3
DA:2079,1
DA:2080,1
DA:2081,1
DA:2082,1
DA:2083,1
DA:2084,1
DA:2085,1
DA:2086,2
DA:2087,2
DA:2088,1
DA:2089,1
DA:2090,1
DA:2091,1
DA:2092,3
DA:2093,3
DA:2094,1
DA:2095,1
DA:2096,3
DA:2097,80
DA:2098,80
DA:2099,80
DA:2100,80
DA:2101,80
DA:2102,80
DA:2103,80
DA:2104,80
DA:2105,80
DA:2106,80
DA:2107,80
DA:2108,80
DA:2109,4
DA:2110,4
DA:2111,2
DA:2112,2
DA:2113,2
DA:2114,2
DA:2115,2
DA:2116,1
DA:2117,1
DA:2118,1
DA:2119,1
DA:2120,1
DA:2121,1
DA:2122,4
DA:2123,4
DA:2124,1
DA:2125,1
DA:2126,4
DA:2127,80
DA:2128,80
DA:2129,80
DA:2130,80
DA:2131,80
DA:2132,80
DA:2133,80
DA:2134,80
DA:2135,80
DA:2136,80
DA:2137,80
DA:2138,80
DA:2139,80
DA:2140,3
DA:2141,3
DA:2142,1
DA:2143,1
DA:2144,1
DA:2145,1
DA:2146,1
DA:2147,1
DA:2148,1
DA:2149,2
DA:2150,2
DA:2151,1
DA:2152,1
DA:2153,1
DA:2154,1
DA:2155,1
DA:2156,3
DA:2157,3
DA:2158,1
DA:2159,1
DA:2160,3
DA:2161,80
DA:2162,80
DA:2163,80
DA:2164,80
DA:2165,80
DA:2166,80
DA:2167,80
DA:2168,80
DA:2169,80
DA:2170,80
DA:2171,80
DA:2172,80
DA:2173,4
DA:2174,4
DA:2175,2
DA:2176,2
DA:2177,2
DA:2178,2
DA:2179,2
DA:2180,1
DA:2181,1
DA:2182,1
DA:2183,1
DA:2184,1
DA:2185,1
DA:2186,4
DA:2187,4
DA:2188,1
DA:2189,1
DA:2190,4
DA:2191,80
DA:2192,80
DA:2193,80
DA:2194,80
DA:2195,80
DA:2196,80
DA:2197,80
DA:2198,80
DA:2199,80
DA:2200,80
DA:2201,80
DA:2202,80
DA:2203,80
DA:2204,3
DA:2205,3
DA:2206,1
DA:2207,1
DA:2208,1
DA:2209,1
DA:2210,1
DA:2211,1
DA:2212,1
DA:2213,2
DA:2214,2
DA:2215,1
DA:2216,1
DA:2217,1
DA:2218,1
DA:2219,1
DA:2220,3
DA:2221,3
DA:2222,1
DA:2223,1
DA:2224,3
DA:2225,80
DA:2226,80
DA:2227,80
DA:2228,80
DA:2229,80
DA:2230,80
DA:2231,80
DA:2232,80
DA:2233,80
DA:2234,80
DA:2235,80
DA:2236,80
DA:2237,4
DA:2238,4
DA:2239,2
DA:2240,2
DA:2241,2
DA:2242,2
DA:2243,2
DA:2244,1
DA:2245,1
DA:2246,1
DA:2247,1
DA:2248,1
DA:2249,1
DA:2250,4
DA:2251,4
DA:2252,1
DA:2253,1
DA:2254,4
DA:2255,80
DA:2256,80
DA:2257,80
DA:2258,80
DA:2259,80
DA:2260,80
DA:2261,80
DA:2262,80
DA:2263,80
DA:2264,80
DA:2265,80
DA:2266,80
DA:2267,80
DA:2268,3
DA:2269,3
DA:2270,1
DA:2271,1
DA:2272,1
DA:2273,1
DA:2274,1
DA:2275,1
DA:2276,1
DA:2277,2
DA:2278,2
DA:2279,1
DA:2280,1
DA:2281,1
DA:2282,1
DA:2283,1
DA:2284,3
DA:2285,3
DA:2286,1
DA:2287,1
DA:2288,3
DA:2289,80
DA:2290,80
DA:2291,80
DA:2292,80
DA:2293,80
DA:2294,80
DA:2295,80
DA:2296,80
DA:2297,80
DA:2298,80
DA:2299,80
DA:2300,80
DA:2301,4
DA:2302,4
DA:2303,2
DA:2304,2
DA:2305,2
DA:2306,2
DA:2307,2
DA:2308,1
DA:2309,1
DA:2310,1
DA:2311,1
DA:2312,1
DA:2313,1
DA:2314,4
DA:2315,4
DA:2316,1
DA:2317,1
DA:2318,4
DA:2319,80
DA:2320,80
DA:2321,80
DA:2322,80
DA:2323,80
DA:2324,80
DA:2325,80
DA:2326,80
DA:2327,80
DA:2328,80
DA:2329,80
DA:2330,80
DA:2331,80
DA:2332,3
DA:2333,3
DA:2334,1
DA:2335,1
DA:2336,1
DA:2337,1
DA:2338,1
DA:2339,1
DA:2340,1
DA:2341,2
DA:2342,2
DA:2343,1
DA:2344,1
DA:2345,1
DA:2346,1
DA:2347,1
DA:2348,3
DA:2349,3
DA:2350,1
DA:2351,1
DA:2352,3
DA:2353,80
DA:2354,80
DA:2355,80
DA:2356,80
DA:2357,80
DA:2358,80
DA:2359,80
DA:2360,80
DA:2361,80
DA:2362,80
DA:2363,80
DA:2364,80
DA:2365,4
DA:2366,4
DA:2367,2
DA:2368,2
DA:2369,2
DA:2370,2
DA:2371,2
DA:2372,1
DA:2373,1
DA:2374,1
DA:2375,1
DA:2376,1
DA:2377,1
DA:2378,4
DA:2379,4
DA:2380,1
DA:2381,1
DA:2382,4
DA:2383,80
DA:2384,80
DA:2385,80
DA:2386,80
DA:2387,80
DA:2388,80
DA:2389,80
DA:2390,80
DA:2391,80
DA:2392,80
DA:2393,80
DA:2394,80
DA:2395,80
DA:2396,3
DA:2397,3
DA:2398,1
DA:2399,1
DA:2400,1
DA:2401,1
DA:2402,1
DA:2403,1
DA:2404,1
DA:2405,2
DA:2406,2
DA:2407,1
DA:2408,1
DA:2409,1
DA:2410,1
DA:2411,1
DA:2412,3
DA:2413,3
DA:2414,1
DA:2415,1
DA:2416,3
DA:2417,80
DA:2418,80
DA:2419,80
DA:2420,80
DA:2421,80
DA:2422,80
DA:2423,80
DA:2424,80
DA:2425,80
DA:2426,80
DA:2427,80
DA:2428,80
DA:2429,4
DA:2430,4
DA:2431,2
DA:2432,2
DA:2433,2
DA:2434,2
DA:2435,2
DA:2436,1
DA:2437,1
DA:2438,1
DA:2439,1
DA:2440,1
DA:2441,1
DA:2442,4
DA:2443,4
DA:2444,1
DA:2445,1
DA:2446,4
DA:2447,80
DA:2448,80
DA:2449,80
DA:2450,80
DA:2451,80
DA:2452,80
DA:2453,80
DA:2454,80
DA:2455,80
DA:2456,80
DA:2457,80
DA:2458,80
DA:2459,80
DA:2460,3
DA:2461,3
DA:2462,1
DA:2463,1
DA:2464,1
DA:2465,1
DA:2466,1
DA:2467,1
DA:2468,1
DA:2469,2
DA:2470,2
DA:2471,1
DA:2472,1
DA:2473,1
DA:2474,1
DA:2475,1
DA:2476,3
DA:2477,3
DA:2478,1
DA:2479,1
DA:2480,3
DA:2481,80
DA:2482,80
DA:2483,80
DA:2484,80
DA:2485,80
DA:2486,80
DA:2487,80
DA:2488,80
DA:2489,80
DA:2490,80
DA:2491,80
DA:2492,80
DA:2493,4
DA:2494,4
DA:2495,2
DA:2496,2
DA:2497,2
DA:2498,2
DA:2499,2
DA:2500,1
DA:2501,1
DA:2502,1
DA:2503,1
DA:2504,1
DA:2505,1
DA:2506,4
DA:2507,4
DA:2508,1
DA:2509,1
DA:2510,4
DA:2511,80
DA:2512,80
DA:2513,80
DA:2514,80
DA:2515,80
DA:2516,80
DA:2517,80
DA:2518,80
DA:2519,80
DA:2520,80
DA:2521,80
DA:2522,80
DA:2523,80
DA:2524,3
DA:2525,3
DA:2526,1
DA:2527,1
DA:2528,1
DA:2529,1
DA:2530,1
DA:2531,1
DA:2532,1
DA:2533,2
DA:2534,2
DA:2535,1
DA:2536,1
DA:2537,1
DA:2538,1
DA:2539,1
DA:2540,3
DA:2541,3
DA:2542,1
DA:2543,1
DA:2544,3
DA:2545,80
DA:2546,80
DA:2547,80
DA:2548,80
DA:2549,80
DA:2550,80
DA:2551,80
DA:2552,80
DA:2553,80
DA:2554,80
DA:2555,80
DA:2556,80
DA:2557,4
DA:2558,4
DA:2559,2
DA:2560,2
DA:2561,2
DA:2562,2
DA:2563,1
DA:2564,1
DA:2565,1
DA:2566,1
DA:2567,1
DA:2568,4
DA:2569,4
DA:2570,1
DA:2571,1
DA:2572,4
DA:2573,80
DA:2574,80
DA:2575,80
DA:2576,80
DA:2577,80
DA:2578,80
DA:2579,80
DA:2580,80
DA:2581,80
DA:2582,80
DA:2583,80
DA:2584,80
DA:2585,80
DA:2586,3
DA:2587,3
DA:2588,1
DA:2589,1
DA:2590,1
DA:2591,1
DA:2592,1
DA:2593,1
DA:2594,1
DA:2595,2
DA:2596,2
DA:2597,1
DA:2598,1
DA:2599,1
DA:2600,1
DA:2601,1
DA:2602,3
DA:2603,3
DA:2604,1
DA:2605,1
DA:2606,3
DA:2607,80
DA:2608,80
DA:2609,80
DA:2610,80
DA:2611,80
DA:2612,80
DA:2613,80
DA:2614,80
DA:2615,80
DA:2616,80
DA:2617,80
DA:2618,80
DA:2619,4
DA:2620,4
DA:2621,2
DA:2622,2
DA:2623,2
DA:2624,2
DA:2625,1
DA:2626,1
DA:2627,1
DA:2628,1
DA:2629,1
DA:2630,4
DA:2631,4
DA:2632,1
DA:2633,1
DA:2634,4
DA:2635,80
DA:2636,80
DA:2637,80
DA:2638,80
DA:2639,80
DA:2640,80
DA:2641,80
DA:2642,80
DA:2643,80
DA:2644,80
DA:2645,80
DA:2646,80
DA:2647,80
DA:2648,3
DA:2649,3
DA:2650,1
DA:2651,1
DA:2652,1
DA:2653,1
DA:2654,1
DA:2655,1
DA:2656,1
DA:2657,2
DA:2658,2
DA:2659,1
DA:2660,1
DA:2661,1
DA:2662,1
DA:2663,1
DA:2664,3
DA:2665,3
DA:2666,1
DA:2667,1
DA:2668,3
DA:2669,80
DA:2670,80
DA:2671,80
DA:2672,80
DA:2673,80
DA:2674,80
DA:2675,80
DA:2676,80
DA:2677,80
DA:2678,80
DA:2679,80
DA:2680,80
DA:2681,4
DA:2682,4
DA:2683,2
DA:2684,2
DA:2685,2
DA:2686,2
DA:2687,2
DA:2688,1
DA:2689,1
DA:2690,1
DA:2691,1
DA:2692,1
DA:2693,1
DA:2694,4
DA:2695,4
DA:2696,1
DA:2697,1
DA:2698,4
DA:2699,80
DA:2700,80
DA:2701,80
DA:2702,80
DA:2703,80
DA:2704,80
DA:2705,80
DA:2706,80
DA:2707,80
DA:2708,80
DA:2709,80
DA:2710,80
DA:2711,80
DA:2712,3
DA:2713,3
DA:2714,1
DA:2715,1
DA:2716,1
DA:2717,1
DA:2718,1
DA:2719,1
DA:2720,1
DA:2721,2
DA:2722,2
DA:2723,1
DA:2724,1
DA:2725,1
DA:2726,1
DA:2727,1
DA:2728,3
DA:2729,3
DA:2730,1
DA:2731,1
DA:2732,3
DA:2733,80
DA:2734,80
DA:2735,80
DA:2736,80
DA:2737,80
DA:2738,80
DA:2739,80
DA:2740,80
DA:2741,80
DA:2742,80
DA:2743,80
DA:2744,80
DA:2745,4
DA:2746,4
DA:2747,2
DA:2748,2
DA:2749,2
DA:2750,2
DA:2751,1
DA:2752,1
DA:2753,1
DA:2754,1
DA:2755,1
DA:2756,4
DA:2757,4
DA:2758,1
DA:2759,1
DA:2760,4
DA:2761,80
DA:2762,80
DA:2763,80
DA:2764,80
DA:2765,80
DA:2766,80
DA:2767,80
DA:2768,80
DA:2769,80
DA:2770,80
DA:2771,80
DA:2772,80
DA:2773,80
DA:2774,3
DA:2775,3
DA:2776,1
DA:2777,1
DA:2778,1
DA:2779,1
DA:2780,1
DA:2781,1
DA:2782,1
DA:2783,2
DA:2784,2
DA:2785,1
DA:2786,1
DA:2787,1
DA:2788,1
DA:2789,1
DA:2790,3
DA:2791,3
DA:2792,1
DA:2793,1
DA:2794,3
DA:2795,80
DA:2796,80
DA:2797,80
DA:2798,80
DA:2799,80
DA:2800,80
DA:2801,80
DA:2802,80
DA:2803,80
DA:2804,80
DA:2805,80
DA:2806,80
DA:2807,4
DA:2808,4
DA:2809,2
DA:2810,2
DA:2811,2
DA:2812,2
DA:2813,2
DA:2814,1
DA:2815,1
DA:2816,1
DA:2817,1
DA:2818,1
DA:2819,1
DA:2820,4
DA:2821,4
DA:2822,1
DA:2823,1
DA:2824,4
DA:2825,80
DA:2826,80
DA:2827,80
DA:2828,80
DA:2829,80
DA:2830,80
DA:2831,80
DA:2832,80
DA:2833,80
DA:2834,80
DA:2835,80
DA:2836,80
DA:2837,80
DA:2838,3
DA:2839,3
DA:2840,1
DA:2841,1
DA:2842,1
DA:2843,1
DA:2844,1
DA:2845,1
DA:2846,1
DA:2847,2
DA:2848,2
DA:2849,1
DA:2850,1
DA:2851,1
DA:2852,1
DA:2853,1
DA:2854,3
DA:2855,3
DA:2856,1
DA:2857,1
DA:2858,3
DA:2859,80
DA:2860,80
DA:2861,80
DA:2862,80
DA:2863,80
DA:2864,80
DA:2865,80
DA:2866,80
DA:2867,80
DA:2868,80
DA:2869,80
DA:2870,80
DA:2871,4
DA:2872,4
DA:2873,2
DA:2874,2
DA:2875,2
DA:2876,2
DA:2877,2
DA:2878,1
DA:2879,1
DA:2880,1
DA:2881,1
DA:2882,1
DA:2883,1
DA:2884,4
DA:2885,4
DA:2886,1
DA:2887,1
DA:2888,4
DA:2889,80
DA:2890,80
DA:2891,80
DA:2892,80
DA:2893,80
DA:2894,80
DA:2895,80
DA:2896,80
DA:2897,80
DA:2898,80
DA:2899,80
DA:2900,80
DA:2901,80
DA:2902,3
DA:2903,3
DA:2904,1
DA:2905,1
DA:2906,1
DA:2907,1
DA:2908,1
DA:2909,1
DA:2910,1
DA:2911,2
DA:2912,2
DA:2913,1
DA:2914,1
DA:2915,1
DA:2916,1
DA:2917,1
DA:2918,3
DA:2919,3
DA:2920,1
DA:2921,1
DA:2922,3
DA:2923,80
DA:2924,80
DA:2925,80
DA:2926,80
DA:2927,80
DA:2928,80
DA:2929,80
DA:2930,80
DA:2931,80
DA:2932,80
DA:2933,80
DA:2934,80
DA:2935,4
DA:2936,4
DA:2937,2
DA:2938,2
DA:2939,2
DA:2940,2
DA:2941,1
DA:2942,1
DA:2943,1
DA:2944,1
DA:2945,1
DA:2946,4
DA:2947,4
DA:2948,1
DA:2949,1
DA:2950,4
DA:2951,80
DA:2952,80
DA:2953,80
DA:2954,80
DA:2955,80
DA:2956,80
DA:2957,80
DA:2958,80
DA:2959,80
DA:2960,80
DA:2961,80
DA:2962,80
DA:2963,80
DA:2964,3
DA:2965,3
DA:2966,1
DA:2967,1
DA:2968,1
DA:2969,1
DA:2970,1
DA:2971,1
DA:2972,1
DA:2973,2
DA:2974,2
DA:2975,1
DA:2976,1
DA:2977,1
DA:2978,1
DA:2979,1
DA:2980,3
DA:2981,3
DA:2982,1
DA:2983,1
DA:2984,3
DA:2985,80
DA:2986,80
DA:2987,80
DA:2988,80
DA:2989,80
DA:2990,80
DA:2991,80
DA:2992,80
DA:2993,80
DA:2994,80
DA:2995,80
DA:2996,80
DA:2997,4
DA:2998,4
DA:2999,2
DA:3000,2
DA:3001,2
DA:3002,2
DA:3003,1
DA:3004,1
DA:3005,1
DA:3006,1
DA:3007,1
DA:3008,4
DA:3009,4
DA:3010,1
DA:3011,1
DA:3012,4
DA:3013,80
DA:3014,80
DA:3015,80
DA:3016,80
DA:3017,80
DA:3018,80
DA:3019,80
DA:3020,80
DA:3021,80
DA:3022,80
DA:3023,80
DA:3024,80
DA:3025,80
DA:3026,3
DA:3027,3
DA:3028,1
DA:3029,1
DA:3030,1
DA:3031,1
DA:3032,1
DA:3033,1
DA:3034,1
DA:3035,2
DA:3036,2
DA:3037,1
DA:3038,1
DA:3039,1
DA:3040,1
DA:3041,1
DA:3042,3
DA:3043,3
DA:3044,1
DA:3045,1
DA:3046,3
DA:3047,80
DA:3048,80
DA:3049,80
DA:3050,80
DA:3051,80
DA:3052,80
DA:3053,80
DA:3054,80
DA:3055,80
DA:3056,80
DA:3057,80
DA:3058,80
DA:3059,4
DA:3060,4
DA:3061,2
DA:3062,2
DA:3063,2
DA:3064,2
DA:3065,1
DA:3066,1
DA:3067,1
DA:3068,1
DA:3069,1
DA:3070,4
DA:3071,4
DA:3072,1
DA:3073,1
DA:3074,4
DA:3075,80
DA:3076,80
DA:3077,80
DA:3078,80
DA:3079,80
DA:3080,80
DA:3081,80
DA:3082,80
DA:3083,80
DA:3084,80
DA:3085,80
DA:3086,80
DA:3087,80
DA:3088,3
DA:3089,3
DA:3090,1
DA:3091,1
DA:3092,1
DA:3093,1
DA:3094,1
DA:3095,1
DA:3096,1
DA:3097,2
DA:3098,2
DA:3099,1
DA:3100,1
DA:3101,1
DA:3102,1
DA:3103,1
DA:3104,3
DA:3105,3
DA:3106,1
DA:3107,1
DA:3108,3
DA:3109,80
DA:3110,80
DA:3111,80
DA:3112,80
DA:3113,80
DA:3114,80
DA:3115,80
DA:3116,80
DA:3117,80
DA:3118,80
DA:3119,80
DA:3120,80
DA:3121,80
DA:3122,4
DA:3123,4
DA:3124,4
DA:3125,4
DA:3126,3
DA:3127,3
DA:3128,4
DA:3129,4
DA:3130,4
DA:3131,0
DA:3132,0
DA:3133,4
DA:3134,80
DA:3135,80
DA:3136,80
DA:3137,80
DA:3138,80
DA:3139,80
DA:3140,80
DA:3141,80
DA:3142,80
DA:3143,80
DA:3144,80
DA:3145,80
DA:3146,80
DA:3147,80
DA:3148,4
DA:3149,4
DA:3150,4
DA:3151,4
DA:3152,4
DA:3153,2
DA:3154,2
DA:3155,4
DA:3156,80
DA:3157,80
DA:3158,80
DA:3159,80
DA:3160,80
DA:3161,80
DA:3162,80
DA:3163,80
DA:3164,80
DA:3165,80
DA:3166,80
DA:3167,80
DA:3168,80
DA:3169,4
DA:3170,4
DA:3171,4
DA:3172,4
DA:3173,3
DA:3174,3
DA:3175,4
DA:3176,4
DA:3177,4
DA:3178,0
DA:3179,0
DA:3180,4
DA:3181,80
DA:3182,80
DA:3183,80
DA:3184,80
DA:3185,80
DA:3186,80
DA:3187,80
DA:3188,80
DA:3189,80
DA:3190,80
DA:3191,80
DA:3192,80
DA:3193,80
DA:3194,80
DA:3195,4
DA:3196,4
DA:3197,4
DA:3198,4
DA:3199,4
DA:3200,2
DA:3201,2
DA:3202,4
DA:3203,80
DA:3204,80
DA:3205,80
DA:3206,80
DA:3207,80
DA:3208,80
DA:3209,80
DA:3210,80
DA:3211,80
DA:3212,80
DA:3213,80
DA:3214,80
DA:3215,80
DA:3216,4
DA:3217,4
DA:3218,4
DA:3219,4
DA:3220,3
DA:3221,3
DA:3222,4
DA:3223,4
DA:3224,4
DA:3225,0
DA:3226,0
DA:3227,4
DA:3228,80
DA:3229,80
DA:3230,80
DA:3231,80
DA:3232,80
DA:3233,80
DA:3234,80
DA:3235,80
DA:3236,80
DA:3237,80
DA:3238,80
DA:3239,80
DA:3240,80
DA:3241,80
DA:3242,4
DA:3243,4
DA:3244,4
DA:3245,4
DA:3246,4
DA:3247,2
DA:3248,2
DA:3249,4
DA:3250,80
DA:3251,80
DA:3252,80
DA:3253,80
DA:3254,80
DA:3255,80
DA:3256,80
DA:3257,80
DA:3258,80
DA:3259,80
DA:3260,80
DA:3261,80
DA:3262,80
DA:3263,4
DA:3264,4
DA:3265,4
DA:3266,4
DA:3267,3
DA:3268,3
DA:3269,4
DA:3270,4
DA:3271,4
DA:3272,0
DA:3273,0
DA:3274,4
DA:3275,80
DA:3276,80
DA:3277,80
DA:3278,80
DA:3279,80
DA:3280,80
DA:3281,80
DA:3282,80
DA:3283,80
DA:3284,80
DA:3285,80
DA:3286,80
DA:3287,80
DA:3288,80
DA:3289,4
DA:3290,4
DA:3291,4
DA:3292,4
DA:3293,4
DA:3294,2
DA:3295,2
DA:3296,4
DA:3297,80
DA:3298,80
DA:3299,80
DA:3300,80
DA:3301,80
DA:3302,80
DA:3303,80
DA:3304,80
DA:3305,80
DA:3306,80
DA:3307,80
DA:3308,80
DA:3309,80
DA:3310,4
DA:3311,4
DA:3312,4
DA:3313,4
DA:3314,3
DA:3315,3
DA:3316,4
DA:3317,4
DA:3318,4
DA:3319,0
DA:3320,0
DA:3321,4
DA:3322,80
DA:3323,80
DA:3324,80
DA:3325,80
DA:3326,80
DA:3327,80
DA:3328,80
DA:3329,80
DA:3330,80
DA:3331,80
DA:3332,80
DA:3333,80
DA:3334,80
DA:3335,80
DA:3336,4
DA:3337,4
DA:3338,4
DA:3339,4
DA:3340,4
DA:3341,2
DA:3342,2
DA:3343,4
DA:3344,80
DA:3345,80
DA:3346,80
DA:3347,80
DA:3348,80
DA:3349,80
DA:3350,80
DA:3351,80
DA:3352,80
DA:3353,80
DA:3354,80
DA:3355,80
DA:3356,80
DA:3357,4
DA:3358,4
DA:3359,4
DA:3360,4
DA:3361,3
DA:3362,3
DA:3363,4
DA:3364,4
DA:3365,4
DA:3366,0
DA:3367,0
DA:3368,4
DA:3369,80
DA:3370,80
DA:3371,80
DA:3372,80
DA:3373,80
DA:3374,80
DA:3375,80
DA:3376,80
DA:3377,80
DA:3378,80
DA:3379,80
DA:3380,80
DA:3381,80
DA:3382,80
DA:3383,4
DA:3384,4
DA:3385,4
DA:3386,4
DA:3387,4
DA:3388,2
DA:3389,2
DA:3390,4
DA:3391,80
DA:3392,80
DA:3393,80
DA:3394,80
DA:3395,80
DA:3396,80
DA:3397,80
DA:3398,80
DA:3399,80
DA:3400,80
DA:3401,80
DA:3402,80
DA:3403,80
DA:3404,4
DA:3405,4
DA:3406,4
DA:3407,4
DA:3408,3
DA:3409,3
DA:3410,4
DA:3411,4
DA:3412,4
DA:3413,0
DA:3414,0
DA:3415,4
DA:3416,80
DA:3417,80
DA:3418,80
DA:3419,80
DA:3420,80
DA:3421,80
DA:3422,80
DA:3423,80
DA:3424,80
DA:3425,80
DA:3426,80
DA:3427,80
DA:3428,80
DA:3429,80
DA:3430,4
DA:3431,4
DA:3432,4
DA:3433,4
DA:3434,4
DA:3435,2
DA:3436,2
DA:3437,4
DA:3438,80
DA:3439,80
DA:3440,80
DA:3441,80
DA:3442,80
DA:3443,80
DA:3444,80
DA:3445,80
DA:3446,80
DA:3447,80
DA:3448,80
DA:3449,80
DA:3450,80
DA:3451,4
DA:3452,4
DA:3453,4
DA:3454,4
DA:3455,3
DA:3456,3
DA:3457,4
DA:3458,4
DA:3459,4
DA:3460,0
DA:3461,0
DA:3462,4
DA:3463,80
DA:3464,80
DA:3465,80
DA:3466,80
DA:3467,80
DA:3468,80
DA:3469,80
DA:3470,80
DA:3471,80
DA:3472,80
DA:3473,80
DA:3474,80
DA:3475,80
DA:3476,80
DA:3477,4
DA:3478,4
DA:3479,4
DA:3480,4
DA:3481,4
DA:3482,2
DA:3483,2
DA:3484,4
DA:3485,80
DA:3486,80
DA:3487,80
DA:3488,80
DA:3489,80
DA:3490,80
DA:3491,80
DA:3492,80
DA:3493,80
DA:3494,80
DA:3495,80
DA:3496,80
DA:3497,80
DA:3498,4
DA:3499,4
DA:3500,4
DA:3501,4
DA:3502,3
DA:3503,3
DA:3504,4
DA:3505,4
DA:3506,4
DA:3507,0
DA:3508,0
DA:3509,4
DA:3510,80
DA:3511,80
DA:3512,80
DA:3513,80
DA:3514,80
DA:3515,80
DA:3516,80
DA:3517,80
DA:3518,80
DA:3519,80
DA:3520,80
DA:3521,80
DA:3522,80
DA:3523,80
DA:3524,4
DA:3525,4
DA:3526,4
DA:3527,4
DA:3528,4
DA:3529,2
DA:3530,2
DA:3531,4
DA:3532,80
DA:3533,80
DA:3534,80
DA:3535,80
DA:3536,80
DA:3537,80
DA:3538,80
DA:3539,80
DA:3540,80
DA:3541,80
DA:3542,80
DA:3543,80
DA:3544,80
DA:3545,4
DA:3546,4
DA:3547,4
DA:3548,4
DA:3549,3
DA:3550,3
DA:3551,4
DA:3552,4
DA:3553,4
DA:3554,0
DA:3555,0
DA:3556,4
DA:3557,80
DA:3558,80
DA:3559,80
DA:3560,80
DA:3561,80
DA:3562,80
DA:3563,80
DA:3564,80
DA:3565,80
DA:3566,80
DA:3567,80
DA:3568,80
DA:3569,80
DA:3570,80
DA:3571,4
DA:3572,4
DA:3573,4
DA:3574,4
DA:3575,4
DA:3576,2
DA:3577,2
DA:3578,4
DA:3579,80
DA:3580,80
DA:3581,80
DA:3582,80
DA:3583,80
DA:3584,80
DA:3585,80
DA:3586,80
DA:3587,80
DA:3588,80
DA:3589,80
DA:3590,80
DA:3591,80
DA:3592,4
DA:3593,4
DA:3594,4
DA:3595,4
DA:3596,3
DA:3597,3
DA:3598,4
DA:3599,4
DA:3600,4
DA:3601,0
DA:3602,0
DA:3603,4
DA:3604,80
DA:3605,80
DA:3606,80
DA:3607,80
DA:3608,80
DA:3609,80
DA:3610,80
DA:3611,80
DA:3612,80
DA:3613,80
DA:3614,80
DA:3615,80
DA:3616,80
DA:3617,80
DA:3618,4
DA:3619,4
DA:3620,4
DA:3621,4
DA:3622,4
DA:3623,2
DA:3624,2
DA:3625,4
DA:3626,80
DA:3627,80
DA:3628,80
DA:3629,80
DA:3630,80
DA:3631,80
DA:3632,80
DA:3633,80
DA:3634,80
DA:3635,80
DA:3636,80
DA:3637,80
DA:3638,80
DA:3639,4
DA:3640,4
DA:3641,4
DA:3642,4
DA:3643,3
DA:3644,3
DA:3645,4
DA:3646,4
DA:3647,4
DA:3648,0
DA:3649,0
DA:3650,4
DA:3651,80
DA:3652,80
DA:3653,80
DA:3654,80
DA:3655,80
DA:3656,80
DA:3657,80
DA:3658,80
DA:3659,80
DA:3660,80
DA:3661,80
DA:3662,80
DA:3663,80
DA:3664,80
DA:3665,4
DA:3666,4
DA:3667,4
DA:3668,4
DA:3669,4
DA:3670,2
DA:3671,2
DA:3672,4
DA:3673,80
DA:3674,80
DA:3675,80
DA:3676,80
DA:3677,80
DA:3678,80
DA:3679,80
DA:3680,80
DA:3681,80
DA:3682,80
DA:3683,80
DA:3684,80
DA:3685,80
DA:3686,4
DA:3687,4
DA:3688,4
DA:3689,4
DA:3690,3
DA:3691,3
DA:3692,4
DA:3693,4
DA:3694,4
DA:3695,0
DA:3696,0
DA:3697,4
DA:3698,80
DA:3699,80
DA:3700,80
DA:3701,80
DA:3702,80
DA:3703,80
DA:3704,80
DA:3705,80
DA:3706,80
DA:3707,80
DA:3708,80
DA:3709,80
DA:3710,80
DA:3711,80
DA:3712,4
DA:3713,4
DA:3714,4
DA:3715,4
DA:3716,4
DA:3717,2
DA:3718,2
DA:3719,4
DA:3720,80
DA:3721,80
DA:3722,80
DA:3723,80
DA:3724,80
DA:3725,80
DA:3726,80
DA:3727,80
DA:3728,80
DA:3729,80
DA:3730,80
DA:3731,80
DA:3732,80
DA:3733,4
DA:3734,4
DA:3735,4
DA:3736,4
DA:3737,3
DA:3738,3
DA:3739,4
DA:3740,4
DA:3741,4
DA:3742,0
DA:3743,0
DA:3744,4
DA:3745,80
DA:3746,80
DA:3747,80
DA:3748,80
DA:3749,80
DA:3750,80
DA:3751,80
DA:3752,80
DA:3753,80
DA:3754,80
DA:3755,80
DA:3756,80
DA:3757,80
DA:3758,80
DA:3759,4
DA:3760,4
DA:3761,4
DA:3762,4
DA:3763,4
DA:3764,2
DA:3765,2
DA:3766,4
DA:3767,80
DA:3768,80
DA:3769,80
DA:3770,80
DA:3771,80
DA:3772,80
DA:3773,80
DA:3774,80
DA:3775,80
DA:3776,80
DA:3777,80
DA:3778,80
DA:3779,80
DA:3780,4
DA:3781,4
DA:3782,4
DA:3783,4
DA:3784,3
DA:3785,3
DA:3786,4
DA:3787,4
DA:3788,4
DA:3789,0
DA:3790,0
DA:3791,4
DA:3792,80
DA:3793,80
DA:3794,80
DA:3795,80
DA:3796,80
DA:3797,80
DA:3798,80
DA:3799,80
DA:3800,80
DA:3801,80
DA:3802,80
DA:3803,80
DA:3804,80
DA:3805,80
DA:3806,4
DA:3807,4
DA:3808,4
DA:3809,4
DA:3810,4
DA:3811,2
DA:3812,2
DA:3813,4
DA:3814,80
DA:3815,80
DA:3816,80
DA:3817,80
DA:3818,80
DA:3819,80
DA:3820,80
DA:3821,80
DA:3822,80
DA:3823,80
DA:3824,80
DA:3825,80
DA:3826,80
DA:3827,4
DA:3828,4
DA:3829,4
DA:3830,4
DA:3831,3
DA:3832,3
DA:3833,4
DA:3834,4
DA:3835,4
DA:3836,0
DA:3837,0
DA:3838,4
DA:3839,80
DA:3840,80
DA:3841,80
DA:3842,80
DA:3843,80
DA:3844,80
DA:3845,80
DA:3846,80
DA:3847,80
DA:3848,80
DA:3849,80
DA:3850,80
DA:3851,80
DA:3852,80
DA:3853,4
DA:3854,4
DA:3855,4
DA:3856,4
DA:3857,4
DA:3858,2
DA:3859,2
DA:3860,4
DA:3861,80
DA:3862,80
DA:3863,80
DA:3864,80
DA:3865,80
DA:3866,80
DA:3867,80
DA:3868,80
DA:3869,80
DA:3870,80
DA:3871,80
DA:3872,80
DA:3873,80
DA:3874,4
DA:3875,4
DA:3876,4
DA:3877,4
DA:3878,3
DA:3879,3
DA:3880,4
DA:3881,4
DA:3882,4
DA:3883,0
DA:3884,0
DA:3885,4
DA:3886,80
DA:3887,80
DA:3888,80
DA:3889,80
DA:3890,80
DA:3891,80
DA:3892,80
DA:3893,80
DA:3894,80
DA:3895,80
DA:3896,80
DA:3897,80
DA:3898,80
DA:3899,80
DA:3900,4
DA:3901,4
DA:3902,4
DA:3903,4
DA:3904,4
DA:3905,2
DA:3906,2
DA:3907,4
DA:3908,80
DA:3909,80
DA:3910,80
DA:3911,80
DA:3912,80
DA:3913,80
DA:3914,80
DA:3915,80
DA:3916,80
DA:3917,80
DA:3918,80
DA:3919,80
DA:3920,80
DA:3921,4
DA:3922,4
DA:3923,4
DA:3924,4
DA:3925,3
DA:3926,3
DA:3927,4
DA:3928,4
DA:3929,4
DA:3930,0
DA:3931,0
DA:3932,4
DA:3933,80
DA:3934,80
DA:3935,80
DA:3936,80
DA:3937,80
DA:3938,80
DA:3939,80
DA:3940,80
DA:3941,80
DA:3942,80
DA:3943,80
DA:3944,80
DA:3945,80
DA:3946,80
DA:3947,4
DA:3948,4
DA:3949,4
DA:3950,4
DA:3951,4
DA:3952,2
DA:3953,2
DA:3954,4
DA:3955,80
DA:3956,80
DA:3957,80
DA:3958,80
DA:3959,80
DA:3960,80
DA:3961,80
DA:3962,80
DA:3963,80
DA:3964,80
DA:3965,80
DA:3966,80
DA:3967,80
DA:3968,4
DA:3969,4
DA:3970,4
DA:3971,4
DA:3972,3
DA:3973,3
DA:3974,4
DA:3975,4
DA:3976,4
DA:3977,0
DA:3978,0
DA:3979,4
DA:3980,80
DA:3981,80
DA:3982,80
DA:3983,80
DA:3984,80
DA:3985,80
DA:3986,80
DA:3987,80
DA:3988,80
DA:3989,80
DA:3990,80
DA:3991,80
DA:3992,80
DA:3993,80
DA:3994,4
DA:3995,4
DA:3996,4
DA:3997,4
DA:3998,4
DA:3999,2
DA:4000,2
DA:4001,4
DA:4002,80
DA:4003,80
DA:4004,80
DA:4005,80
DA:4006,80
DA:4007,80
DA:4008,80
DA:4009,80
DA:4010,80
DA:4011,80
DA:4012,80
DA:4013,80
DA:4014,80
DA:4015,4
DA:4016,4
DA:4017,4
DA:4018,4
DA:4019,3
DA:4020,3
DA:4021,4
DA:4022,4
DA:4023,4
DA:4024,0
DA:4025,0
DA:4026,4
DA:4027,80
DA:4028,80
DA:4029,80
DA:4030,80
DA:4031,80
DA:4032,80
DA:4033,80
DA:4034,80
DA:4035,80
DA:4036,80
DA:4037,80
DA:4038,80
DA:4039,80
DA:4040,80
DA:4041,4
DA:4042,4
DA:4043,4
DA:4044,4
DA:4045,4
DA:4046,2
DA:4047,2
DA:4048,4
DA:4049,80
DA:4050,80
DA:4051,80
DA:4052,80
DA:4053,80
DA:4054,80
DA:4055,80
DA:4056,80
DA:4057,80
DA:4058,80
DA:4059,80
DA:4060,80
DA:4061,80
DA:4062,4
DA:4063,4
DA:4064,4
DA:4065,4
DA:4066,3
DA:4067,3
DA:4068,4
DA:4069,4
DA:4070,4
DA:4071,0
DA:4072,0
DA:4073,4
DA:4074,80
DA:4075,80
DA:4076,80
DA:4077,80
DA:4078,80
DA:4079,80
DA:4080,80
DA:4081,80
DA:4082,80
DA:4083,80
DA:4084,80
DA:4085,80
DA:4086,80
DA:4087,80
DA:4088,4
DA:4089,4
DA:4090,4
DA:4091,4
DA:4092,4
DA:4093,2
DA:4094,2
DA:4095,4
DA:4096,80
DA:4097,80
DA:4098,80
DA:4099,80
DA:4100,80
DA:4101,80
DA:4102,80
DA:4103,80
DA:4104,80
DA:4105,80
DA:4106,80
DA:4107,80
DA:4108,80
DA:4109,4
DA:4110,4
DA:4111,4
DA:4112,4
DA:4113,3
DA:4114,3
DA:4115,4
DA:4116,4
DA:4117,4
DA:4118,0
DA:4119,0
DA:4120,4
DA:4121,80
DA:4122,80
DA:4123,80
DA:4124,80
DA:4125,80
DA:4126,80
DA:4127,80
DA:4128,80
DA:4129,80
DA:4130,80
DA:4131,80
DA:4132,80
DA:4133,80
DA:4134,80
DA:4135,4
DA:4136,4
DA:4137,4
DA:4138,4
DA:4139,4
DA:4140,2
DA:4141,2
DA:4142,4
DA:4143,80
DA:4144,80
DA:4145,80
DA:4146,80
DA:4147,80
DA:4148,80
DA:4149,80
DA:4150,80
DA:4151,80
DA:4152,80
DA:4153,80
DA:4154,80
DA:4155,80
DA:4156,80
DA:4157,80
DA:4158,4
DA:4159,4
DA:4160,4
DA:4161,4
DA:4162,3
DA:4163,3
DA:4164,4
DA:4165,4
DA:4166,4
DA:4167,0
DA:4168,0
DA:4169,4
DA:4170,80
DA:4171,80
DA:4172,80
DA:4173,80
DA:4174,80
DA:4175,80
DA:4176,80
DA:4177,80
DA:4178,80
DA:4179,80
DA:4180,80
DA:4181,80
DA:4182,80
DA:4183,80
DA:4184,4
DA:4185,4
DA:4186,4
DA:4187,4
DA:4188,4
DA:4189,2
DA:4190,2
DA:4191,4
DA:4192,80
DA:4193,1
DA:4194,1
LH:4130
LF:4194
end_of_record
SF:test/utils.test.js
FN:35,anonymous_0
FN:41,anonymous_1
FN:45,anonymous_2
FN:58,loadTestData
FN:118,nodeRunner
FN:121,anonymous_5
FN:123,anonymous_6
FN:136,defRunner
FN:165,makeTest
FN:199,updateObjectTest1
FN:215,isValidObjectTest1
FN:227,isValidObjectTest2
FN:239,isValidObjectTest3
FN:251,extractSubobjectByKeysTest1
FNDA:1,anonymous_0
FNDA:1,anonymous_1
FNDA:0,anonymous_2
FNDA:1,loadTestData
FNDA:1,nodeRunner
FNDA:5,anonymous_5
FNDA:5,anonymous_6
FNDA:0,defRunner
FNDA:5,makeTest
FNDA:1,updateObjectTest1
FNDA:1,isValidObjectTest1
FNDA:1,isValidObjectTest2
FNDA:1,isValidObjectTest3
FNDA:1,extractSubobjectByKeysTest1
FNF:14
FNH:14
BRDA:1,0,0,1
BRDA:35,1,0,1
BRDA:48,2,0,0
BRDA:41,3,0,1
BRDA:58,4,0,1
BRDA:118,5,0,1
BRDA:121,6,0,1
BRDA:122,7,0,5
BRDA:123,8,0,5
BRDA:165,9,0,5
BRDA:173,10,0,0
BRDA:177,11,0,0
BRDA:199,12,0,1
BRDA:215,13,0,1
BRDA:227,14,0,1
BRDA:239,15,0,1
BRDA:251,16,0,1
BRF:17
BRH:15
DA:1,1
DA:2,1
DA:3,1
DA:4,1
DA:5,1
DA:6,1
DA:7,1
DA:8,1
DA:9,1
DA:10,1
DA:11,1
DA:12,1
DA:13,1
DA:14,1
DA:15,1
DA:16,1
DA:17,1
DA:18,1
DA:19,1
DA:20,1
DA:21,1
DA:22,1
DA:23,1
DA:24,1
DA:25,1
DA:26,1
DA:27,1
DA:28,1
DA:29,1
DA:30,1
DA:31,1
DA:32,1
DA:33,1
DA:34,1
DA:35,1
DA:36,1
DA:37,1
DA:38,1
DA:39,1
DA:40,1
DA:41,1
DA:42,1
DA:43,1
DA:44,1
DA:52,1
DA:53,1
DA:54,1
DA:55,1
DA:56,1
DA:57,1
DA:58,1
DA:59,1
DA:60,1
DA:61,1
DA:62,1
DA:63,1
DA:64,1
DA:65,1
DA:66,1
DA:67,1
DA:68,1
DA:69,1
DA:70,1
DA:71,1
DA:72,1
DA:73,1
DA:74,1
DA:75,1
DA:76,1
DA:77,1
DA:78,1
DA:79,1
DA:80,1
DA:81,1
DA:82,1
DA:83,1
DA:84,1
DA:85,1
DA:86,1
DA:87,1
DA:88,1
DA:89,1
DA:90,1
DA:91,1
DA:92,1
DA:93,1
DA:94,1
DA:95,1
DA:96,1
DA:97,1
DA:98,1
DA:99,1
DA:100,1
DA:101,1
DA:102,1
DA:103,1
DA:104,1
DA:105,1
DA:106,1
DA:107,1
DA:108,1
DA:109,1
DA:110,1
DA:111,1
DA:112,1
DA:113,1
DA:114,1
DA:115,1
DA:116,1
DA:117,1
DA:118,1
DA:119,1
DA:120,1
DA:121,1
DA:122,1
DA:123,5
DA:124,5
DA:125,5
DA:126,5
DA:127,1
DA:128,1
DA:129,1
DA:130,1
DA:159,1
DA:160,1
DA:161,1
DA:162,1
DA:163,1
DA:164,1
DA:165,5
DA:166,5
DA:167,5
DA:168,5
DA:169,5
DA:170,5
DA:171,5
DA:172,5
DA:173,5
DA:174,5
DA:175,5
DA:176,5
DA:177,5
DA:193,5
DA:194,1
DA:195,1
DA:196,1
DA:197,1
DA:198,1
DA:199,1
DA:200,1
DA:201,1
DA:202,1
DA:203,1
DA:204,1
DA:205,1
DA:206,1
DA:207,1
DA:208,1
DA:209,1
DA:210,1
DA:211,1
DA:212,1
DA:213,1
DA:214,1
DA:215,1
DA:216,1
DA:217,1
DA:218,1
DA:219,1
DA:220,1
DA:221,1
DA:222,1
DA:223,1
DA:224,1
DA:225,1
DA:226,1
DA:227,1
DA:228,1
DA:229,1
DA:230,1
DA:231,1
DA:232,1
DA:233,1
DA:234,1
DA:235,1
DA:236,1
DA:237,1
DA:238,1
DA:239,1
DA:240,1
DA:241,1
DA:242,1
DA:243,1
DA:244,1
DA:245,1
DA:246,1
DA:247,1
DA:248,1
DA:249,1
DA:250,1
DA:251,1
DA:252,1
DA:253,1
DA:254,1
DA:255,1
DA:256,1
DA:257,1
DA:258,1
DA:259,1
DA:260,1
DA:261,1
DA:262,1
DA:263,1
DA:264,1
LH:264
LF:264
end_of_record
SF:test/weather.test.js
FN:42,anonymous_0
FN:47,anonymous_1
FN:51,anonymous_2
FN:64,loadTestData
FN:98,testData.method
FN:115,anonymous_5
FN:118,anonymous_6
FN:133,testData.method
FN:145,anonymous_8
FN:148,anonymous_9
FN:156,anonymous_10
FN:159,anonymous_11
FN:174,testData.method
FN:186,anonymous_13
FN:189,anonymous_14
FN:197,anonymous_15
FN:200,anonymous_16
FN:215,testData.method
FN:233,anonymous_18
FN:240,anonymous_19
FN:247,anonymous_20
FN:250,anonymous_21
FN:258,anonymous_22
FN:261,anonymous_23
FN:269,anonymous_24
FN:272,anonymous_25
FN:280,anonymous_26
FN:283,anonymous_27
FN:298,testData.method
FN:302,anonymous_29
FN:306,anonymous_30
FN:309,anonymous_31
FN:317,anonymous_32
FN:320,anonymous_33
FN:335,testData.method
FN:343,anonymous_35
FN:346,anonymous_36
FN:354,anonymous_37
FN:357,anonymous_38
FN:372,testData.method
FN:380,anonymous_40
FN:383,anonymous_41
FN:391,anonymous_42
FN:394,anonymous_43
FN:413,testData.method
FN:432,testData.method
FN:451,testData.method
FN:469,testData.method
FN:491,testData.method
FN:505,anonymous_49
FN:521,testData.method
FN:532,anonymous_51
FN:544,testData.method
FN:569,testData.method
FN:597,testData.method
FN:605,anonymous_55
FN:625,testData.method
FN:641,anonymous_57
FN:644,anonymous_58
FN:659,testData.method
FN:667,anonymous_60
FN:675,anonymous_61
FN:678,anonymous_62
FN:681,anonymous_63
FN:696,testData.method
FN:709,anonymous_65
FN:712,anonymous_66
FN:727,testData.method
FN:743,anonymous_68
FN:746,anonymous_69
FN:753,anonymous_70
FN:756,anonymous_71
FN:763,anonymous_72
FN:766,anonymous_73
FN:780,testData.method
FN:793,anonymous_75
FN:796,anonymous_76
FN:803,anonymous_77
FN:806,anonymous_78
FN:813,anonymous_79
FN:816,anonymous_80
FN:823,anonymous_81
FN:826,anonymous_82
FN:840,testData.method
FN:846,anonymous_84
FN:856,testData.method
FN:862,anonymous_86
FN:862,anonymous_87
FN:877,testData.method
FN:888,anonymous_89
FN:891,anonymous_90
FN:905,testData.method
FN:916,anonymous_92
FN:919,anonymous_93
FN:933,testData.method
FN:951,testData.method
FN:969,testData.method
FN:987,testData.method
FN:1009,testData.method
FN:1033,testData.method
FN:1061,testData.method
FN:1082,anonymous_101
FN:1085,anonymous_102
FN:1100,testData.method
FN:1121,anonymous_104
FN:1124,anonymous_105
FN:1139,testData.method
FN:1160,anonymous_107
FN:1163,anonymous_108
FN:1178,testData.method
FN:1199,anonymous_110
FN:1202,anonymous_111
FN:1217,testData.method
FN:1238,anonymous_113
FN:1241,anonymous_114
FN:1256,testData.method
FN:1277,anonymous_116
FN:1280,anonymous_117
FN:1295,testData.method
FN:1316,anonymous_119
FN:1319,anonymous_120
FN:1334,testData.method
FN:1355,anonymous_122
FN:1358,anonymous_123
FN:1373,testData.method
FN:1394,anonymous_125
FN:1397,anonymous_126
FN:1412,testData.method
FN:1433,anonymous_128
FN:1436,anonymous_129
FN:1451,testData.method
FN:1472,anonymous_131
FN:1475,anonymous_132
FN:1490,testData.method
FN:1511,anonymous_134
FN:1514,anonymous_135
FN:1529,testData.method
FN:1550,anonymous_137
FN:1553,anonymous_138
FN:1568,testData.method
FN:1589,anonymous_140
FN:1592,anonymous_141
FN:1607,testData.method
FN:1628,anonymous_143
FN:1631,anonymous_144
FN:1646,testData.method
FN:1667,anonymous_146
FN:1670,anonymous_147
FN:1685,testData.method
FN:1706,anonymous_149
FN:1709,anonymous_150
FN:1724,testData.method
FN:1745,anonymous_152
FN:1748,anonymous_153
FN:1763,testData.method
FN:1784,anonymous_155
FN:1787,anonymous_156
FN:1802,testData.method
FN:1823,anonymous_158
FN:1826,anonymous_159
FN:1841,testData.method
FN:1862,anonymous_161
FN:1865,anonymous_162
FN:1880,testData.method
FN:1901,anonymous_164
FN:1904,anonymous_165
FN:1919,testData.method
FN:1940,anonymous_167
FN:1943,anonymous_168
FN:1958,testData.method
FN:1979,anonymous_170
FN:1982,anonymous_171
FN:1997,testData.method
FN:2018,anonymous_173
FN:2021,anonymous_174
FN:2040,testData.method
FN:2063,anonymous_176
FN:2066,anonymous_177
FN:2072,anonymous_178
FN:2075,anonymous_179
FN:2089,testData.method
FN:2112,anonymous_181
FN:2115,anonymous_182
FN:2121,anonymous_183
FN:2124,anonymous_184
FN:2138,testData.method
FN:2161,anonymous_186
FN:2164,anonymous_187
FN:2170,anonymous_188
FN:2173,anonymous_189
FN:2187,testData.method
FN:2210,anonymous_191
FN:2213,anonymous_192
FN:2219,anonymous_193
FN:2222,anonymous_194
FN:2236,testData.method
FN:2259,anonymous_196
FN:2262,anonymous_197
FN:2268,anonymous_198
FN:2271,anonymous_199
FN:2285,testData.method
FN:2308,anonymous_201
FN:2311,anonymous_202
FN:2317,anonymous_203
FN:2320,anonymous_204
FN:2334,testData.method
FN:2357,anonymous_206
FN:2360,anonymous_207
FN:2366,anonymous_208
FN:2369,anonymous_209
FN:2383,testData.method
FN:2406,anonymous_211
FN:2409,anonymous_212
FN:2415,anonymous_213
FN:2418,anonymous_214
FN:2432,testData.method
FN:2455,anonymous_216
FN:2458,anonymous_217
FN:2464,anonymous_218
FN:2467,anonymous_219
FN:2481,testData.method
FN:2504,anonymous_221
FN:2507,anonymous_222
FN:2513,anonymous_223
FN:2516,anonymous_224
FN:2530,testData.method
FN:2553,anonymous_226
FN:2556,anonymous_227
FN:2562,anonymous_228
FN:2565,anonymous_229
FN:2579,testData.method
FN:2602,anonymous_231
FN:2605,anonymous_232
FN:2611,anonymous_233
FN:2614,anonymous_234
FN:2628,testData.method
FN:2651,anonymous_236
FN:2654,anonymous_237
FN:2660,anonymous_238
FN:2663,anonymous_239
FN:2677,testData.method
FN:2700,anonymous_241
FN:2703,anonymous_242
FN:2709,anonymous_243
FN:2712,anonymous_244
FN:2726,testData.method
FN:2749,anonymous_246
FN:2752,anonymous_247
FN:2758,anonymous_248
FN:2761,anonymous_249
FN:2775,testData.method
FN:2798,anonymous_251
FN:2801,anonymous_252
FN:2807,anonymous_253
FN:2810,anonymous_254
FN:2824,testData.method
FN:2847,anonymous_256
FN:2850,anonymous_257
FN:2856,anonymous_258
FN:2859,anonymous_259
FN:2873,testData.method
FN:2896,anonymous_261
FN:2899,anonymous_262
FN:2905,anonymous_263
FN:2908,anonymous_264
FN:2922,testData.method
FN:2945,anonymous_266
FN:2948,anonymous_267
FN:2954,anonymous_268
FN:2957,anonymous_269
FN:2971,testData.method
FN:2994,anonymous_271
FN:2997,anonymous_272
FN:3003,anonymous_273
FN:3006,anonymous_274
FN:3020,testData.method
FN:3043,anonymous_276
FN:3046,anonymous_277
FN:3052,anonymous_278
FN:3055,anonymous_279
FN:3069,testData.method
FN:3092,anonymous_281
FN:3095,anonymous_282
FN:3101,anonymous_283
FN:3104,anonymous_284
FN:3118,testData.method
FN:3141,anonymous_286
FN:3144,anonymous_287
FN:3150,anonymous_288
FN:3153,anonymous_289
FN:3171,testData.method
FN:3192,anonymous_291
FN:3195,anonymous_292
FN:3210,testData.method
FN:3231,anonymous_294
FN:3234,anonymous_295
FN:3249,testData.method
FN:3270,anonymous_297
FN:3273,anonymous_298
FN:3288,testData.method
FN:3309,anonymous_300
FN:3312,anonymous_301
FN:3327,testData.method
FN:3348,anonymous_303
FN:3351,anonymous_304
FN:3370,testData.method
FN:3391,anonymous_306
FN:3394,anonymous_307
FN:3409,testData.method
FN:3430,anonymous_309
FN:3433,anonymous_310
FN:3448,testData.method
FN:3469,anonymous_312
FN:3472,anonymous_313
FN:3490,nodeRunner
FN:3493,anonymous_315
FN:3495,anonymous_316
[...]
DA:1529,1
DA:1530,1
DA:1531,1
DA:1532,1
DA:1533,1
DA:1534,1
DA:1535,1
DA:1536,1
DA:1537,1
DA:1538,1
DA:1539,1
DA:1540,1
DA:1541,1
DA:1542,1
DA:1543,1
DA:1544,1
DA:1545,1
DA:1546,1
DA:1547,1
DA:1548,1
DA:1549,1
DA:1550,1
DA:1551,1
DA:1552,1
DA:1553,1
DA:1554,1
DA:1555,1
DA:1556,1
DA:1557,1
DA:1558,1
DA:1559,1
DA:1560,1
DA:1561,1
DA:1562,1
DA:1563,1
DA:1564,1
DA:1565,1
DA:1566,1
DA:1567,1
DA:1568,1
DA:1569,1
DA:1570,1
DA:1571,1
DA:1572,1
DA:1573,1
DA:1574,1
DA:1575,1
DA:1576,1
DA:1577,1
DA:1578,1
DA:1579,1
DA:1580,1
DA:1581,1
DA:1582,1
DA:1583,1
DA:1584,1
DA:1585,1
DA:1586,1
DA:1587,1
DA:1588,1
DA:1589,1
DA:1590,1
DA:1591,1
DA:1592,1
DA:1593,1
DA:1594,1
DA:1595,1
DA:1596,1
DA:1597,1
DA:1598,1
DA:1599,1
DA:1600,1
DA:1601,1
DA:1602,1
DA:1603,1
DA:1604,1
DA:1605,1
DA:1606,1
DA:1607,1
DA:1608,1
DA:1609,1
DA:1610,1
DA:1611,1
DA:1612,1
DA:1613,1
DA:1614,1
DA:1615,1
DA:1616,1
DA:1617,1
DA:1618,1
DA:1619,1
DA:1620,1
DA:1621,1
DA:1622,1
DA:1623,1
DA:1624,1
DA:1625,1
DA:1626,1
DA:1627,1
DA:1628,1
DA:1629,1
DA:1630,1
DA:1631,1
DA:1632,1
DA:1633,1
DA:1634,1
DA:1635,1
DA:1636,1
DA:1637,1
DA:1638,1
DA:1639,1
DA:1640,1
DA:1641,1
DA:1642,1
DA:1643,1
DA:1644,1
DA:1645,1
DA:1646,1
DA:1647,1
DA:1648,1
DA:1649,1
DA:1650,1
DA:1651,1
DA:1652,1
DA:1653,1
DA:1654,1
DA:1655,1
DA:1656,1
DA:1657,1
DA:1658,1
DA:1659,1
DA:1660,1
DA:1661,1
DA:1662,1
DA:1663,1
DA:1664,1
DA:1665,1
DA:1666,1
DA:1667,1
DA:1668,1
DA:1669,1
DA:1670,1
DA:1671,1
DA:1672,1
DA:1673,1
DA:1674,1
DA:1675,1
DA:1676,1
DA:1677,1
DA:1678,1
DA:1679,1
DA:1680,1
DA:1681,1
DA:1682,1
DA:1683,1
DA:1684,1
DA:1685,1
DA:1686,1
DA:1687,1
DA:1688,1
DA:1689,1
DA:1690,1
DA:1691,1
DA:1692,1
DA:1693,1
DA:1694,1
DA:1695,1
DA:1696,1
DA:1697,1
DA:1698,1
DA:1699,1
DA:1700,1
DA:1701,1
DA:1702,1
DA:1703,1
DA:1704,1
DA:1705,1
DA:1706,1
DA:1707,1
DA:1708,1
DA:1709,1
DA:1710,1
DA:1711,1
DA:1712,1
DA:1713,1
DA:1714,1
DA:1715,1
DA:1716,1
DA:1717,1
DA:1718,1
DA:1719,1
DA:1720,1
DA:1721,1
DA:1722,1
DA:1723,1
DA:1724,1
DA:1725,1
DA:1726,1
DA:1727,1
DA:1728,1
DA:1729,1
DA:1730,1
DA:1731,1
DA:1732,1
DA:1733,1
DA:1734,1
DA:1735,1
DA:1736,1
DA:1737,1
DA:1738,1
DA:1739,1
DA:1740,1
DA:1741,1
DA:1742,1
DA:1743,1
DA:1744,1
DA:1745,1
DA:1746,1
DA:1747,1
DA:1748,1
DA:1749,1
DA:1750,1
DA:1751,1
DA:1752,1
DA:1753,1
DA:1754,1
DA:1755,1
DA:1756,1
DA:1757,1
DA:1758,1
DA:1759,1
DA:1760,1
DA:1761,1
DA:1762,1
DA:1763,1
DA:1764,1
DA:1765,1
DA:1766,1
DA:1767,1
DA:1768,1
DA:1769,1
DA:1770,1
DA:1771,1
DA:1772,1
DA:1773,1
DA:1774,1
DA:1775,1
DA:1776,1
DA:1777,1
DA:1778,1
DA:1779,1
DA:1780,1
DA:1781,1
DA:1782,1
DA:1783,1
DA:1784,1
DA:1785,1
DA:1786,1
DA:1787,1
DA:1788,1
DA:1789,1
DA:1790,1
DA:1791,1
DA:1792,1
DA:1793,1
DA:1794,1
DA:1795,1
DA:1796,1
DA:1797,1
DA:1798,1
DA:1799,1
DA:1800,1
DA:1801,1
DA:1802,1
DA:1803,1
DA:1804,1
DA:1805,1
DA:1806,1
DA:1807,1
DA:1808,1
DA:1809,1
DA:1810,1
DA:1811,1
DA:1812,1
DA:1813,1
DA:1814,1
DA:1815,1
DA:1816,1
DA:1817,1
DA:1818,1
DA:1819,1
DA:1820,1
DA:1821,1
DA:1822,1
DA:1823,1
DA:1824,1
DA:1825,1
DA:1826,1
DA:1827,1
DA:1828,1
DA:1829,1
DA:1830,1
DA:1831,1
DA:1832,1
DA:1833,1
DA:1834,1
DA:1835,1
DA:1836,1
DA:1837,1
DA:1838,1
DA:1839,1
DA:1840,1
DA:1841,1
DA:1842,1
DA:1843,1
DA:1844,1
DA:1845,1
DA:1846,1
DA:1847,1
DA:1848,1
DA:1849,1
DA:1850,1
DA:1851,1
DA:1852,1
DA:1853,1
DA:1854,1
DA:1855,1
DA:1856,1
DA:1857,1
DA:1858,1
DA:1859,1
DA:1860,1
DA:1861,1
DA:1862,1
DA:1863,1
DA:1864,1
DA:1865,1
DA:1866,1
DA:1867,1
DA:1868,1
DA:1869,1
DA:1870,1
DA:1871,1
DA:1872,1
DA:1873,1
DA:1874,1
DA:1875,1
DA:1876,1
DA:1877,1
DA:1878,1
DA:1879,1
DA:1880,1
DA:1881,1
DA:1882,1
DA:1883,1
DA:1884,1
DA:1885,1
DA:1886,1
DA:1887,1
DA:1888,1
DA:1889,1
DA:1890,1
DA:1891,1
DA:1892,1
DA:1893,1
DA:1894,1
DA:1895,1
DA:1896,1
DA:1897,1
DA:1898,1
DA:1899,1
DA:1900,1
DA:1901,1
DA:1902,1
DA:1903,1
DA:1904,1
DA:1905,1
DA:1906,1
DA:1907,1
DA:1908,1
DA:1909,1
DA:1910,1
DA:1911,1
DA:1912,1
DA:1913,1
DA:1914,1
DA:1915,1
DA:1916,1
DA:1917,1
DA:1918,1
DA:1919,1
DA:1920,1
DA:1921,1
DA:1922,1
DA:1923,1
DA:1924,1
DA:1925,1
DA:1926,1
DA:1927,1
DA:1928,1
DA:1929,1
DA:1930,1
DA:1931,1
DA:1932,1
DA:1933,1
DA:1934,1
DA:1935,1
DA:1936,1
DA:1937,1
DA:1938,1
DA:1939,1
DA:1940,1
DA:1941,1
DA:1942,1
DA:1943,1
DA:1944,1
DA:1945,1
DA:1946,1
DA:1947,1
DA:1948,1
DA:1949,1
DA:1950,1
DA:1951,1
DA:1952,1
DA:1953,1
DA:1954,1
DA:1955,1
DA:1956,1
DA:1957,1
DA:1958,1
DA:1959,1
DA:1960,1
DA:1961,1
DA:1962,1
DA:1963,1
DA:1964,1
DA:1965,1
DA:1966,1
DA:1967,1
DA:1968,1
DA:1969,1
DA:1970,1
DA:1971,1
DA:1972,1
DA:1973,1
DA:1974,1
DA:1975,1
DA:1976,1
DA:1977,1
DA:1978,1
DA:1979,1
DA:1980,1
DA:1981,1
DA:1982,1
DA:1983,1
DA:1984,1
DA:1985,1
DA:1986,1
DA:1987,1
DA:1988,1
DA:1989,1
DA:1990,1
DA:1991,1
DA:1992,1
DA:1993,1
DA:1994,1
DA:1995,1
DA:1996,1
DA:1997,1
DA:1998,1
DA:1999,1
DA:2000,1
DA:2001,1
DA:2002,1
DA:2003,1
DA:2004,1
DA:2005,1
DA:2006,1
DA:2007,1
DA:2008,1
DA:2009,1
DA:2010,1
DA:2011,1
DA:2012,1
DA:2013,1
DA:2014,1
DA:2015,1
DA:2016,1
DA:2017,1
DA:2018,1
DA:2019,1
DA:2020,1
DA:2021,1
DA:2022,1
DA:2023,1
DA:2024,1
DA:2025,1
DA:2026,1
DA:2027,1
DA:2028,1
DA:2029,1
DA:2030,1
DA:2031,1
DA:2032,1
DA:2033,1
DA:2034,1
DA:2035,1
DA:2036,1
DA:2037,1
DA:2038,1
DA:2039,1
DA:2040,1
DA:2041,1
DA:2042,1
DA:2043,1
DA:2044,1
DA:2045,1
DA:2046,1
DA:2047,1
DA:2048,1
DA:2049,1
DA:2050,1
DA:2051,1
DA:2052,1
DA:2053,1
DA:2054,1
DA:2055,1
DA:2056,1
DA:2057,1
DA:2058,1
DA:2059,1
DA:2060,1
DA:2061,1
DA:2062,1
DA:2063,1
DA:2064,1
DA:2065,1
DA:2066,1
DA:2067,1
DA:2068,1
DA:2069,1
DA:2070,1
DA:2071,1
DA:2072,1
DA:2073,1
DA:2074,1
DA:2075,1
DA:2076,1
DA:2077,1
DA:2078,1
DA:2079,1
DA:2080,1
DA:2081,1
DA:2082,1
DA:2083,1
DA:2084,1
DA:2085,1
DA:2086,1
DA:2087,1
DA:2088,1
DA:2089,1
DA:2090,1
DA:2091,1
DA:2092,1
DA:2093,1
DA:2094,1
DA:2095,1
DA:2096,1
DA:2097,1
DA:2098,1
DA:2099,1
DA:2100,1
DA:2101,1
DA:2102,1
DA:2103,1
DA:2104,1
DA:2105,1
DA:2106,1
DA:2107,1
DA:2108,1
DA:2109,1
DA:2110,1
DA:2111,1
DA:2112,1
DA:2113,1
DA:2114,1
DA:2115,1
DA:2116,1
DA:2117,1
DA:2118,1
DA:2119,1
DA:2120,1
DA:2121,1
DA:2122,1
DA:2123,1
DA:2124,1
DA:2125,1
DA:2126,1
DA:2127,1
DA:2128,1
DA:2129,1
DA:2130,1
DA:2131,1
DA:2132,1
DA:2133,1
DA:2134,1
DA:2135,1
DA:2136,1
DA:2137,1
DA:2138,1
DA:2139,1
DA:2140,1
DA:2141,1
DA:2142,1
DA:2143,1
DA:2144,1
DA:2145,1
DA:2146,1
DA:2147,1
DA:2148,1
DA:2149,1
DA:2150,1
DA:2151,1
DA:2152,1
DA:2153,1
DA:2154,1
DA:2155,1
DA:2156,1
DA:2157,1
DA:2158,1
DA:2159,1
DA:2160,1
DA:2161,1
DA:2162,1
DA:2163,1
DA:2164,1
DA:2165,1
DA:2166,1
DA:2167,1
DA:2168,1
DA:2169,1
DA:2170,1
DA:2171,1
DA:2172,1
DA:2173,1
DA:2174,1
DA:2175,1
DA:2176,1
DA:2177,1
DA:2178,1
DA:2179,1
DA:2180,1
DA:2181,1
DA:2182,1
DA:2183,1
DA:2184,1
DA:2185,1
DA:2186,1
DA:2187,1
DA:2188,1
DA:2189,1
DA:2190,1
DA:2191,1
DA:2192,1
DA:2193,1
DA:2194,1
DA:2195,1
DA:2196,1
DA:2197,1
DA:2198,1
DA:2199,1
DA:2200,1
DA:2201,1
DA:2202,1
DA:2203,1
DA:2204,1
DA:2205,1
DA:2206,1
DA:2207,1
DA:2208,1
DA:2209,1
DA:2210,1
DA:2211,1
DA:2212,1
DA:2213,1
DA:2214,1
DA:2215,1
DA:2216,1
DA:2217,1
DA:2218,1
DA:2219,1
DA:2220,1
DA:2221,1
DA:2222,1
DA:2223,1
DA:2224,1
DA:2225,1
DA:2226,1
DA:2227,1
DA:2228,1
DA:2229,1
DA:2230,1
DA:2231,1
DA:2232,1
DA:2233,1
DA:2234,1
DA:2235,1
DA:2236,1
DA:2237,1
DA:2238,1
DA:2239,1
DA:2240,1
DA:2241,1
DA:2242,1
DA:2243,1
DA:2244,1
DA:2245,1
DA:2246,1
DA:2247,1
DA:2248,1
DA:2249,1
DA:2250,1
DA:2251,1
DA:2252,1
DA:2253,1
DA:2254,1
DA:2255,1
DA:2256,1
DA:2257,1
DA:2258,1
DA:2259,1
DA:2260,1
DA:2261,1
DA:2262,1
DA:2263,1
DA:2264,1
DA:2265,1
DA:2266,1
DA:2267,1
DA:2268,1
DA:2269,1
DA:2270,1
DA:2271,1
DA:2272,1
DA:2273,1
DA:2274,1
DA:2275,1
DA:2276,1
DA:2277,1
DA:2278,1
DA:2279,1
DA:2280,1
DA:2281,1
DA:2282,1
DA:2283,1
DA:2284,1
DA:2285,1
DA:2286,1
DA:2287,1
DA:2288,1
DA:2289,1
DA:2290,1
DA:2291,1
DA:2292,1
DA:2293,1
DA:2294,1
DA:2295,1
DA:2296,1
DA:2297,1
DA:2298,1
DA:2299,1
DA:2300,1
DA:2301,1
DA:2302,1
DA:2303,1
DA:2304,1
DA:2305,1
DA:2306,1
DA:2307,1
DA:2308,1
DA:2309,1
DA:2310,1
DA:2311,1
DA:2312,1
DA:2313,1
DA:2314,1
DA:2315,1
DA:2316,1
DA:2317,1
DA:2318,1
DA:2319,1
DA:2320,1
DA:2321,1
DA:2322,1
DA:2323,1
DA:2324,1
DA:2325,1
DA:2326,1
DA:2327,1
DA:2328,1
DA:2329,1
DA:2330,1
DA:2331,1
DA:2332,1
DA:2333,1
DA:2334,1
DA:2335,1
DA:2336,1
DA:2337,1
DA:2338,1
DA:2339,1
DA:2340,1
DA:2341,1
DA:2342,1
DA:2343,1
DA:2344,1
DA:2345,1
DA:2346,1
DA:2347,1
DA:2348,1
DA:2349,1
DA:2350,1
DA:2351,1
DA:2352,1
DA:2353,1
DA:2354,1
DA:2355,1
DA:2356,1
DA:2357,1
DA:2358,1
DA:2359,1
DA:2360,1
DA:2361,1
DA:2362,1
DA:2363,1
DA:2364,1
DA:2365,1
DA:2366,1
DA:2367,1
DA:2368,1
DA:2369,1
DA:2370,1
DA:2371,1
DA:2372,1
DA:2373,1
DA:2374,1
DA:2375,1
DA:2376,1
DA:2377,1
DA:2378,1
DA:2379,1
DA:2380,1
DA:2381,1
DA:2382,1
DA:2383,1
DA:2384,1
DA:2385,1
DA:2386,1
DA:2387,1
DA:2388,1
DA:2389,1
DA:2390,1
DA:2391,1
DA:2392,1
DA:2393,1
DA:2394,1
DA:2395,1
DA:2396,1
DA:2397,1
DA:2398,1
DA:2399,1
DA:2400,1
DA:2401,1
DA:2402,1
DA:2403,1
DA:2404,1
DA:2405,1
DA:2406,1
DA:2407,1
DA:2408,1
DA:2409,1
DA:2410,1
DA:2411,1
DA:2412,1
DA:2413,1
DA:2414,1
DA:2415,1
DA:2416,1
DA:2417,1
DA:2418,1
DA:2419,1
DA:2420,1
DA:2421,1
DA:2422,1
DA:2423,1
DA:2424,1
DA:2425,1
DA:2426,1
DA:2427,1
DA:2428,1
DA:2429,1
DA:2430,1
DA:2431,1
DA:2432,1
DA:2433,1
DA:2434,1
DA:2435,1
DA:2436,1
DA:2437,1
DA:2438,1
DA:2439,1
DA:2440,1
DA:2441,1
DA:2442,1
DA:2443,1
DA:2444,1
DA:2445,1
DA:2446,1
DA:2447,1
DA:2448,1
DA:2449,1
DA:2450,1
DA:2451,1
DA:2452,1
DA:2453,1
DA:2454,1
DA:2455,1
DA:2456,1
DA:2457,1
DA:2458,1
DA:2459,1
DA:2460,1
DA:2461,1
DA:2462,1
DA:2463,1
DA:2464,1
DA:2465,1
DA:2466,1
DA:2467,1
DA:2468,1
DA:2469,1
DA:2470,1
DA:2471,1
DA:2472,1
DA:2473,1
DA:2474,1
DA:2475,1
DA:2476,1
DA:2477,1
DA:2478,1
DA:2479,1
DA:2480,1
DA:2481,1
DA:2482,1
DA:2483,1
DA:2484,1
DA:2485,1
DA:2486,1
DA:2487,1
DA:2488,1
DA:2489,1
DA:2490,1
DA:2491,1
DA:2492,1
DA:2493,1
DA:2494,1
DA:2495,1
DA:2496,1
DA:2497,1
DA:2498,1
DA:2499,1
DA:2500,1
DA:2501,1
DA:2502,1
DA:2503,1
DA:2504,1
DA:2505,1
DA:2506,1
DA:2507,1
DA:2508,1
DA:2509,1
DA:2510,1
DA:2511,1
DA:2512,1
DA:2513,1
DA:2514,1
DA:2515,1
DA:2516,1
DA:2517,1
DA:2518,1
DA:2519,1
DA:2520,1
DA:2521,1
DA:2522,1
DA:2523,1
DA:2524,1
DA:2525,1
DA:2526,1
DA:2527,1
DA:2528,1
DA:2529,1
DA:2530,1
DA:2531,1
DA:2532,1
DA:2533,1
DA:2534,1
DA:2535,1
DA:2536,1
DA:2537,1
DA:2538,1
DA:2539,1
DA:2540,1
DA:2541,1
DA:2542,1
DA:2543,1
DA:2544,1
DA:2545,1
DA:2546,1
DA:2547,1
DA:2548,1
DA:2549,1
DA:2550,1
DA:2551,1
DA:2552,1
DA:2553,1
DA:2554,1
DA:2555,1
DA:2556,1
DA:2557,1
DA:2558,1
DA:2559,1
DA:2560,1
DA:2561,1
DA:2562,1
DA:2563,1
DA:2564,1
DA:2565,1
DA:2566,1
DA:2567,1
DA:2568,1
DA:2569,1
DA:2570,1
DA:2571,1
DA:2572,1
DA:2573,1
DA:2574,1
DA:2575,1
DA:2576,1
DA:2577,1
DA:2578,1
DA:2579,1
DA:2580,1
DA:2581,1
DA:2582,1
DA:2583,1
DA:2584,1
DA:2585,1
DA:2586,1
DA:2587,1
DA:2588,1
DA:2589,1
DA:2590,1
DA:2591,1
DA:2592,1
DA:2593,1
DA:2594,1
DA:2595,1
DA:2596,1
DA:2597,1
DA:2598,1
DA:2599,1
DA:2600,1
DA:2601,1
DA:2602,1
DA:2603,1
DA:2604,1
DA:2605,1
DA:2606,1
DA:2607,1
DA:2608,1
DA:2609,1
DA:2610,1
DA:2611,1
DA:2612,1
DA:2613,1
DA:2614,1
DA:2615,1
DA:2616,1
DA:2617,1
DA:2618,1
DA:2619,1
DA:2620,1
DA:2621,1
DA:2622,1
DA:2623,1
DA:2624,1
DA:2625,1
DA:2626,1
DA:2627,1
DA:2628,1
DA:2629,1
DA:2630,1
DA:2631,1
DA:2632,1
DA:2633,1
DA:2634,1
DA:2635,1
DA:2636,1
DA:2637,1
DA:2638,1
DA:2639,1
DA:2640,1
DA:2641,1
DA:2642,1
DA:2643,1
DA:2644,1
DA:2645,1
DA:2646,1
DA:2647,1
DA:2648,1
DA:2649,1
DA:2650,1
DA:2651,1
DA:2652,1
DA:2653,1
DA:2654,1
DA:2655,1
DA:2656,1
DA:2657,1
DA:2658,1
DA:2659,1
DA:2660,1
DA:2661,1
DA:2662,1
DA:2663,1
DA:2664,1
DA:2665,1
DA:2666,1
DA:2667,1
DA:2668,1
DA:2669,1
DA:2670,1
DA:2671,1
DA:2672,1
DA:2673,1
DA:2674,1
DA:2675,1
DA:2676,1
DA:2677,1
DA:2678,1
DA:2679,1
DA:2680,1
DA:2681,1
DA:2682,1
DA:2683,1
DA:2684,1
DA:2685,1
DA:2686,1
DA:2687,1
DA:2688,1
DA:2689,1
DA:2690,1
DA:2691,1
DA:2692,1
DA:2693,1
DA:2694,1
DA:2695,1
DA:2696,1
DA:2697,1
DA:2698,1
DA:2699,1
DA:2700,1
DA:2701,1
DA:2702,1
DA:2703,1
DA:2704,1
DA:2705,1
DA:2706,1
DA:2707,1
DA:2708,1
DA:2709,1
DA:2710,1
DA:2711,1
DA:2712,1
DA:2713,1
DA:2714,1
DA:2715,1
DA:2716,1
DA:2717,1
DA:2718,1
DA:2719,1
DA:2720,1
DA:2721,1
DA:2722,1
DA:2723,1
DA:2724,1
DA:2725,1
DA:2726,1
DA:2727,1
DA:2728,1
DA:2729,1
DA:2730,1
DA:2731,1
DA:2732,1
DA:2733,1
DA:2734,1
DA:2735,1
DA:2736,1
DA:2737,1
DA:2738,1
DA:2739,1
DA:2740,1
DA:2741,1
DA:2742,1
DA:2743,1
DA:2744,1
DA:2745,1
DA:2746,1
DA:2747,1
DA:2748,1
DA:2749,1
DA:2750,1
DA:2751,1
DA:2752,1
DA:2753,1
DA:2754,1
DA:2755,1
DA:2756,1
DA:2757,1
DA:2758,1
DA:2759,1
DA:2760,1
DA:2761,1
DA:2762,1
DA:2763,1
DA:2764,1
DA:2765,1
DA:2766,1
DA:2767,1
DA:2768,1
DA:2769,1
DA:2770,1
DA:2771,1
DA:2772,1
DA:2773,1
DA:2774,1
DA:2775,1
DA:2776,1
DA:2777,1
DA:2778,1
DA:2779,1
DA:2780,1
DA:2781,1
DA:2782,1
DA:2783,1
DA:2784,1
DA:2785,1
DA:2786,1
DA:2787,1
DA:2788,1
DA:2789,1
DA:2790,1
DA:2791,1
DA:2792,1
DA:2793,1
DA:2794,1
DA:2795,1
DA:2796,1
DA:2797,1
DA:2798,1
DA:2799,1
DA:2800,1
DA:2801,1
DA:2802,1
DA:2803,1
DA:2804,1
DA:2805,1
DA:2806,1
DA:2807,1
DA:2808,1
DA:2809,1
DA:2810,1
DA:2811,1
DA:2812,1
DA:2813,1
DA:2814,1
DA:2815,1
DA:2816,1
DA:2817,1
DA:2818,1
DA:2819,1
DA:2820,1
DA:2821,1
DA:2822,1
DA:2823,1
DA:2824,1
DA:2825,1
DA:2826,1
DA:2827,1
DA:2828,1
DA:2829,1
DA:2830,1
DA:2831,1
DA:2832,1
DA:2833,1
DA:2834,1
DA:2835,1
DA:2836,1
DA:2837,1
DA:2838,1
DA:2839,1
DA:2840,1
DA:2841,1
DA:2842,1
DA:2843,1
DA:2844,1
DA:2845,1
DA:2846,1
DA:2847,1
DA:2848,1
DA:2849,1
DA:2850,1
DA:2851,1
DA:2852,1
DA:2853,1
DA:2854,1
DA:2855,1
DA:2856,1
DA:2857,1
DA:2858,1
DA:2859,1
DA:2860,1
DA:2861,1
DA:2862,1
DA:2863,1
DA:2864,1
DA:2865,1
DA:2866,1
DA:2867,1
DA:2868,1
DA:2869,1
DA:2870,1
DA:2871,1
DA:2872,1
DA:2873,1
DA:2874,1
DA:2875,1
DA:2876,1
DA:2877,1
DA:2878,1
DA:2879,1
DA:2880,1
DA:2881,1
DA:2882,1
DA:2883,1
DA:2884,1
DA:2885,1
DA:2886,1
DA:2887,1
DA:2888,1
DA:2889,1
DA:2890,1
DA:2891,1
DA:2892,1
DA:2893,1
DA:2894,1
DA:2895,1
DA:2896,1
DA:2897,1
DA:2898,1
DA:2899,1
DA:2900,1
DA:2901,1
DA:2902,1
DA:2903,1
DA:2904,1
DA:2905,1
DA:2906,1
DA:2907,1
DA:2908,1
DA:2909,1
DA:2910,1
DA:2911,1
DA:2912,1
DA:2913,1
DA:2914,1
DA:2915,1
DA:2916,1
DA:2917,1
DA:2918,1
DA:2919,1
DA:2920,1
DA:2921,1
DA:2922,1
DA:2923,1
DA:2924,1
DA:2925,1
DA:2926,1
DA:2927,1
DA:2928,1
DA:2929,1
DA:2930,1
DA:2931,1
DA:2932,1
DA:2933,1
DA:2934,1
DA:2935,1
DA:2936,1
DA:2937,1
DA:2938,1
DA:2939,1
DA:2940,1
DA:2941,1
DA:2942,1
DA:2943,1
DA:2944,1
DA:2945,1
DA:2946,1
DA:2947,1
DA:2948,1
DA:2949,1
DA:2950,1
DA:2951,1
DA:2952,1
DA:2953,1
DA:2954,1
DA:2955,1
DA:2956,1
DA:2957,1
DA:2958,1
DA:2959,1
DA:2960,1
DA:2961,1
DA:2962,1
DA:2963,1
DA:2964,1
DA:2965,1
DA:2966,1
DA:2967,1
DA:2968,1
DA:2969,1
DA:2970,1
DA:2971,1
DA:2972,1
DA:2973,1
DA:2974,1
DA:2975,1
DA:2976,1
DA:2977,1
DA:2978,1
DA:2979,1
DA:2980,1
DA:2981,1
DA:2982,1
DA:2983,1
DA:2984,1
DA:2985,1
DA:2986,1
DA:2987,1
DA:2988,1
DA:2989,1
DA:2990,1
DA:2991,1
DA:2992,1
DA:2993,1
DA:2994,1
DA:2995,1
DA:2996,1
DA:2997,1
DA:2998,1
DA:2999,1
DA:3000,1
DA:3001,1
DA:3002,1
DA:3003,1
DA:3004,1
DA:3005,1
DA:3006,1
DA:3007,1
DA:3008,1
DA:3009,1
DA:3010,1
DA:3011,1
DA:3012,1
DA:3013,1
DA:3014,1
DA:3015,1
DA:3016,1
DA:3017,1
DA:3018,1
DA:3019,1
DA:3020,1
DA:3021,1
DA:3022,1
DA:3023,1
DA:3024,1
DA:3025,1
DA:3026,1
DA:3027,1
DA:3028,1
DA:3029,1
DA:3030,1
DA:3031,1
DA:3032,1
DA:3033,1
DA:3034,1
DA:3035,1
DA:3036,1
DA:3037,1
DA:3038,1
DA:3039,1
DA:3040,1
DA:3041,1
DA:3042,1
DA:3043,1
DA:3044,1
DA:3045,1
DA:3046,1
DA:3047,1
DA:3048,1
DA:3049,1
DA:3050,1
DA:3051,1
DA:3052,1
DA:3053,1
DA:3054,1
DA:3055,1
DA:3056,1
DA:3057,1
DA:3058,1
DA:3059,1
DA:3060,1
DA:3061,1
DA:3062,1
DA:3063,1
DA:3064,1
DA:3065,1
DA:3066,1
DA:3067,1
DA:3068,1
DA:3069,1
DA:3070,1
DA:3071,1
DA:3072,1
DA:3073,1
DA:3074,1
DA:3075,1
DA:3076,1
DA:3077,1
DA:3078,1
DA:3079,1
DA:3080,1
DA:3081,1
DA:3082,1
DA:3083,1
DA:3084,1
DA:3085,1
DA:3086,1
DA:3087,1
DA:3088,1
DA:3089,1
DA:3090,1
DA:3091,1
DA:3092,1
DA:3093,1
DA:3094,1
DA:3095,1
DA:3096,1
DA:3097,1
DA:3098,1
DA:3099,1
DA:3100,1
DA:3101,1
DA:3102,1
DA:3103,1
DA:3104,1
DA:3105,1
DA:3106,1
DA:3107,1
DA:3108,1
DA:3109,1
DA:3110,1
DA:3111,1
DA:3112,1
DA:3113,1
DA:3114,1
DA:3115,1
DA:3116,1
DA:3117,1
DA:3118,1
DA:3119,1
DA:3120,1
DA:3121,1
DA:3122,1
DA:3123,1
DA:3124,1
DA:3125,1
DA:3126,1
DA:3127,1
DA:3128,1
DA:3129,1
DA:3130,1
DA:3131,1
DA:3132,1
DA:3133,1
DA:3134,1
DA:3135,1
DA:3136,1
DA:3137,1
DA:3138,1
DA:3139,1
DA:3140,1
DA:3141,1
DA:3142,1
DA:3143,1
DA:3144,1
DA:3145,1
DA:3146,1
DA:3147,1
DA:3148,1
DA:3149,1
DA:3150,1
DA:3151,1
DA:3152,1
DA:3153,1
DA:3154,1
DA:3155,1
DA:3156,1
DA:3157,1
DA:3158,1
DA:3159,1
DA:3160,1
DA:3161,1
DA:3162,1
DA:3163,1
DA:3164,1
DA:3165,1
DA:3166,1
DA:3167,1
DA:3168,1
DA:3169,1
DA:3170,1
DA:3171,1
DA:3172,1
DA:3173,1
DA:3174,1
DA:3175,1
DA:3176,1
DA:3177,1
DA:3178,1
DA:3179,1
DA:3180,1
DA:3181,1
DA:3182,1
DA:3183,1
DA:3184,1
DA:3185,1
DA:3186,1
DA:3187,1
DA:3188,1
DA:3189,1
DA:3190,1
DA:3191,1
DA:3192,1
DA:3193,1
DA:3194,1
DA:3195,1
DA:3196,1
DA:3197,1
DA:3198,1
DA:3199,1
DA:3200,1
DA:3201,1
DA:3202,1
DA:3203,1
DA:3204,1
DA:3205,1
DA:3206,1
DA:3207,1
DA:3208,1
DA:3209,1
DA:3210,1
DA:3211,1
DA:3212,1
DA:3213,1
DA:3214,1
DA:3215,1
DA:3216,1
DA:3217,1
DA:3218,1
DA:3219,1
DA:3220,1
DA:3221,1
DA:3222,1
DA:3223,1
DA:3224,1
DA:3225,1
DA:3226,1
DA:3227,1
DA:3228,1
DA:3229,1
DA:3230,1
DA:3231,1
DA:3232,1
DA:3233,1
DA:3234,1
DA:3235,1
DA:3236,1
DA:3237,1
DA:3238,1
DA:3239,1
DA:3240,1
DA:3241,1
DA:3242,1
DA:3243,1
DA:3244,1
DA:3245,1
DA:3246,1
DA:3247,1
DA:3248,1
DA:3249,1
DA:3250,1
DA:3251,1
DA:3252,1
DA:3253,1
DA:3254,1
DA:3255,1
DA:3256,1
DA:3257,1
DA:3258,1
DA:3259,1
DA:3260,1
DA:3261,1
DA:3262,1
DA:3263,1
DA:3264,1
DA:3265,1
DA:3266,1
DA:3267,1
DA:3268,1
DA:3269,1
DA:3270,1
DA:3271,1
DA:3272,1
DA:3273,1
DA:3274,1
DA:3275,1
DA:3276,1
DA:3277,1
DA:3278,1
DA:3279,1
DA:3280,1
DA:3281,1
DA:3282,1
DA:3283,1
DA:3284,1
DA:3285,1
DA:3286,1
DA:3287,1
DA:3288,1
DA:3289,1
DA:3290,1
DA:3291,1
DA:3292,1
DA:3293,1
DA:3294,1
DA:3295,1
DA:3296,1
DA:3297,1
DA:3298,1
DA:3299,1
DA:3300,1
DA:3301,1
DA:3302,1
DA:3303,1
DA:3304,1
DA:3305,1
DA:3306,1
DA:3307,1
DA:3308,1
DA:3309,1
DA:3310,1
DA:3311,1
DA:3312,1
DA:3313,1
DA:3314,1
DA:3315,1
DA:3316,1
DA:3317,1
DA:3318,1
DA:3319,1
DA:3320,1
DA:3321,1
DA:3322,1
DA:3323,1
DA:3324,1
DA:3325,1
DA:3326,1
DA:3327,1
DA:3328,1
DA:3329,1
DA:3330,1
DA:3331,1
DA:3332,1
DA:3333,1
DA:3334,1
DA:3335,1
DA:3336,1
DA:3337,1
DA:3338,1
DA:3339,1
DA:3340,1
DA:3341,1
DA:3342,1
DA:3343,1
DA:3344,1
DA:3345,1
DA:3346,1
DA:3347,1
DA:3348,1
DA:3349,1
DA:3350,1
DA:3351,1
DA:3352,1
DA:3353,1
DA:3354,1
DA:3355,1
DA:3356,1
DA:3357,1
DA:3358,1
DA:3359,1
DA:3360,1
DA:3361,1
DA:3362,1
DA:3363,1
DA:3364,1
DA:3365,1
DA:3366,1
DA:3367,1
DA:3368,1
DA:3369,1
DA:3370,1
DA:3371,1
DA:3372,1
DA:3373,1
DA:3374,1
DA:3375,1
DA:3376,1
DA:3377,1
DA:3378,1
DA:3379,1
DA:3380,1
DA:3381,1
DA:3382,1
DA:3383,1
DA:3384,1
DA:3385,1
DA:3386,1
DA:3387,1
DA:3388,1
DA:3389,1
DA:3390,1
DA:3391,1
DA:3392,1
DA:3393,1
DA:3394,1
DA:3395,1
DA:3396,1
DA:3397,1
DA:3398,1
DA:3399,1
DA:3400,1
DA:3401,1
DA:3402,1
DA:3403,1
DA:3404,1
DA:3405,1
DA:3406,1
DA:3407,1
DA:3408,1
DA:3409,1
DA:3410,1
DA:3411,1
DA:3412,1
DA:3413,1
DA:3414,1
DA:3415,1
DA:3416,1
DA:3417,1
DA:3418,1
DA:3419,1
DA:3420,1
DA:3421,1
DA:3422,1
DA:3423,1
DA:3424,1
DA:3425,1
DA:3426,1
DA:3427,1
DA:3428,1
DA:3429,1
DA:3430,1
DA:3431,1
DA:3432,1
DA:3433,1
DA:3434,1
DA:3435,1
DA:3436,1
DA:3437,1
DA:3438,1
DA:3439,1
DA:3440,1
DA:3441,1
DA:3442,1
DA:3443,1
DA:3444,1
DA:3445,1
DA:3446,1
DA:3447,1
DA:3448,1
DA:3449,1
DA:3450,1
DA:3451,1
DA:3452,1
DA:3453,1
DA:3454,1
DA:3455,1
DA:3456,1
DA:3457,1
DA:3458,1
DA:3459,1
DA:3460,1
DA:3461,1
DA:3462,1
DA:3463,1
DA:3464,1
DA:3465,1
DA:3466,1
DA:3467,1
DA:3468,1
DA:3469,1
DA:3470,1
DA:3471,1
DA:3472,1
DA:3473,1
DA:3474,1
DA:3475,1
DA:3476,1
DA:3477,1
DA:3478,1
DA:3479,1
DA:3480,1
DA:3481,1
DA:3482,1
DA:3483,1
DA:3484,1
DA:3485,1
DA:3486,1
DA:3487,1
DA:3488,1
DA:3489,1
DA:3490,1
DA:3491,1
DA:3492,1
DA:3493,9
DA:3494,9
DA:3495,87
DA:3496,87
DA:3497,87
DA:3498,87
DA:3499,9
DA:3500,9
DA:3501,1
DA:3502,1
DA:3534,1
DA:3535,1
DA:3536,1
DA:3537,1
DA:3538,1
DA:3539,1
DA:3540,1
DA:3541,87
DA:3542,87
DA:3543,87
DA:3544,87
DA:3545,87
DA:3546,87
DA:3547,87
DA:3548,87
DA:3549,87
DA:3550,87
DA:3551,87
DA:3552,87
DA:3553,87
DA:3569,87
LH:3559
LF:3569
end_of_record
